#
# There is insufficient memory for the Java Runtime Environment to continue.
# Native memory allocation (malloc) failed to allocate 1091376 bytes for Chunk::new
# Possible reasons:
#   The system is out of physical RAM or swap space
#   The process is running with CompressedOops enabled, and the Java Heap may be blocking the growth of the native heap
# Possible solutions:
#   Reduce memory load on the system
#   Increase physical memory or swap space
#   Check if swap backing store is full
#   Decrease Java heap size (-Xmx/-Xms)
#   Decrease number of Java threads
#   Decrease Java thread stack sizes (-Xss)
#   Set larger code cache with -XX:ReservedCodeCacheSize=
#   JVM is running with Unscaled Compressed Oops mode in which the Java heap is
#     placed in the first 4GB address space. The Java Heap base address is the
#     maximum limit for the native heap growth. Please use -XX:HeapBaseMinAddress
#     to set the Java Heap base and to place the Java Heap above 4GB virtual address.
# This output file may be truncated or incomplete.
#
#  Out of Memory Error (./src/hotspot/share/memory/arena.cpp:197), pid=8392, tid=26852
#
# JRE version: OpenJDK Runtime Environment (11.0.13) (build 11.0.13+0-b1751.21-8125866)
# Java VM: OpenJDK 64-Bit Server VM (11.0.13+0-b1751.21-8125866, mixed mode, tiered, compressed oops, g1 gc, windows-amd64)
# No core dump will be written. Minidumps are not enabled by default on client versions of Windows
#

---------------  S U M M A R Y ------------

Command Line: --add-opens=java.base/java.util=ALL-UNNAMED --add-opens=java.base/java.lang=ALL-UNNAMED --add-opens=java.base/java.lang.invoke=ALL-UNNAMED --add-opens=java.base/java.util=ALL-UNNAMED --add-opens=java.prefs/java.util.prefs=ALL-UNNAMED --add-opens=java.prefs/java.util.prefs=ALL-UNNAMED --add-opens=java.base/java.nio.charset=ALL-UNNAMED --add-opens=java.base/java.net=ALL-UNNAMED --add-opens=java.base/java.util.concurrent.atomic=ALL-UNNAMED -Xmx1536M -Dfile.encoding=windows-1252 -Duser.country=US -Duser.language=en -Duser.variant org.gradle.launcher.daemon.bootstrap.GradleDaemon 7.4

Host: AMD Ryzen 5 5600H with Radeon Graphics         , 12 cores, 5G,  Windows 11 , 64 bit Build 22621 (10.0.22621.2361)
Time: Tue Oct 10 15:57:15 2023 India Standard Time elapsed time: 3.745661 seconds (0d 0h 0m 3s)

---------------  T H R E A D  ---------------

Current thread (0x000001eafef3f800):  JavaThread "C2 CompilerThread0" daemon [_thread_in_native, id=26852, stack(0x0000002f4ff00000,0x0000002f50000000)]


Current CompileTask:
C2:   3745 1999       4       java.net.URLClassLoader$1::run (5 bytes)

Stack: [0x0000002f4ff00000,0x0000002f50000000]
Native frames: (J=compiled Java code, j=interpreted, Vv=VM code, C=native code)
V  [jvm.dll+0x6100fa]
V  [jvm.dll+0x747090]
V  [jvm.dll+0x7486ad]
V  [jvm.dll+0x748d83]
V  [jvm.dll+0x24ab48]
V  [jvm.dll+0xc04dc]
V  [jvm.dll+0xc0a0c]
V  [jvm.dll+0x35eb5b]
V  [jvm.dll+0x19d7bc]
V  [jvm.dll+0x2033be]
V  [jvm.dll+0x202437]
V  [jvm.dll+0x188e01]
V  [jvm.dll+0x21106b]
V  [jvm.dll+0x20f8c1]
V  [jvm.dll+0x70de0f]
V  [jvm.dll+0x706a75]
V  [jvm.dll+0x60ed66]
C  [ucrtbase.dll+0x29363]
C  [KERNEL32.DLL+0x1257d]
C  [ntdll.dll+0x5aa78]


---------------  P R O C E S S  ---------------

Threads class SMR info:
_java_thread_list=0x000001ea838acc40, length=23, elements={
0x000001eae792f000, 0x000001eafef1a000, 0x000001eafef26000, 0x000001eafef3b000,
0x000001eafef3b800, 0x000001eafef3e800, 0x000001eafef3f800, 0x000001eafef4d000,
0x000001eafef58800, 0x000001eaffa00800, 0x000001ea82fe3000, 0x000001ea83963800,
0x000001ea82a54000, 0x000001ea82d10800, 0x000001ea832de800, 0x000001ea83b71800,
0x000001ea837c5000, 0x000001ea8325c800, 0x000001ea8325d800, 0x000001ea837bd000,
0x000001ea837c1000, 0x000001ea837c2800, 0x000001ea837c1800
}

Java Threads: ( => current thread )
  0x000001eae792f000 JavaThread "main" [_thread_blocked, id=17032, stack(0x0000002f4f300000,0x0000002f4f400000)]
  0x000001eafef1a000 JavaThread "Reference Handler" daemon [_thread_blocked, id=29496, stack(0x0000002f4fa00000,0x0000002f4fb00000)]
  0x000001eafef26000 JavaThread "Finalizer" daemon [_thread_blocked, id=29572, stack(0x0000002f4fb00000,0x0000002f4fc00000)]
  0x000001eafef3b000 JavaThread "Signal Dispatcher" daemon [_thread_blocked, id=26960, stack(0x0000002f4fc00000,0x0000002f4fd00000)]
  0x000001eafef3b800 JavaThread "Attach Listener" daemon [_thread_blocked, id=23060, stack(0x0000002f4fd00000,0x0000002f4fe00000)]
  0x000001eafef3e800 JavaThread "Service Thread" daemon [_thread_blocked, id=25204, stack(0x0000002f4fe00000,0x0000002f4ff00000)]
=>0x000001eafef3f800 JavaThread "C2 CompilerThread0" daemon [_thread_in_native, id=26852, stack(0x0000002f4ff00000,0x0000002f50000000)]
  0x000001eafef4d000 JavaThread "C1 CompilerThread0" daemon [_thread_blocked, id=13852, stack(0x0000002f50000000,0x0000002f50100000)]
  0x000001eafef58800 JavaThread "Sweeper thread" daemon [_thread_blocked, id=5652, stack(0x0000002f50100000,0x0000002f50200000)]
  0x000001eaffa00800 JavaThread "Common-Cleaner" daemon [_thread_blocked, id=11556, stack(0x0000002f50200000,0x0000002f50300000)]
  0x000001ea82fe3000 JavaThread "Daemon health stats" [_thread_blocked, id=29680, stack(0x0000002f50500000,0x0000002f50600000)]
  0x000001ea83963800 JavaThread "Incoming local TCP Connector on port 51612" [_thread_in_native, id=28968, stack(0x0000002f50600000,0x0000002f50700000)]
  0x000001ea82a54000 JavaThread "Daemon periodic checks" [_thread_blocked, id=11872, stack(0x0000002f50700000,0x0000002f50800000)]
  0x000001ea82d10800 JavaThread "Daemon" [_thread_blocked, id=27596, stack(0x0000002f50800000,0x0000002f50900000)]
  0x000001ea832de800 JavaThread "Handler for socket connection from /127.0.0.1:51612 to /127.0.0.1:51613" [_thread_in_native, id=28920, stack(0x0000002f50900000,0x0000002f50a00000)]
  0x000001ea83b71800 JavaThread "Cancel handler" [_thread_blocked, id=17940, stack(0x0000002f50a00000,0x0000002f50b00000)]
  0x000001ea837c5000 JavaThread "Daemon worker" [_thread_blocked, id=11012, stack(0x0000002f50b00000,0x0000002f50c00000)]
  0x000001ea8325c800 JavaThread "Asynchronous log dispatcher for DefaultDaemonConnection: socket connection from /127.0.0.1:51612 to /127.0.0.1:51613" [_thread_blocked, id=9868, stack(0x0000002f50c00000,0x0000002f50d00000)]
  0x000001ea8325d800 JavaThread "Stdin handler" [_thread_blocked, id=29064, stack(0x0000002f50d00000,0x0000002f50e00000)]
  0x000001ea837bd000 JavaThread "Daemon client event forwarder" [_thread_blocked, id=15040, stack(0x0000002f50e00000,0x0000002f50f00000)]
  0x000001ea837c1000 JavaThread "Cache worker for journal cache (C:\Users\PC\.gradle\caches\journal-1)" [_thread_blocked, id=26500, stack(0x0000002f50f00000,0x0000002f51000000)]
  0x000001ea837c2800 JavaThread "File lock request listener" [_thread_in_native, id=2296, stack(0x0000002f51000000,0x0000002f51100000)]
  0x000001ea837c1800 JavaThread "Cache worker for file hash cache (C:\Users\PC\.gradle\caches\7.4\fileHashes)" [_thread_blocked, id=28104, stack(0x0000002f51100000,0x0000002f51200000)]

Other Threads:
  0x000001eafeef7000 VMThread "VM Thread" [stack: 0x0000002f4f900000,0x0000002f4fa00000] [id=28068]
  0x000001eaffa36800 WatcherThread [stack: 0x0000002f50300000,0x0000002f50400000] [id=3180]
  0x000001eae7948000 GCTaskThread "GC Thread#0" [stack: 0x0000002f4f400000,0x0000002f4f500000] [id=24248]
  0x000001ea82c37800 GCTaskThread "GC Thread#1" [stack: 0x0000002f50400000,0x0000002f50500000] [id=24040]
  0x000001ea835d2800 GCTaskThread "GC Thread#2" [stack: 0x0000002f51200000,0x0000002f51300000] [id=30380]
  0x000001ea838e3800 GCTaskThread "GC Thread#3" [stack: 0x0000002f51300000,0x0000002f51400000] [id=14052]
  0x000001ea836f9800 GCTaskThread "GC Thread#4" [stack: 0x0000002f51400000,0x0000002f51500000] [id=8784]
  0x000001ea836fa000 GCTaskThread "GC Thread#5" [stack: 0x0000002f51500000,0x0000002f51600000] [id=26076]
  0x000001ea8475b800 GCTaskThread "GC Thread#6" [stack: 0x0000002f51600000,0x0000002f51700000] [id=15852]
  0x000001ea8475c000 GCTaskThread "GC Thread#7" [stack: 0x0000002f51700000,0x0000002f51800000] [id=6772]
  0x000001ea836cb000 GCTaskThread "GC Thread#8" [stack: 0x0000002f51800000,0x0000002f51900000] [id=25596]
  0x000001ea836cb800 GCTaskThread "GC Thread#9" [stack: 0x0000002f51900000,0x0000002f51a00000] [id=15528]
  0x000001eae7970800 ConcurrentGCThread "G1 Main Marker" [stack: 0x0000002f4f500000,0x0000002f4f600000] [id=24452]
  0x000001eae7971800 ConcurrentGCThread "G1 Conc#0" [stack: 0x0000002f4f600000,0x0000002f4f700000] [id=25552]
  0x000001ea835e6000 ConcurrentGCThread "G1 Conc#1" [stack: 0x0000002f51a00000,0x0000002f51b00000] [id=11924]
  0x000001ea835e6800 ConcurrentGCThread "G1 Conc#2" [stack: 0x0000002f51b00000,0x0000002f51c00000] [id=5984]
  0x000001eafed70800 ConcurrentGCThread "G1 Refine#0" [stack: 0x0000002f4f700000,0x0000002f4f800000] [id=11708]
  0x000001eafed71800 ConcurrentGCThread "G1 Young RemSet Sampling" [stack: 0x0000002f4f800000,0x0000002f4f900000] [id=24756]

Threads with active compile tasks:
C2 CompilerThread0   3792 1999       4       java.net.URLClassLoader$1::run (5 bytes)

VM state:at safepoint (normal execution)

VM Mutex/Monitor currently owned by a thread:  ([mutex/lock_event])
[0x000001eae792bf90] Threads_lock - owner thread: 0x000001eafeef7000
[0x000001eae792c530] Heap_lock - owner thread: 0x000001ea837c5000

Heap address: 0x00000000a0000000, size: 1536 MB, Compressed Oops mode: 32-bit
Narrow klass base: 0x0000000000000000, Narrow klass shift: 3
Compressed class space size: 1073741824 Address: 0x0000000100000000

Heap:
 garbage-first heap   total 96256K, used 18569K [0x00000000a0000000, 0x0000000100000000)
  region size 1024K, 4 young (4096K), 4 survivors (4096K)
 Metaspace       used 24443K, capacity 24961K, committed 25008K, reserved 1079296K
  class space    used 3088K, capacity 3287K, committed 3328K, reserved 1048576K
Heap Regions: E=young(eden), S=young(survivor), O=old, HS=humongous(starts), HC=humongous(continues), CS=collection set, F=free, A=archive, TAMS=top-at-mark-start (previous, next)
|   0|0x00000000a0000000, 0x00000000a0100000, 0x00000000a0100000|100%| O|  |TAMS 0x00000000a0100000, 0x00000000a0100000| Untracked 
|   1|0x00000000a0100000, 0x00000000a0200000, 0x00000000a0200000|100%| O|  |TAMS 0x00000000a0200000, 0x00000000a0200000| Untracked 
|   2|0x00000000a0200000, 0x00000000a0300000, 0x00000000a0300000|100%| O|  |TAMS 0x00000000a0300000, 0x00000000a0300000| Untracked 
|   3|0x00000000a0300000, 0x00000000a0400000, 0x00000000a0400000|100%|HS|  |TAMS 0x00000000a0400000, 0x00000000a0400000| Complete 
|   4|0x00000000a0400000, 0x00000000a0500000, 0x00000000a0500000|100%|HC|  |TAMS 0x00000000a0500000, 0x00000000a0500000| Complete 
|   5|0x00000000a0500000, 0x00000000a0600000, 0x00000000a0600000|100%|HC|  |TAMS 0x00000000a0600000, 0x00000000a0600000| Complete 
|   6|0x00000000a0600000, 0x00000000a0700000, 0x00000000a0700000|100%| O|  |TAMS 0x00000000a0700000, 0x00000000a0700000| Untracked 
|   7|0x00000000a0700000, 0x00000000a0800000, 0x00000000a0800000|100%| O|  |TAMS 0x00000000a0800000, 0x00000000a0800000| Untracked 
|   8|0x00000000a0800000, 0x00000000a0900000, 0x00000000a0900000|100%| O|  |TAMS 0x00000000a0900000, 0x00000000a0900000| Untracked 
|   9|0x00000000a0900000, 0x00000000a0a00000, 0x00000000a0a00000|100%| O|  |TAMS 0x00000000a0a00000, 0x00000000a0a00000| Untracked 
|  10|0x00000000a0a00000, 0x00000000a0b00000, 0x00000000a0b00000|100%| O|  |TAMS 0x00000000a0b00000, 0x00000000a0b00000| Untracked 
|  11|0x00000000a0b00000, 0x00000000a0c00000, 0x00000000a0c00000|100%| O|  |TAMS 0x00000000a0c00000, 0x00000000a0c00000| Untracked 
|  12|0x00000000a0c00000, 0x00000000a0d00000, 0x00000000a0d00000|100%| O|  |TAMS 0x00000000a0d00000, 0x00000000a0d00000| Untracked 
|  13|0x00000000a0d00000, 0x00000000a0e00000, 0x00000000a0e00000|100%| O|  |TAMS 0x00000000a0e00000, 0x00000000a0e00000| Untracked 
|  14|0x00000000a0e00000, 0x00000000a0ea2e00, 0x00000000a0f00000| 63%| O|  |TAMS 0x00000000a0ea2e00, 0x00000000a0ea2e00| Untracked 
|  15|0x00000000a0f00000, 0x00000000a0f00000, 0x00000000a1000000|  0%| F|  |TAMS 0x00000000a0f00000, 0x00000000a0f00000| Untracked 
|  16|0x00000000a1000000, 0x00000000a1000000, 0x00000000a1100000|  0%| F|  |TAMS 0x00000000a1000000, 0x00000000a1000000| Untracked 
|  17|0x00000000a1100000, 0x00000000a1100000, 0x00000000a1200000|  0%| F|  |TAMS 0x00000000a1100000, 0x00000000a1100000| Untracked 
|  18|0x00000000a1200000, 0x00000000a1200000, 0x00000000a1300000|  0%| F|  |TAMS 0x00000000a1200000, 0x00000000a1200000| Untracked 
|  19|0x00000000a1300000, 0x00000000a1300000, 0x00000000a1400000|  0%| F|  |TAMS 0x00000000a1300000, 0x00000000a1300000| Untracked 
|  20|0x00000000a1400000, 0x00000000a1400000, 0x00000000a1500000|  0%| F|  |TAMS 0x00000000a1400000, 0x00000000a1400000| Untracked 
|  21|0x00000000a1500000, 0x00000000a1500000, 0x00000000a1600000|  0%| F|  |TAMS 0x00000000a1500000, 0x00000000a1500000| Untracked 
|  22|0x00000000a1600000, 0x00000000a1600000, 0x00000000a1700000|  0%| F|  |TAMS 0x00000000a1600000, 0x00000000a1600000| Untracked 
|  23|0x00000000a1700000, 0x00000000a1700000, 0x00000000a1800000|  0%| F|  |TAMS 0x00000000a1700000, 0x00000000a1700000| Untracked 
|  24|0x00000000a1800000, 0x00000000a1800000, 0x00000000a1900000|  0%| F|  |TAMS 0x00000000a1800000, 0x00000000a1800000| Untracked 
|  25|0x00000000a1900000, 0x00000000a1900000, 0x00000000a1a00000|  0%| F|  |TAMS 0x00000000a1900000, 0x00000000a1900000| Untracked 
|  26|0x00000000a1a00000, 0x00000000a1a00000, 0x00000000a1b00000|  0%| F|  |TAMS 0x00000000a1a00000, 0x00000000a1a00000| Untracked 
|  27|0x00000000a1b00000, 0x00000000a1b00000, 0x00000000a1c00000|  0%| F|  |TAMS 0x00000000a1b00000, 0x00000000a1b00000| Untracked 
|  28|0x00000000a1c00000, 0x00000000a1c00000, 0x00000000a1d00000|  0%| F|  |TAMS 0x00000000a1c00000, 0x00000000a1c00000| Untracked 
|  29|0x00000000a1d00000, 0x00000000a1d00000, 0x00000000a1e00000|  0%| F|  |TAMS 0x00000000a1d00000, 0x00000000a1d00000| Untracked 
|  30|0x00000000a1e00000, 0x00000000a1e00000, 0x00000000a1f00000|  0%| F|  |TAMS 0x00000000a1e00000, 0x00000000a1e00000| Untracked 
|  31|0x00000000a1f00000, 0x00000000a1f00000, 0x00000000a2000000|  0%| F|  |TAMS 0x00000000a1f00000, 0x00000000a1f00000| Untracked 
|  32|0x00000000a2000000, 0x00000000a2000000, 0x00000000a2100000|  0%| F|  |TAMS 0x00000000a2000000, 0x00000000a2000000| Untracked 
|  33|0x00000000a2100000, 0x00000000a2100000, 0x00000000a2200000|  0%| F|  |TAMS 0x00000000a2100000, 0x00000000a2100000| Untracked 
|  34|0x00000000a2200000, 0x00000000a2200000, 0x00000000a2300000|  0%| F|  |TAMS 0x00000000a2200000, 0x00000000a2200000| Untracked 
|  35|0x00000000a2300000, 0x00000000a2300000, 0x00000000a2400000|  0%| F|  |TAMS 0x00000000a2300000, 0x00000000a2300000| Untracked 
|  36|0x00000000a2400000, 0x00000000a2400000, 0x00000000a2500000|  0%| F|  |TAMS 0x00000000a2400000, 0x00000000a2400000| Untracked 
|  37|0x00000000a2500000, 0x00000000a2500000, 0x00000000a2600000|  0%| F|  |TAMS 0x00000000a2500000, 0x00000000a2500000| Untracked 
|  38|0x00000000a2600000, 0x00000000a2600000, 0x00000000a2700000|  0%| F|  |TAMS 0x00000000a2600000, 0x00000000a2600000| Untracked 
|  39|0x00000000a2700000, 0x00000000a2700000, 0x00000000a2800000|  0%| F|  |TAMS 0x00000000a2700000, 0x00000000a2700000| Untracked 
|  40|0x00000000a2800000, 0x00000000a2800000, 0x00000000a2900000|  0%| F|  |TAMS 0x00000000a2800000, 0x00000000a2800000| Untracked 
|  41|0x00000000a2900000, 0x00000000a2900000, 0x00000000a2a00000|  0%| F|  |TAMS 0x00000000a2900000, 0x00000000a2900000| Untracked 
|  42|0x00000000a2a00000, 0x00000000a2a00000, 0x00000000a2b00000|  0%| F|  |TAMS 0x00000000a2a00000, 0x00000000a2a00000| Untracked 
|  43|0x00000000a2b00000, 0x00000000a2b00000, 0x00000000a2c00000|  0%| F|  |TAMS 0x00000000a2b00000, 0x00000000a2b00000| Untracked 
|  44|0x00000000a2c00000, 0x00000000a2c00000, 0x00000000a2d00000|  0%| F|  |TAMS 0x00000000a2c00000, 0x00000000a2c00000| Untracked 
|  45|0x00000000a2d00000, 0x00000000a2d00000, 0x00000000a2e00000|  0%| F|  |TAMS 0x00000000a2d00000, 0x00000000a2d00000| Untracked 
|  46|0x00000000a2e00000, 0x00000000a2e00000, 0x00000000a2f00000|  0%| F|  |TAMS 0x00000000a2e00000, 0x00000000a2e00000| Untracked 
|  47|0x00000000a2f00000, 0x00000000a2f00000, 0x00000000a3000000|  0%| F|  |TAMS 0x00000000a2f00000, 0x00000000a2f00000| Untracked 
|  48|0x00000000a3000000, 0x00000000a3000000, 0x00000000a3100000|  0%| F|  |TAMS 0x00000000a3000000, 0x00000000a3000000| Untracked 
|  49|0x00000000a3100000, 0x00000000a3100000, 0x00000000a3200000|  0%| F|  |TAMS 0x00000000a3100000, 0x00000000a3100000| Untracked 
|  50|0x00000000a3200000, 0x00000000a3200000, 0x00000000a3300000|  0%| F|  |TAMS 0x00000000a3200000, 0x00000000a3200000| Untracked 
|  51|0x00000000a3300000, 0x00000000a3300000, 0x00000000a3400000|  0%| F|  |TAMS 0x00000000a3300000, 0x00000000a3300000| Untracked 
|  52|0x00000000a3400000, 0x00000000a3400000, 0x00000000a3500000|  0%| F|  |TAMS 0x00000000a3400000, 0x00000000a3400000| Untracked 
|  53|0x00000000a3500000, 0x00000000a357f8b0, 0x00000000a3600000| 49%| S|CS|TAMS 0x00000000a3500000, 0x00000000a3500000| Complete 
|  54|0x00000000a3600000, 0x00000000a3700000, 0x00000000a3700000|100%| S|CS|TAMS 0x00000000a3600000, 0x00000000a3600000| Complete 
|  55|0x00000000a3700000, 0x00000000a3800000, 0x00000000a3800000|100%| S|CS|TAMS 0x00000000a3700000, 0x00000000a3700000| Complete 
|  56|0x00000000a3800000, 0x00000000a3900000, 0x00000000a3900000|100%| S|CS|TAMS 0x00000000a3800000, 0x00000000a3800000| Complete 
|  57|0x00000000a3900000, 0x00000000a3900000, 0x00000000a3a00000|  0%| F|  |TAMS 0x00000000a3900000, 0x00000000a3900000| Untracked 
|  58|0x00000000a3a00000, 0x00000000a3a00000, 0x00000000a3b00000|  0%| F|  |TAMS 0x00000000a3a00000, 0x00000000a3a00000| Untracked 
|  59|0x00000000a3b00000, 0x00000000a3b00000, 0x00000000a3c00000|  0%| F|  |TAMS 0x00000000a3b00000, 0x00000000a3b00000| Untracked 
|  60|0x00000000a3c00000, 0x00000000a3c00000, 0x00000000a3d00000|  0%| F|  |TAMS 0x00000000a3c00000, 0x00000000a3c00000| Untracked 
|  61|0x00000000a3d00000, 0x00000000a3d00000, 0x00000000a3e00000|  0%| F|  |TAMS 0x00000000a3d00000, 0x00000000a3d00000| Untracked 
|  62|0x00000000a3e00000, 0x00000000a3e00000, 0x00000000a3f00000|  0%| F|  |TAMS 0x00000000a3e00000, 0x00000000a3e00000| Untracked 
|  63|0x00000000a3f00000, 0x00000000a3f00000, 0x00000000a4000000|  0%| F|  |TAMS 0x00000000a3f00000, 0x00000000a3f00000| Untracked 
|  64|0x00000000a4000000, 0x00000000a4000000, 0x00000000a4100000|  0%| F|  |TAMS 0x00000000a4000000, 0x00000000a4000000| Untracked 
|  65|0x00000000a4100000, 0x00000000a4100000, 0x00000000a4200000|  0%| F|  |TAMS 0x00000000a4100000, 0x00000000a4100000| Untracked 
|  66|0x00000000a4200000, 0x00000000a4200000, 0x00000000a4300000|  0%| F|  |TAMS 0x00000000a4200000, 0x00000000a4200000| Untracked 
|  67|0x00000000a4300000, 0x00000000a4300000, 0x00000000a4400000|  0%| F|  |TAMS 0x00000000a4300000, 0x00000000a4300000| Untracked 
|  68|0x00000000a4400000, 0x00000000a4400000, 0x00000000a4500000|  0%| F|  |TAMS 0x00000000a4400000, 0x00000000a4400000| Untracked 
|  69|0x00000000a4500000, 0x00000000a4500000, 0x00000000a4600000|  0%| F|  |TAMS 0x00000000a4500000, 0x00000000a4500000| Untracked 
|  70|0x00000000a4600000, 0x00000000a4600000, 0x00000000a4700000|  0%| F|  |TAMS 0x00000000a4600000, 0x00000000a4600000| Untracked 
|  71|0x00000000a4700000, 0x00000000a4700000, 0x00000000a4800000|  0%| F|  |TAMS 0x00000000a4700000, 0x00000000a4700000| Untracked 
|  72|0x00000000a4800000, 0x00000000a4800000, 0x00000000a4900000|  0%| F|  |TAMS 0x00000000a4800000, 0x00000000a4800000| Untracked 
|  73|0x00000000a4900000, 0x00000000a4900000, 0x00000000a4a00000|  0%| F|  |TAMS 0x00000000a4900000, 0x00000000a4900000| Untracked 
|  74|0x00000000a4a00000, 0x00000000a4a00000, 0x00000000a4b00000|  0%| F|  |TAMS 0x00000000a4a00000, 0x00000000a4a00000| Untracked 
|  75|0x00000000a4b00000, 0x00000000a4b00000, 0x00000000a4c00000|  0%| F|  |TAMS 0x00000000a4b00000, 0x00000000a4b00000| Untracked 
|  76|0x00000000a4c00000, 0x00000000a4c00000, 0x00000000a4d00000|  0%| F|  |TAMS 0x00000000a4c00000, 0x00000000a4c00000| Untracked 
|  77|0x00000000a4d00000, 0x00000000a4d00000, 0x00000000a4e00000|  0%| F|  |TAMS 0x00000000a4d00000, 0x00000000a4d00000| Untracked 
|  78|0x00000000a4e00000, 0x00000000a4e00000, 0x00000000a4f00000|  0%| F|  |TAMS 0x00000000a4e00000, 0x00000000a4e00000| Untracked 
|  79|0x00000000a4f00000, 0x00000000a4f00000, 0x00000000a5000000|  0%| F|  |TAMS 0x00000000a4f00000, 0x00000000a4f00000| Untracked 
|  80|0x00000000a5000000, 0x00000000a5000000, 0x00000000a5100000|  0%| F|  |TAMS 0x00000000a5000000, 0x00000000a5000000| Untracked 
|  81|0x00000000a5100000, 0x00000000a5100000, 0x00000000a5200000|  0%| F|  |TAMS 0x00000000a5100000, 0x00000000a5100000| Untracked 
|  82|0x00000000a5200000, 0x00000000a5200000, 0x00000000a5300000|  0%| F|  |TAMS 0x00000000a5200000, 0x00000000a5200000| Untracked 
|  83|0x00000000a5300000, 0x00000000a5300000, 0x00000000a5400000|  0%| F|  |TAMS 0x00000000a5300000, 0x00000000a5300000| Untracked 
|  84|0x00000000a5400000, 0x00000000a5400000, 0x00000000a5500000|  0%| F|  |TAMS 0x00000000a5400000, 0x00000000a5400000| Untracked 
|  85|0x00000000a5500000, 0x00000000a5500000, 0x00000000a5600000|  0%| F|  |TAMS 0x00000000a5500000, 0x00000000a5500000| Untracked 
|  86|0x00000000a5600000, 0x00000000a5600000, 0x00000000a5700000|  0%| F|  |TAMS 0x00000000a5600000, 0x00000000a5600000| Untracked 
|  87|0x00000000a5700000, 0x00000000a5700000, 0x00000000a5800000|  0%| F|  |TAMS 0x00000000a5700000, 0x00000000a5700000| Untracked 
|  88|0x00000000a5800000, 0x00000000a5800000, 0x00000000a5900000|  0%| F|  |TAMS 0x00000000a5800000, 0x00000000a5800000| Untracked 
|  89|0x00000000a5900000, 0x00000000a5900000, 0x00000000a5a00000|  0%| F|  |TAMS 0x00000000a5900000, 0x00000000a5900000| Untracked 
|  90|0x00000000a5a00000, 0x00000000a5a00000, 0x00000000a5b00000|  0%| F|  |TAMS 0x00000000a5a00000, 0x00000000a5a00000| Untracked 
|  91|0x00000000a5b00000, 0x00000000a5b00000, 0x00000000a5c00000|  0%| F|  |TAMS 0x00000000a5b00000, 0x00000000a5b00000| Untracked 
|  92|0x00000000a5c00000, 0x00000000a5c00000, 0x00000000a5d00000|  0%| F|  |TAMS 0x00000000a5c00000, 0x00000000a5c00000| Untracked 
|  93|0x00000000a5d00000, 0x00000000a5d00000, 0x00000000a5e00000|  0%| F|  |TAMS 0x00000000a5d00000, 0x00000000a5d00000| Untracked 

Card table byte_map: [0x000001eafacb0000,0x000001eafafb0000] _byte_map_base: 0x000001eafa7b0000

Marking Bits (Prev, Next): (CMBitMap*) 0x000001eae7969d90, (CMBitMap*) 0x000001eae7969d58
 Prev Bits: [0x000001eafcab0000, 0x000001eafe2b0000)
 Next Bits: [0x000001eafb2b0000, 0x000001eafcab0000)

Polling page: 0x000001eae7100000

Metaspace:

Usage:
  Non-class:     21.17 MB capacity,    20.85 MB ( 99%) used,   276.26 KB (  1%) free+waste,    43.06 KB ( <1%) overhead. 
      Class:      3.21 MB capacity,     3.02 MB ( 94%) used,   177.29 KB (  5%) free+waste,    21.31 KB ( <1%) overhead. 
       Both:     24.38 MB capacity,    23.87 MB ( 98%) used,   453.55 KB (  2%) free+waste,    64.38 KB ( <1%) overhead. 

Virtual space:
  Non-class space:       30.00 MB reserved,      21.17 MB ( 71%) committed 
      Class space:        1.00 GB reserved,       3.25 MB ( <1%) committed 
             Both:        1.03 GB reserved,      24.42 MB (  2%) committed 

Chunk freelists:
   Non-Class:  6.00 KB
       Class:  9.00 KB
        Both:  15.00 KB

MaxMetaspaceSize: 17179869184.00 GB
CompressedClassSpaceSize: 1.00 GB
Initial GC threshold: 20.80 MB
Current GC threshold: 35.40 MB
CDS: off

CodeHeap 'non-profiled nmethods': size=120000Kb used=1004Kb max_used=1004Kb free=118995Kb
 bounds [0x000001eaf2f10000, 0x000001eaf3180000, 0x000001eafa440000]
CodeHeap 'profiled nmethods': size=120000Kb used=4542Kb max_used=4542Kb free=115457Kb
 bounds [0x000001eaeb9e0000, 0x000001eaebe50000, 0x000001eaf2f10000]
CodeHeap 'non-nmethods': size=5760Kb used=1217Kb max_used=1241Kb free=4542Kb
 bounds [0x000001eaeb440000, 0x000001eaeb6b0000, 0x000001eaeb9e0000]
 total_blobs=2601 nmethods=2109 adapters=404
 compilation: enabled
              stopped_count=0, restarted_count=0
 full_count=0

Compilation events (20 events):
Event: 3.678 Thread 0x000001eafef4d000 2095       3       java.net.URLConnection::getDefaultUseCaches (30 bytes)
Event: 3.678 Thread 0x000001eafef4d000 nmethod 2095 0x000001eaebe42e10 code [0x000001eaebe43020, 0x000001eaebe434a8]
Event: 3.678 Thread 0x000001eafef4d000 2096       3       java.io.Reader::<init> (27 bytes)
Event: 3.678 Thread 0x000001eafef4d000 nmethod 2096 0x000001eaebe43610 code [0x000001eaebe437e0, 0x000001eaebe43ac8]
Event: 3.679 Thread 0x000001eafef4d000 2097       3       sun.nio.cs.UTF_8$Decoder::decodeLoop (28 bytes)
Event: 3.679 Thread 0x000001eafef4d000 nmethod 2097 0x000001eaebe43c10 code [0x000001eaebe43e00, 0x000001eaebe441d8]
Event: 3.728 Thread 0x000001eafef4d000 2098   !   3       jdk.internal.reflect.ReflectionFactory::checkInitted (94 bytes)
Event: 3.729 Thread 0x000001eafef4d000 nmethod 2098 0x000001eaebe44310 code [0x000001eaebe445e0, 0x000001eaebe45238]
Event: 3.729 Thread 0x000001eafef4d000 2099       3       java.lang.reflect.ReflectAccess::getRoot (5 bytes)
Event: 3.729 Thread 0x000001eafef4d000 nmethod 2099 0x000001eaebe45590 code [0x000001eaebe45740, 0x000001eaebe45908]
Event: 3.735 Thread 0x000001eafef4d000 2100       3       jdk.internal.loader.AbstractClassLoaderValue::extractValue (17 bytes)
Event: 3.735 Thread 0x000001eafef4d000 nmethod 2100 0x000001eaebe45a10 code [0x000001eaebe45be0, 0x000001eaebe45f48]
Event: 3.735 Thread 0x000001eafef4d000 2101       3       java.io.ByteArrayOutputStream::grow (43 bytes)
Event: 3.736 Thread 0x000001eafef4d000 nmethod 2101 0x000001eaebe46010 code [0x000001eaebe46220, 0x000001eaebe46838]
Event: 3.736 Thread 0x000001eafef4d000 2102       3       java.lang.Class::forName (15 bytes)
Event: 3.736 Thread 0x000001eafef4d000 nmethod 2102 0x000001eaebe46a10 code [0x000001eaebe46be0, 0x000001eaebe46df8]
Event: 3.736 Thread 0x000001eafef4d000 2103       3       java.lang.reflect.ProxyGenerator::code_ipush (90 bytes)
Event: 3.737 Thread 0x000001eafef4d000 nmethod 2103 0x000001eaebe46f10 code [0x000001eaebe471c0, 0x000001eaebe47f88]
Event: 3.737 Thread 0x000001eafef4d000 2104       3       java.io.FilterOutputStream::<init> (21 bytes)
Event: 3.737 Thread 0x000001eafef4d000 nmethod 2104 0x000001eaebe48390 code [0x000001eaebe48560, 0x000001eaebe48898]

GC Heap History (6 events):
Event: 0.558 GC heap before
{Heap before GC invocations=0 (full 0):
 garbage-first heap   total 96256K, used 29696K [0x00000000a0000000, 0x0000000100000000)
  region size 1024K, 24 young (24576K), 0 survivors (0K)
 Metaspace       used 9824K, capacity 10058K, committed 10112K, reserved 1058816K
  class space    used 1008K, capacity 1102K, committed 1152K, reserved 1048576K
}
Event: 0.564 GC heap after
{Heap after GC invocations=1 (full 0):
 garbage-first heap   total 96256K, used 9485K [0x00000000a0000000, 0x0000000100000000)
  region size 1024K, 3 young (3072K), 3 survivors (3072K)
 Metaspace       used 9824K, capacity 10058K, committed 10112K, reserved 1058816K
  class space    used 1008K, capacity 1102K, committed 1152K, reserved 1048576K
}
Event: 1.877 GC heap before
{Heap before GC invocations=1 (full 0):
 garbage-first heap   total 96256K, used 63757K [0x00000000a0000000, 0x0000000100000000)
  region size 1024K, 56 young (57344K), 3 survivors (3072K)
 Metaspace       used 12986K, capacity 13298K, committed 13568K, reserved 1060864K
  class space    used 1398K, capacity 1501K, committed 1536K, reserved 1048576K
}
Event: 1.890 GC heap after
{Heap after GC invocations=2 (full 0):
 garbage-first heap   total 96256K, used 14753K [0x00000000a0000000, 0x0000000100000000)
  region size 1024K, 7 young (7168K), 7 survivors (7168K)
 Metaspace       used 12986K, capacity 13298K, committed 13568K, reserved 1060864K
  class space    used 1398K, capacity 1501K, committed 1536K, reserved 1048576K
}
Event: 3.209 GC heap before
{Heap before GC invocations=2 (full 0):
 garbage-first heap   total 96256K, used 58785K [0x00000000a0000000, 0x0000000100000000)
  region size 1024K, 51 young (52224K), 7 survivors (7168K)
 Metaspace       used 20718K, capacity 21181K, committed 21296K, reserved 1069056K
  class space    used 2496K, capacity 2665K, committed 2688K, reserved 1048576K
}
Event: 3.224 GC heap after
{Heap after GC invocations=3 (full 0):
 garbage-first heap   total 96256K, used 17316K [0x00000000a0000000, 0x0000000100000000)
  region size 1024K, 3 young (3072K), 3 survivors (3072K)
 Metaspace       used 20718K, capacity 21181K, committed 21296K, reserved 1069056K
  class space    used 2496K, capacity 2665K, committed 2688K, reserved 1048576K
}

Deoptimization events (20 events):
Event: 3.147 Thread 0x000001ea837c5000 Uncommon trap: trap_request=0xffffff4d fr.pc=0x000001eaf2f78e88 relative=0x0000000000000448
Event: 3.147 Thread 0x000001ea837c5000 Uncommon trap: reason=unstable_if action=reinterpret pc=0x000001eaf2f78e88 method=java.lang.String.substring(I)Ljava/lang/String; @ 34 c2
Event: 3.147 Thread 0x000001ea837c5000 DEOPT PACKING pc=0x000001eaf2f78e88 sp=0x0000002f50bfaee0
Event: 3.147 Thread 0x000001ea837c5000 DEOPT UNPACKING pc=0x000001eaeb48a1af sp=0x0000002f50bfaeb8 mode 2
Event: 3.301 Thread 0x000001ea837c5000 Uncommon trap: trap_request=0xffffff4d fr.pc=0x000001eaf2fedcb0 relative=0x00000000000003b0
Event: 3.301 Thread 0x000001ea837c5000 Uncommon trap: reason=unstable_if action=reinterpret pc=0x000001eaf2fedcb0 method=jdk.internal.org.objectweb.asm.Type.getArgumentsAndReturnSizes(Ljava/lang/String;)I @ 88 c2
Event: 3.301 Thread 0x000001ea837c5000 DEOPT PACKING pc=0x000001eaf2fedcb0 sp=0x0000002f50bf94b0
Event: 3.301 Thread 0x000001ea837c5000 DEOPT UNPACKING pc=0x000001eaeb48a1af sp=0x0000002f50bf9438 mode 2
Event: 3.392 Thread 0x000001ea837c5000 DEOPT PACKING pc=0x000001eaebdd6d55 sp=0x0000002f50bf98d0
Event: 3.392 Thread 0x000001ea837c5000 DEOPT UNPACKING pc=0x000001eaeb48a95e sp=0x0000002f50bf8df0 mode 0
Event: 3.527 Thread 0x000001ea837c5000 Uncommon trap: trap_request=0xffffff4d fr.pc=0x000001eaf2fbb76c relative=0x000000000000022c
Event: 3.527 Thread 0x000001ea837c5000 Uncommon trap: reason=unstable_if action=reinterpret pc=0x000001eaf2fbb76c method=java.util.concurrent.ConcurrentHashMap.get(Ljava/lang/Object;)Ljava/lang/Object; @ 76 c2
Event: 3.527 Thread 0x000001ea837c5000 DEOPT PACKING pc=0x000001eaf2fbb76c sp=0x0000002f50bf8650
Event: 3.527 Thread 0x000001ea837c5000 DEOPT UNPACKING pc=0x000001eaeb48a1af sp=0x0000002f50bf85b8 mode 2
Event: 3.625 Thread 0x000001ea837c5000 DEOPT PACKING pc=0x000001eaebdd6d76 sp=0x0000002f50bf7b60
Event: 3.626 Thread 0x000001ea837c5000 DEOPT UNPACKING pc=0x000001eaeb48a95e sp=0x0000002f50bf7080 mode 0
Event: 3.634 Thread 0x000001ea837c5000 DEOPT PACKING pc=0x000001eaebdd6d76 sp=0x0000002f50bf9480
Event: 3.634 Thread 0x000001ea837c5000 DEOPT UNPACKING pc=0x000001eaeb48a95e sp=0x0000002f50bf89a0 mode 0
Event: 3.649 Thread 0x000001ea837c5000 DEOPT PACKING pc=0x000001eaebdd6d55 sp=0x0000002f50bf5fe0
Event: 3.649 Thread 0x000001ea837c5000 DEOPT UNPACKING pc=0x000001eaeb48a95e sp=0x0000002f50bf5500 mode 0

Classes redefined (0 events):
No events

Internal exceptions (20 events):
Event: 2.051 Thread 0x000001eae792f000 Exception <a 'java/lang/NoSuchMethodError'{0x00000000a57a1c88}: 'java.lang.Object java.lang.invoke.DirectMethodHandle$Holder.invokeStaticInit(java.lang.Object, int, int, int, int)'> (0x00000000a57a1c88) thrown at [./src/hotspot/share/interpreter/linkResolver.cpp, line 773]
Event: 2.227 Thread 0x000001eae792f000 Exception <a 'java/lang/NoSuchMethodError'{0x00000000a5674d58}: 'java.lang.Object java.lang.invoke.DirectMethodHandle$Holder.invokeStaticInit(java.lang.Object, java.lang.Object, int, int, int, int)'> (0x00000000a5674d58) thrown at [./src/hotspot/share/interpreter/linkResolver.cpp, line 773]
Event: 2.529 Thread 0x000001eae792f000 Exception <a 'java/io/IOException'{0x00000000a54bc498}> (0x00000000a54bc498) thrown at [./src/hotspot/share/prims/jni.cpp, line 616]
Event: 2.656 Thread 0x000001ea837c5000 Exception <a 'java/lang/NoSuchMethodError'{0x00000000a4ecf160}: 'long java.lang.invoke.DirectMethodHandle$Holder.invokeInterface(java.lang.Object, java.lang.Object)'> (0x00000000a4ecf160) thrown at [./src/hotspot/share/interpreter/linkResolver.cpp, line 773]
Event: 2.658 Thread 0x000001ea837c5000 Exception <a 'java/lang/NoSuchMethodError'{0x00000000a4edc200}: 'void java.lang.invoke.DelegatingMethodHandle$Holder.reinvoke_L(java.lang.Object, java.lang.Object, java.lang.Object, java.lang.Object, java.lang.Object, java.lang.Object, java.lang.Object)'> (0x00000000a4edc200) thrown at [./src/hotspot/share/interpreter/linkResolver.cpp, line 773]
Event: 3.065 Thread 0x000001ea837c5000 Exception <a 'java/lang/NoSuchMethodError'{0x00000000a3945650}: 'void java.lang.invoke.DirectMethodHandle$Holder.invokeStaticInit(java.lang.Object)'> (0x00000000a3945650) thrown at [./src/hotspot/share/interpreter/linkResolver.cpp, line 773]
Event: 3.079 Thread 0x000001ea837c5000 Exception <a 'java/lang/NoSuchMethodError'{0x00000000a38058f0}: 'java.lang.Object java.lang.invoke.DirectMethodHandle$Holder.invokeStatic(java.lang.Object, java.lang.Object, java.lang.Object, int)'> (0x00000000a38058f0) thrown at [./src/hotspot/share/interpreter/linkResolver.cpp, line 773]
Event: 3.080 Thread 0x000001ea837c5000 Exception <a 'java/lang/NoSuchMethodError'{0x00000000a380a008}: 'java.lang.Object java.lang.invoke.DirectMethodHandle$Holder.invokeSpecial(java.lang.Object, java.lang.Object, java.lang.Object, java.lang.Object, int)'> (0x00000000a380a008) thrown at [./src/hotspot/share/interpreter/linkResolver.cpp, line 773]
Event: 3.080 Thread 0x000001ea837c5000 Exception <a 'java/lang/NoSuchMethodError'{0x00000000a380df40}: 'java.lang.Object java.lang.invoke.Invokers$Holder.linkToTargetMethod(java.lang.Object, java.lang.Object, int, java.lang.Object)'> (0x00000000a380df40) thrown at [./src/hotspot/share/interpreter/linkResolver.cpp, line 773]
Event: 3.205 Thread 0x000001ea837c5000 Exception <a 'java/lang/NoSuchMethodError'{0x00000000a32a0940}: 'int java.lang.invoke.DirectMethodHandle$Holder.invokeSpecialIFC(java.lang.Object, java.lang.Object, java.lang.Object, java.lang.Object)'> (0x00000000a32a0940) thrown at [./src/hotspot/share/interpreter/linkResolver.cpp, line 773]
Event: 3.208 Thread 0x000001ea837c5000 Exception <a 'java/lang/NoSuchMethodError'{0x00000000a32ae858}: 'java.lang.Object java.lang.invoke.DirectMethodHandle$Holder.invokeInterface(java.lang.Object, java.lang.Object, java.lang.Object)'> (0x00000000a32ae858) thrown at [./src/hotspot/share/interpreter/linkResolver.cpp, line 773]
Event: 3.208 Thread 0x000001ea837c5000 Exception <a 'java/lang/IncompatibleClassChangeError'{0x00000000a32b1d30}: Found class java.lang.Object, but interface was expected> (0x00000000a32b1d30) thrown at [./src/hotspot/share/interpreter/linkResolver.cpp, line 839]
Event: 3.348 Thread 0x000001ea837c5000 Exception <a 'java/lang/NoSuchMethodError'{0x00000000a567b570}: 'void java.lang.invoke.DirectMethodHandle$Holder.invokeSpecial(java.lang.Object, java.lang.Object, java.lang.Object, java.lang.Object, java.lang.Object)'> (0x00000000a567b570) thrown at [./src/hotspot/share/interpreter/linkResolver.cpp, line 773]
Event: 3.371 Thread 0x000001ea837c5000 Exception <a 'java/lang/NoSuchMethodError'{0x00000000a54b1140}: 'java.lang.Object java.lang.invoke.DirectMethodHandle$Holder.invokeSpecial(java.lang.Object, java.lang.Object, java.lang.Object, java.lang.Object, java.lang.Object, java.lang.Object, java.lang.Object, java.lang.Object, java.lang.Object)'> (0x00000000a54b1140) thrown at [./src/hotspot/share/interpreter/linkResolver.cpp, line 773]
Event: 3.447 Thread 0x000001ea837c5000 Exception <a 'java/lang/NoSuchMethodError'{0x00000000a4a22520}: 'java.lang.Object java.lang.invoke.DirectMethodHandle$Holder.invokeVirtual(java.lang.Object, java.lang.Object, java.lang.Object, java.lang.Object)'> (0x00000000a4a22520) thrown at [./src/hotspot/share/interpreter/linkResolver.cpp, line 773]
Event: 3.563 Thread 0x000001ea837c5000 Exception <a 'java/lang/NoSuchMethodError'{0x00000000a44321a0}: 'void java.lang.invoke.DirectMethodHandle$Holder.invokeSpecial(java.lang.Object, java.lang.Object, java.lang.Object, java.lang.Object, java.lang.Object, java.lang.Object)'> (0x00000000a44321a0) thrown at [./src/hotspot/share/interpreter/linkResolver.cpp, line 773]
Event: 3.576 Thread 0x000001ea837c5000 Exception <a 'java/lang/NoSuchMethodError'{0x00000000a44a1a48}: 'void java.lang.invoke.DirectMethodHandle$Holder.invokeSpecial(java.lang.Object, java.lang.Object, java.lang.Object, java.lang.Object, java.lang.Object, java.lang.Object, java.lang.Object)'> (0x00000000a44a1a48) thrown at [./src/hotspot/share/interpreter/linkResolver.cpp, line 773]
Event: 3.577 Thread 0x000001ea837c5000 Exception <a 'java/lang/NoSuchMethodError'{0x00000000a44a9f38}: 'java.lang.Object java.lang.invoke.Invokers$Holder.linkToTargetMethod(java.lang.Object, java.lang.Object, java.lang.Object, java.lang.Object, java.lang.Object, java.lang.Object)'> (0x00000000a44a9f38) thrown at [./src/hotspot/share/interpreter/linkResolver.cpp, line 773]
Event: 3.616 Thread 0x000001ea837c5000 Exception <a 'java/lang/NoSuchMethodError'{0x00000000a4271cd0}: 'java.lang.Object java.lang.invoke.DirectMethodHandle$Holder.invokeVirtual(java.lang.Object, java.lang.Object, java.lang.Object, java.lang.Object, java.lang.Object, java.lang.Object, java.lang.Object, java.lang.Object, java.lang.Object, java.lang.Object, java.lang.Object, java.lang.Object, java.lang.Object, java.lang.Object, java.lang.Object, java.lang.Object, java.lang.Object, java.lang.Object, java.lang.Object, java.lang.Object, java.lang.Ob
Event: 3.732 Thread 0x000001ea837c5000 Exception <a 'java/lang/NoSuchMethodError'{0x00000000a3a486d0}: 'int java.lang.invoke.DirectMethodHandle$Holder.invokeStaticInit(java.lang.Object, java.lang.Object, java.lang.Object)'> (0x00000000a3a486d0) thrown at [./src/hotspot/share/interpreter/linkResolver.cpp, line 773]

Events (20 events):
Event: 3.731 loading class org/gradle/initialization/NotifyingBuildLoader$1
Event: 3.731 loading class org/gradle/initialization/NotifyingBuildLoader$1 done
Event: 3.732 loading class org/gradle/initialization/LoadProjectsBuildOperationType$Result$Project
Event: 3.732 loading class org/gradle/initialization/LoadProjectsBuildOperationType$Result$Project done
Event: 3.733 Executing VM operation: RevokeBias
Event: 3.733 Executing VM operation: RevokeBias done
Event: 3.733 loading class org/gradle/initialization/LoadProjectsBuildOperationType$Result$Project
Event: 3.733 loading class org/gradle/initialization/LoadProjectsBuildOperationType$Result$Project done
Event: 3.733 loading class org/gradle/initialization/ProjectPropertySettingBuildLoader
Event: 3.733 loading class org/gradle/initialization/ProjectPropertySettingBuildLoader done
Event: 3.734 loading class org/gradle/initialization/InstantiatingBuildLoader
Event: 3.734 loading class org/gradle/initialization/InstantiatingBuildLoader done
Event: 3.735 loading class org/gradle/internal/resource/local/FileResourceListener
Event: 3.735 loading class org/gradle/internal/resource/local/FileResourceListener done
Event: 3.736 loading class org/gradle/initialization/ModelConfigurationListener
Event: 3.736 loading class org/gradle/initialization/ModelConfigurationListener done
Event: 3.737 loading class org/gradle/configuration/BuildOperationFiringProjectsPreparer
Event: 3.737 loading class org/gradle/configuration/BuildOperationFiringProjectsPreparer done
Event: 3.739 loading class org/gradle/initialization/ConfigureBuildBuildOperationType$Result
Event: 3.739 loading class org/gradle/initialization/ConfigureBuildBuildOperationType$Result done


Dynamic libraries:
0x00007ff736f60000 - 0x00007ff736f6a000 	C:\Program Files\Android\Android Studio\jre\bin\java.exe
0x00007fff33f30000 - 0x00007fff34147000 	C:\WINDOWS\SYSTEM32\ntdll.dll
0x00007fff32c50000 - 0x00007fff32d14000 	C:\WINDOWS\System32\KERNEL32.DLL
0x00007fff314f0000 - 0x00007fff31896000 	C:\WINDOWS\System32\KERNELBASE.dll
0x00007fff31350000 - 0x00007fff31461000 	C:\WINDOWS\System32\ucrtbase.dll
0x00007ffef60a0000 - 0x00007ffef60b7000 	C:\Program Files\Android\Android Studio\jre\bin\VCRUNTIME140.dll
0x00007ffef60c0000 - 0x00007ffef60d9000 	C:\Program Files\Android\Android Studio\jre\bin\jli.dll
0x00007fff33180000 - 0x00007fff3332e000 	C:\WINDOWS\System32\USER32.dll
0x00007fff17e70000 - 0x00007fff18103000 	C:\WINDOWS\WinSxS\amd64_microsoft.windows.common-controls_6595b64144ccf1df_6.0.22621.2361_none_2712ced57382f843\COMCTL32.dll
0x00007fff318a0000 - 0x00007fff318c6000 	C:\WINDOWS\System32\win32u.dll
0x00007fff32d20000 - 0x00007fff32dc7000 	C:\WINDOWS\System32\msvcrt.dll
0x00007fff31db0000 - 0x00007fff31dd9000 	C:\WINDOWS\System32\GDI32.dll
0x00007fff31b00000 - 0x00007fff31c18000 	C:\WINDOWS\System32\gdi32full.dll
0x00007fff312b0000 - 0x00007fff3134a000 	C:\WINDOWS\System32\msvcp_win.dll
0x00007fff33e90000 - 0x00007fff33ec1000 	C:\WINDOWS\System32\IMM32.DLL
0x00007ffef6000000 - 0x00007ffef609d000 	C:\Program Files\Android\Android Studio\jre\bin\msvcp140.dll
0x00007ffee79a0000 - 0x00007ffee84a2000 	C:\Program Files\Android\Android Studio\jre\bin\server\jvm.dll
0x00007fff31de0000 - 0x00007fff31e90000 	C:\WINDOWS\System32\ADVAPI32.dll
0x00007fff31e90000 - 0x00007fff31f36000 	C:\WINDOWS\System32\sechost.dll
0x00007fff32a30000 - 0x00007fff32b47000 	C:\WINDOWS\System32\RPCRT4.dll
0x00007fff33af0000 - 0x00007fff33af8000 	C:\WINDOWS\System32\PSAPI.DLL
0x00007fff29590000 - 0x00007fff2959a000 	C:\WINDOWS\SYSTEM32\VERSION.dll
0x00007fff2b340000 - 0x00007fff2b349000 	C:\WINDOWS\SYSTEM32\WSOCK32.dll
0x00007fff2ac20000 - 0x00007fff2ac54000 	C:\WINDOWS\SYSTEM32\WINMM.dll
0x00007fff32b50000 - 0x00007fff32bc1000 	C:\WINDOWS\System32\WS2_32.dll
0x00007fff30290000 - 0x00007fff302a8000 	C:\WINDOWS\SYSTEM32\kernel.appcore.dll
0x00007fff1ed10000 - 0x00007fff1ed21000 	C:\Program Files\Android\Android Studio\jre\bin\verify.dll
0x00007fff2ed20000 - 0x00007fff2ef4e000 	C:\WINDOWS\SYSTEM32\DBGHELP.DLL
0x00007fff33b00000 - 0x00007fff33e8a000 	C:\WINDOWS\System32\combase.dll
0x00007fff32dd0000 - 0x00007fff32ea7000 	C:\WINDOWS\System32\OLEAUT32.dll
0x00007fff13ad0000 - 0x00007fff13b02000 	C:\WINDOWS\SYSTEM32\dbgcore.DLL
0x00007fff31470000 - 0x00007fff314ea000 	C:\WINDOWS\System32\bcryptPrimitives.dll
0x00007fff01170000 - 0x00007fff01199000 	C:\Program Files\Android\Android Studio\jre\bin\java.dll
0x00007fff248a0000 - 0x00007fff248ab000 	C:\Program Files\Android\Android Studio\jre\bin\jimage.dll
0x00007fff15620000 - 0x00007fff15638000 	C:\Program Files\Android\Android Studio\jre\bin\zip.dll
0x00007fff31fb0000 - 0x00007fff32808000 	C:\WINDOWS\System32\SHELL32.dll
0x00007fff2f210000 - 0x00007fff2fb02000 	C:\WINDOWS\SYSTEM32\windows.storage.dll
0x00007fff2f0d0000 - 0x00007fff2f20e000 	C:\WINDOWS\SYSTEM32\wintypes.dll
0x00007fff339e0000 - 0x00007fff33ad3000 	C:\WINDOWS\System32\SHCORE.dll
0x00007fff32820000 - 0x00007fff3287e000 	C:\WINDOWS\System32\shlwapi.dll
0x00007fff311e0000 - 0x00007fff31206000 	C:\WINDOWS\SYSTEM32\profapi.dll
0x00007fff0dc00000 - 0x00007fff0dc1a000 	C:\Program Files\Android\Android Studio\jre\bin\net.dll
0x00007fff2a5d0000 - 0x00007fff2a707000 	C:\WINDOWS\SYSTEM32\WINHTTP.dll
0x00007fff30770000 - 0x00007fff307d9000 	C:\WINDOWS\system32\mswsock.dll
0x00007fff01150000 - 0x00007fff01164000 	C:\Program Files\Android\Android Studio\jre\bin\nio.dll
0x00007fff020e0000 - 0x00007fff02107000 	C:\Users\PC\.gradle\native\e1d6ef7f7dcc3fd88c89a11ec53ec762bb8ba0a96d01ffa2cd45eb1d1d8dd5c5\windows-amd64\native-platform.dll
0x00007ffee6b80000 - 0x00007ffee6cc4000 	C:\Users\PC\.gradle\native\0d407fdbe67a94daf76414ababcb853783967236a71b16ec16e742cd7a986fd3\windows-amd64\native-platform-file-events.dll
0x00007fff24840000 - 0x00007fff2484a000 	C:\Program Files\Android\Android Studio\jre\bin\management.dll
0x00007fff1ed00000 - 0x00007fff1ed0d000 	C:\Program Files\Android\Android Studio\jre\bin\management_ext.dll
0x00007fff309c0000 - 0x00007fff309db000 	C:\WINDOWS\SYSTEM32\CRYPTSP.dll
0x00007fff30250000 - 0x00007fff30285000 	C:\WINDOWS\system32\rsaenh.dll
0x00007fff30860000 - 0x00007fff3088c000 	C:\WINDOWS\SYSTEM32\USERENV.dll
0x00007fff30b80000 - 0x00007fff30ba8000 	C:\WINDOWS\SYSTEM32\bcrypt.dll
0x00007fff309e0000 - 0x00007fff309ec000 	C:\WINDOWS\SYSTEM32\CRYPTBASE.dll
0x00007fff2fd70000 - 0x00007fff2fd9d000 	C:\WINDOWS\SYSTEM32\IPHLPAPI.DLL
0x00007fff328d0000 - 0x00007fff328d9000 	C:\WINDOWS\System32\NSI.dll
0x00007fff2ac00000 - 0x00007fff2ac19000 	C:\WINDOWS\SYSTEM32\dhcpcsvc6.DLL
0x00007fff2abe0000 - 0x00007fff2abff000 	C:\WINDOWS\SYSTEM32\dhcpcsvc.DLL
0x00007fff2fde0000 - 0x00007fff2fed9000 	C:\WINDOWS\SYSTEM32\DNSAPI.dll

dbghelp: loaded successfully - version: 4.0.5 - missing functions: none
symbol engine: initialized successfully - sym options: 0x614 - pdb path: .;C:\Program Files\Android\Android Studio\jre\bin;C:\WINDOWS\SYSTEM32;C:\WINDOWS\WinSxS\amd64_microsoft.windows.common-controls_6595b64144ccf1df_6.0.22621.2361_none_2712ced57382f843;C:\Program Files\Android\Android Studio\jre\bin\server;C:\Users\PC\.gradle\native\e1d6ef7f7dcc3fd88c89a11ec53ec762bb8ba0a96d01ffa2cd45eb1d1d8dd5c5\windows-amd64;C:\Users\PC\.gradle\native\0d407fdbe67a94daf76414ababcb853783967236a71b16ec16e742cd7a986fd3\windows-amd64

VM Arguments:
jvm_args: --add-opens=java.base/java.util=ALL-UNNAMED --add-opens=java.base/java.lang=ALL-UNNAMED --add-opens=java.base/java.lang.invoke=ALL-UNNAMED --add-opens=java.base/java.util=ALL-UNNAMED --add-opens=java.prefs/java.util.prefs=ALL-UNNAMED --add-opens=java.prefs/java.util.prefs=ALL-UNNAMED --add-opens=java.base/java.nio.charset=ALL-UNNAMED --add-opens=java.base/java.net=ALL-UNNAMED --add-opens=java.base/java.util.concurrent.atomic=ALL-UNNAMED -Xmx1536M -Dfile.encoding=windows-1252 -Duser.country=US -Duser.language=en -Duser.variant 
java_command: org.gradle.launcher.daemon.bootstrap.GradleDaemon 7.4
java_class_path (initial): C:\Users\PC\.gradle\wrapper\dists\gradle-7.4-all\aadb4xli5jkdsnukm30eibyiu\gradle-7.4\lib\gradle-launcher-7.4.jar
Launcher Type: SUN_STANDARD

[Global flags]
     intx CICompilerCount                          = 4                                         {product} {ergonomic}
     uint ConcGCThreads                            = 3                                         {product} {ergonomic}
     uint G1ConcRefinementThreads                  = 10                                        {product} {ergonomic}
   size_t G1HeapRegionSize                         = 1048576                                   {product} {ergonomic}
    uintx GCDrainStackTargetSize                   = 64                                        {product} {ergonomic}
   size_t InitialHeapSize                          = 98566144                                  {product} {ergonomic}
   size_t MarkStackSize                            = 4194304                                   {product} {ergonomic}
   size_t MaxHeapSize                              = 1610612736                                {product} {command line}
   size_t MaxNewSize                               = 965738496                                 {product} {ergonomic}
   size_t MinHeapDeltaBytes                        = 1048576                                   {product} {ergonomic}
    uintx NonNMethodCodeHeapSize                   = 5836300                                {pd product} {ergonomic}
    uintx NonProfiledCodeHeapSize                  = 122910970                              {pd product} {ergonomic}
    uintx ProfiledCodeHeapSize                     = 122910970                              {pd product} {ergonomic}
    uintx ReservedCodeCacheSize                    = 251658240                              {pd product} {ergonomic}
     bool SegmentedCodeCache                       = true                                      {product} {ergonomic}
     bool UseCompressedClassPointers               = true                                 {lp64_product} {ergonomic}
     bool UseCompressedOops                        = true                                 {lp64_product} {ergonomic}
     bool UseG1GC                                  = true                                      {product} {ergonomic}
     bool UseLargePagesIndividualAllocation        = false                                  {pd product} {ergonomic}

Logging:
Log output configuration:
 #0: stdout all=warning uptime,level,tags
 #1: stderr all=off uptime,level,tags

Environment Variables:
JAVA_HOME=C:\Program Files\Android\Android Studio\jre
CLASSPATH=C:\UdayFlutterProject\flutter_tawk-main\Demo_VLE\android\\gradle\wrapper\gradle-wrapper.jar
PATH=C:\Windows\system32;C:\Windows;C:\Windows\System32\Wbem;C:\Windows\System32\WindowsPowerShell\v1.0\;C:\Windows\System32\OpenSSH\;C:\Program Files (x86)\NVIDIA Corporation\PhysX\Common;C:\Program Files\PuTTY\;C:\ProgramData\chocolatey\bin;C:\Users\PC\AppData\Roaming\nvm;C:\Program Files\nodejs;C:\Program Files\NVIDIA Corporation\NVIDIA NvDLISR;C:\Program Files\Git\cmd;C:\Users\PC\Documents\Harshna\flutter_windows_3.7.0-stable\flutter\bin;C:\WINDOWS\system32;C:\WINDOWS;C:\WINDOWS\System32\Wbem;C:\WINDOWS\System32\WindowsPowerShell\v1.0\;C:\WINDOWS\System32\OpenSSH\;C:\Users\PC\AppData\Local\Android\Sdk\platform-tools;C:\Users\PC\AppData\Local\Programs\Python\Python310\Scripts\;C:\Users\PC\AppData\Local\Programs\Python\Python310\;C:\Python27;C:\Users\PC\AppData\Roaming\nvm;C:\Program Files\nodejs;C:\Users\PC\AppData\Local\Programs\Microsoft VS Code\bin;C:\Users\PC\Documents\Harshna\flutter_windows_3.7.0-stable\flutter\bin;C:\Users\PC\AppData\Local\Microsoft\WindowsApps;C:\Users\PC\AppData\Local\GitHubDesktop\bin;C:\Program Files\Java\jdk-19\bin;C:\Users\PC\AppData\Local\Android\Sdk\platform-tools;;C:\Users\PC\Documents\Harshna\flutter_windows_3.7.0-stable\flutter\bin\mingit\cmd
USERNAME=PC
OS=Windows_NT
PROCESSOR_IDENTIFIER=AMD64 Family 25 Model 80 Stepping 0, AuthenticAMD



---------------  S Y S T E M  ---------------

OS: Windows 11 , 64 bit Build 22621 (10.0.22621.2361)
OS uptime: 11 days 4:57 hours

CPU:total 12 (initial active 12) (12 cores per cpu, 2 threads per core) family 25 model 80 stepping 0 microcode 0x0, cmov, cx8, fxsr, mmx, sse, sse2, sse3, ssse3, sse4.1, sse4.2, popcnt, avx, avx2, aes, clmul, erms, mmxext, 3dnowpref, lzcnt, sse4a, ht, tsc, tscinvbit, tscinv, bmi1, bmi2, adx, sha, fma

Memory: 4k page, system-wide physical 5996M (43M free)
TotalPageFile size 24428M (AvailPageFile size 0M)
current process WorkingSet (physical memory assigned to process): 158M, peak: 165M
current process commit charge ("private bytes"): 243M, peak: 246M

vm_info: OpenJDK 64-Bit Server VM (11.0.13+0-b1751.21-8125866) for windows-amd64 JRE (11.0.13+0-b1751.21-8125866), built on Feb  2 2022 03:00:22 by "builder" with MS VC++ 14.0 (VS2015)

END.
