#
# There is insufficient memory for the Java Runtime Environment to continue.
# Native memory allocation (malloc) failed to allocate 1537136 bytes for Chunk::new
# Possible reasons:
#   The system is out of physical RAM or swap space
#   The process is running with CompressedOops enabled, and the Java Heap may be blocking the growth of the native heap
# Possible solutions:
#   Reduce memory load on the system
#   Increase physical memory or swap space
#   Check if swap backing store is full
#   Decrease Java heap size (-Xmx/-Xms)
#   Decrease number of Java threads
#   Decrease Java thread stack sizes (-Xss)
#   Set larger code cache with -XX:ReservedCodeCacheSize=
#   JVM is running with Unscaled Compressed Oops mode in which the Java heap is
#     placed in the first 4GB address space. The Java Heap base address is the
#     maximum limit for the native heap growth. Please use -XX:HeapBaseMinAddress
#     to set the Java Heap base and to place the Java Heap above 4GB virtual address.
# This output file may be truncated or incomplete.
#
#  Out of Memory Error (./src/hotspot/share/memory/arena.cpp:197), pid=10444, tid=29756
#
# JRE version: OpenJDK Runtime Environment (11.0.13) (build 11.0.13+0-b1751.21-8125866)
# Java VM: OpenJDK 64-Bit Server VM (11.0.13+0-b1751.21-8125866, mixed mode, tiered, compressed oops, g1 gc, windows-amd64)
# No core dump will be written. Minidumps are not enabled by default on client versions of Windows
#

---------------  S U M M A R Y ------------

Command Line: --add-opens=java.base/java.util=ALL-UNNAMED --add-opens=java.base/java.lang=ALL-UNNAMED --add-opens=java.base/java.lang.invoke=ALL-UNNAMED --add-opens=java.base/java.util=ALL-UNNAMED --add-opens=java.prefs/java.util.prefs=ALL-UNNAMED --add-opens=java.prefs/java.util.prefs=ALL-UNNAMED --add-opens=java.base/java.nio.charset=ALL-UNNAMED --add-opens=java.base/java.net=ALL-UNNAMED --add-opens=java.base/java.util.concurrent.atomic=ALL-UNNAMED -Xmx1536M -Dfile.encoding=windows-1252 -Duser.country=US -Duser.language=en -Duser.variant org.gradle.launcher.daemon.bootstrap.GradleDaemon 7.4

Host: AMD Ryzen 5 5600H with Radeon Graphics         , 12 cores, 5G,  Windows 11 , 64 bit Build 22621 (10.0.22621.2361)
Time: Tue Oct 10 15:56:38 2023 India Standard Time elapsed time: 4.368870 seconds (0d 0h 0m 4s)

---------------  T H R E A D  ---------------

Current thread (0x000002013a0a5800):  JavaThread "C2 CompilerThread0" daemon [_thread_in_native, id=29756, stack(0x000000b55c800000,0x000000b55c900000)]


Current CompileTask:
C2:   4368 2762       4       java.util.AbstractCollection::addAll (42 bytes)

Stack: [0x000000b55c800000,0x000000b55c900000]
Native frames: (J=compiled Java code, j=interpreted, Vv=VM code, C=native code)
V  [jvm.dll+0x6100fa]
V  [jvm.dll+0x747090]
V  [jvm.dll+0x7486ad]
V  [jvm.dll+0x748d83]
V  [jvm.dll+0x24ab48]
V  [jvm.dll+0xc04dc]
V  [jvm.dll+0xc0a0c]
V  [jvm.dll+0x35eb9d]
V  [jvm.dll+0x32b833]
V  [jvm.dll+0x32ad2a]
V  [jvm.dll+0x2032b2]
V  [jvm.dll+0x202437]
V  [jvm.dll+0x188e01]
V  [jvm.dll+0x21106b]
V  [jvm.dll+0x20f8c1]
V  [jvm.dll+0x70de0f]
V  [jvm.dll+0x706a75]
V  [jvm.dll+0x60ed66]
C  [ucrtbase.dll+0x29363]
C  [KERNEL32.DLL+0x1257d]
C  [ntdll.dll+0x5aa78]


---------------  P R O C E S S  ---------------

Threads class SMR info:
_java_thread_list=0x000002013d61bd80, length=30, elements={
0x0000020120aaf000, 0x000002013a07f000, 0x000002013a089800, 0x000002013a09e800,
0x000002013a09f000, 0x000002013a0a0000, 0x000002013a0a5800, 0x000002013a0a7800,
0x000002013a0b2800, 0x000002013ab4e800, 0x000002013c02f000, 0x000002013c86f800,
0x000002013c89f800, 0x000002013c93d800, 0x000002013c94f800, 0x000002013c8fa800,
0x000002013c903800, 0x000002013c908000, 0x000002013c96f000, 0x000002013c971800,
0x000002013c970000, 0x000002013c973800, 0x000002013c971000, 0x000002013c972800,
0x000002013c96d800, 0x000002013c974000, 0x000002013c96e800, 0x000002013d0be000,
0x000002013d0c1800, 0x000002013d0c0800
}

Java Threads: ( => current thread )
  0x0000020120aaf000 JavaThread "main" [_thread_blocked, id=2396, stack(0x000000b55bc00000,0x000000b55bd00000)]
  0x000002013a07f000 JavaThread "Reference Handler" daemon [_thread_blocked, id=26848, stack(0x000000b55c300000,0x000000b55c400000)]
  0x000002013a089800 JavaThread "Finalizer" daemon [_thread_blocked, id=20072, stack(0x000000b55c400000,0x000000b55c500000)]
  0x000002013a09e800 JavaThread "Signal Dispatcher" daemon [_thread_blocked, id=13436, stack(0x000000b55c500000,0x000000b55c600000)]
  0x000002013a09f000 JavaThread "Attach Listener" daemon [_thread_blocked, id=6592, stack(0x000000b55c600000,0x000000b55c700000)]
  0x000002013a0a0000 JavaThread "Service Thread" daemon [_thread_blocked, id=3732, stack(0x000000b55c700000,0x000000b55c800000)]
=>0x000002013a0a5800 JavaThread "C2 CompilerThread0" daemon [_thread_in_native, id=29756, stack(0x000000b55c800000,0x000000b55c900000)]
  0x000002013a0a7800 JavaThread "C1 CompilerThread0" daemon [_thread_blocked, id=11444, stack(0x000000b55c900000,0x000000b55ca00000)]
  0x000002013a0b2800 JavaThread "Sweeper thread" daemon [_thread_blocked, id=22104, stack(0x000000b55ca00000,0x000000b55cb00000)]
  0x000002013ab4e800 JavaThread "Common-Cleaner" daemon [_thread_blocked, id=18024, stack(0x000000b55cb00000,0x000000b55cc00000)]
  0x000002013c02f000 JavaThread "Daemon health stats" [_thread_blocked, id=19612, stack(0x000000b55cf00000,0x000000b55d000000)]
  0x000002013c86f800 JavaThread "Incoming local TCP Connector on port 51473" [_thread_in_native, id=8380, stack(0x000000b55d000000,0x000000b55d100000)]
  0x000002013c89f800 JavaThread "Daemon periodic checks" [_thread_blocked, id=8664, stack(0x000000b55d100000,0x000000b55d200000)]
  0x000002013c93d800 JavaThread "Daemon" [_thread_blocked, id=7148, stack(0x000000b55d200000,0x000000b55d300000)]
  0x000002013c94f800 JavaThread "Handler for socket connection from /127.0.0.1:51473 to /127.0.0.1:51474" [_thread_in_native, id=26540, stack(0x000000b55d300000,0x000000b55d400000)]
  0x000002013c8fa800 JavaThread "Cancel handler" [_thread_blocked, id=16500, stack(0x000000b55d400000,0x000000b55d500000)]
  0x000002013c903800 JavaThread "Daemon worker" [_thread_in_vm, id=27484, stack(0x000000b55d500000,0x000000b55d600000)]
  0x000002013c908000 JavaThread "Asynchronous log dispatcher for DefaultDaemonConnection: socket connection from /127.0.0.1:51473 to /127.0.0.1:51474" [_thread_blocked, id=25000, stack(0x000000b55d600000,0x000000b55d700000)]
  0x000002013c96f000 JavaThread "Stdin handler" [_thread_blocked, id=29240, stack(0x000000b55d700000,0x000000b55d800000)]
  0x000002013c971800 JavaThread "Daemon client event forwarder" [_thread_blocked, id=15432, stack(0x000000b55d800000,0x000000b55d900000)]
  0x000002013c970000 JavaThread "Cache worker for journal cache (C:\Users\PC\.gradle\caches\journal-1)" [_thread_blocked, id=23428, stack(0x000000b55e100000,0x000000b55e200000)]
  0x000002013c973800 JavaThread "File lock request listener" [_thread_in_native, id=4428, stack(0x000000b55e200000,0x000000b55e300000)]
  0x000002013c971000 JavaThread "Cache worker for file hash cache (C:\Users\PC\.gradle\caches\7.4\fileHashes)" [_thread_blocked, id=23724, stack(0x000000b55e300000,0x000000b55e400000)]
  0x000002013c972800 JavaThread "File watcher server" daemon [_thread_in_native, id=3452, stack(0x000000b55e600000,0x000000b55e700000)]
  0x000002013c96d800 JavaThread "File watcher consumer" daemon [_thread_blocked, id=7408, stack(0x000000b55e700000,0x000000b55e800000)]
  0x000002013c974000 JavaThread "Cache worker for checksums cache (C:\UdayFlutterProject\flutter_tawk-main\Demo_VLE\android\.gradle\7.4\checksums)" [_thread_blocked, id=22828, stack(0x000000b55e800000,0x000000b55e900000)]
  0x000002013c96e800 JavaThread "Cache worker for cache directory md-rule (C:\Users\PC\.gradle\caches\7.4\md-rule)" [_thread_blocked, id=12076, stack(0x000000b55e900000,0x000000b55ea00000)]
  0x000002013d0be000 JavaThread "Cache worker for file hash cache (C:\UdayFlutterProject\flutter_tawk-main\Demo_VLE\android\.gradle\7.4\fileHashes)" [_thread_blocked, id=29560, stack(0x000000b55ea00000,0x000000b55eb00000)]
  0x000002013d0c1800 JavaThread "Cache worker for cache directory md-supplier (C:\Users\PC\.gradle\caches\7.4\md-supplier)" [_thread_blocked, id=24408, stack(0x000000b55eb00000,0x000000b55ec00000)]
  0x000002013d0c0800 JavaThread "Cache worker for execution history cache (C:\Users\PC\.gradle\caches\7.4\executionHistory)" [_thread_blocked, id=24052, stack(0x000000b55ec00000,0x000000b55ed00000)]

Other Threads:
  0x000002013a058800 VMThread "VM Thread" [stack: 0x000000b55c200000,0x000000b55c300000] [id=24236]
  0x000002013ab93000 WatcherThread [stack: 0x000000b55cc00000,0x000000b55cd00000] [id=13756]
  0x0000020120ac8000 GCTaskThread "GC Thread#0" [stack: 0x000000b55bd00000,0x000000b55be00000] [id=7840]
  0x000002013b422000 GCTaskThread "GC Thread#1" [stack: 0x000000b55cd00000,0x000000b55ce00000] [id=29288]
  0x000002013c9e6800 GCTaskThread "GC Thread#2" [stack: 0x000000b55d900000,0x000000b55da00000] [id=7268]
  0x000002013c9e7000 GCTaskThread "GC Thread#3" [stack: 0x000000b55da00000,0x000000b55db00000] [id=18000]
  0x000002013cc2c800 GCTaskThread "GC Thread#4" [stack: 0x000000b55db00000,0x000000b55dc00000] [id=10488]
  0x000002013cc2d000 GCTaskThread "GC Thread#5" [stack: 0x000000b55dc00000,0x000000b55dd00000] [id=8280]
  0x000002013c9bb000 GCTaskThread "GC Thread#6" [stack: 0x000000b55dd00000,0x000000b55de00000] [id=26944]
  0x000002013c9bc000 GCTaskThread "GC Thread#7" [stack: 0x000000b55de00000,0x000000b55df00000] [id=1964]
  0x000002013c9bc800 GCTaskThread "GC Thread#8" [stack: 0x000000b55df00000,0x000000b55e000000] [id=23148]
  0x000002013c9bd000 GCTaskThread "GC Thread#9" [stack: 0x000000b55e000000,0x000000b55e100000] [id=15944]
  0x0000020120af0000 ConcurrentGCThread "G1 Main Marker" [stack: 0x000000b55be00000,0x000000b55bf00000] [id=27264]
  0x0000020120af1800 ConcurrentGCThread "G1 Conc#0" [stack: 0x000000b55bf00000,0x000000b55c000000] [id=28700]
  0x000002013cee4000 ConcurrentGCThread "G1 Conc#1" [stack: 0x000000b55e400000,0x000000b55e500000] [id=3568]
  0x000002013cee5000 ConcurrentGCThread "G1 Conc#2" [stack: 0x000000b55e500000,0x000000b55e600000] [id=4856]
  0x0000020120b72000 ConcurrentGCThread "G1 Refine#0" [stack: 0x000000b55c000000,0x000000b55c100000] [id=4708]
  0x000002013b69b800 ConcurrentGCThread "G1 Refine#1" [stack: 0x000000b55ce00000,0x000000b55cf00000] [id=22672]
  0x0000020139ed0800 ConcurrentGCThread "G1 Young RemSet Sampling" [stack: 0x000000b55c100000,0x000000b55c200000] [id=20080]

Threads with active compile tasks:
C2 CompilerThread0   4399 2762       4       java.util.AbstractCollection::addAll (42 bytes)

VM state:not at safepoint (normal execution)

VM Mutex/Monitor currently owned by a thread: None

Heap address: 0x00000000a0000000, size: 1536 MB, Compressed Oops mode: 32-bit
Narrow klass base: 0x0000000000000000, Narrow klass shift: 3
Compressed class space size: 1073741824 Address: 0x0000000100000000

Heap:
 garbage-first heap   total 96256K, used 26243K [0x00000000a0000000, 0x0000000100000000)
  region size 1024K, 10 young (10240K), 6 survivors (6144K)
 Metaspace       used 35812K, capacity 36599K, committed 36816K, reserved 1081344K
  class space    used 4556K, capacity 4876K, committed 4992K, reserved 1048576K
Heap Regions: E=young(eden), S=young(survivor), O=old, HS=humongous(starts), HC=humongous(continues), CS=collection set, F=free, A=archive, TAMS=top-at-mark-start (previous, next)
|   0|0x00000000a0000000, 0x00000000a0100000, 0x00000000a0100000|100%| O|  |TAMS 0x00000000a0100000, 0x00000000a0000000| Untracked 
|   1|0x00000000a0100000, 0x00000000a0200000, 0x00000000a0200000|100%| O|  |TAMS 0x00000000a0200000, 0x00000000a0100000| Untracked 
|   2|0x00000000a0200000, 0x00000000a0300000, 0x00000000a0300000|100%| O|  |TAMS 0x00000000a0300000, 0x00000000a0200000| Untracked 
|   3|0x00000000a0300000, 0x00000000a0400000, 0x00000000a0400000|100%|HS|  |TAMS 0x00000000a0400000, 0x00000000a0300000| Complete 
|   4|0x00000000a0400000, 0x00000000a0500000, 0x00000000a0500000|100%|HC|  |TAMS 0x00000000a0500000, 0x00000000a0400000| Complete 
|   5|0x00000000a0500000, 0x00000000a0600000, 0x00000000a0600000|100%|HC|  |TAMS 0x00000000a0600000, 0x00000000a0500000| Complete 
|   6|0x00000000a0600000, 0x00000000a0700000, 0x00000000a0700000|100%| O|  |TAMS 0x00000000a0700000, 0x00000000a0600000| Untracked 
|   7|0x00000000a0700000, 0x00000000a0800000, 0x00000000a0800000|100%| O|  |TAMS 0x00000000a0800000, 0x00000000a0700000| Untracked 
|   8|0x00000000a0800000, 0x00000000a0900000, 0x00000000a0900000|100%| O|  |TAMS 0x00000000a0900000, 0x00000000a0800000| Untracked 
|   9|0x00000000a0900000, 0x00000000a0a00000, 0x00000000a0a00000|100%| O|  |TAMS 0x00000000a0a00000, 0x00000000a0900000| Untracked 
|  10|0x00000000a0a00000, 0x00000000a0b00000, 0x00000000a0b00000|100%| O|  |TAMS 0x00000000a0b00000, 0x00000000a0a00000| Untracked 
|  11|0x00000000a0b00000, 0x00000000a0c00000, 0x00000000a0c00000|100%| O|  |TAMS 0x00000000a0c00000, 0x00000000a0b00000| Untracked 
|  12|0x00000000a0c00000, 0x00000000a0d00000, 0x00000000a0d00000|100%| O|  |TAMS 0x00000000a0d00000, 0x00000000a0c00000| Untracked 
|  13|0x00000000a0d00000, 0x00000000a0e00000, 0x00000000a0e00000|100%| O|  |TAMS 0x00000000a0e00000, 0x00000000a0d00000| Untracked 
|  14|0x00000000a0e00000, 0x00000000a0f00000, 0x00000000a0f00000|100%| O|  |TAMS 0x00000000a0f00000, 0x00000000a0e00000| Untracked 
|  15|0x00000000a0f00000, 0x00000000a1000000, 0x00000000a1000000|100%| O|  |TAMS 0x00000000a1000000, 0x00000000a0f00000| Untracked 
|  16|0x00000000a1000000, 0x00000000a1100000, 0x00000000a1100000|100%| O|  |TAMS 0x00000000a1100000, 0x00000000a1000000| Untracked 
|  17|0x00000000a1100000, 0x00000000a1100000, 0x00000000a1200000|  0%| F|  |TAMS 0x00000000a1100000, 0x00000000a1100000| Untracked 
|  18|0x00000000a1200000, 0x00000000a1200000, 0x00000000a1300000|  0%| F|  |TAMS 0x00000000a1200000, 0x00000000a1200000| Untracked 
|  19|0x00000000a1300000, 0x00000000a1300000, 0x00000000a1400000|  0%| F|  |TAMS 0x00000000a1300000, 0x00000000a1300000| Untracked 
|  20|0x00000000a1400000, 0x00000000a1400000, 0x00000000a1500000|  0%| F|  |TAMS 0x00000000a1400000, 0x00000000a1400000| Untracked 
|  21|0x00000000a1500000, 0x00000000a1500000, 0x00000000a1600000|  0%| F|  |TAMS 0x00000000a1500000, 0x00000000a1500000| Untracked 
|  22|0x00000000a1600000, 0x00000000a1600000, 0x00000000a1700000|  0%| F|  |TAMS 0x00000000a1600000, 0x00000000a1600000| Untracked 
|  23|0x00000000a1700000, 0x00000000a1700000, 0x00000000a1800000|  0%| F|  |TAMS 0x00000000a1700000, 0x00000000a1700000| Untracked 
|  24|0x00000000a1800000, 0x00000000a1800000, 0x00000000a1900000|  0%| F|  |TAMS 0x00000000a1800000, 0x00000000a1800000| Untracked 
|  25|0x00000000a1900000, 0x00000000a1900000, 0x00000000a1a00000|  0%| F|  |TAMS 0x00000000a1900000, 0x00000000a1900000| Untracked 
|  26|0x00000000a1a00000, 0x00000000a1a00000, 0x00000000a1b00000|  0%| F|  |TAMS 0x00000000a1a00000, 0x00000000a1a00000| Untracked 
|  27|0x00000000a1b00000, 0x00000000a1b00000, 0x00000000a1c00000|  0%| F|  |TAMS 0x00000000a1b00000, 0x00000000a1b00000| Untracked 
|  28|0x00000000a1c00000, 0x00000000a1c00000, 0x00000000a1d00000|  0%| F|  |TAMS 0x00000000a1c00000, 0x00000000a1c00000| Untracked 
|  29|0x00000000a1d00000, 0x00000000a1d00000, 0x00000000a1e00000|  0%| F|  |TAMS 0x00000000a1d00000, 0x00000000a1d00000| Untracked 
|  30|0x00000000a1e00000, 0x00000000a1e00000, 0x00000000a1f00000|  0%| F|  |TAMS 0x00000000a1e00000, 0x00000000a1e00000| Untracked 
|  31|0x00000000a1f00000, 0x00000000a1f00000, 0x00000000a2000000|  0%| F|  |TAMS 0x00000000a1f00000, 0x00000000a1f00000| Untracked 
|  32|0x00000000a2000000, 0x00000000a2000000, 0x00000000a2100000|  0%| F|  |TAMS 0x00000000a2000000, 0x00000000a2000000| Untracked 
|  33|0x00000000a2100000, 0x00000000a2100000, 0x00000000a2200000|  0%| F|  |TAMS 0x00000000a2100000, 0x00000000a2100000| Untracked 
|  34|0x00000000a2200000, 0x00000000a2200000, 0x00000000a2300000|  0%| F|  |TAMS 0x00000000a2200000, 0x00000000a2200000| Untracked 
|  35|0x00000000a2300000, 0x00000000a2300000, 0x00000000a2400000|  0%| F|  |TAMS 0x00000000a2300000, 0x00000000a2300000| Untracked 
|  36|0x00000000a2400000, 0x00000000a2400000, 0x00000000a2500000|  0%| F|  |TAMS 0x00000000a2400000, 0x00000000a2400000| Untracked 
|  37|0x00000000a2500000, 0x00000000a2500000, 0x00000000a2600000|  0%| F|  |TAMS 0x00000000a2500000, 0x00000000a2500000| Untracked 
|  38|0x00000000a2600000, 0x00000000a2600000, 0x00000000a2700000|  0%| F|  |TAMS 0x00000000a2600000, 0x00000000a2600000| Untracked 
|  39|0x00000000a2700000, 0x00000000a2700000, 0x00000000a2800000|  0%| F|  |TAMS 0x00000000a2700000, 0x00000000a2700000| Untracked 
|  40|0x00000000a2800000, 0x00000000a2800000, 0x00000000a2900000|  0%| F|  |TAMS 0x00000000a2800000, 0x00000000a2800000| Untracked 
|  41|0x00000000a2900000, 0x00000000a2900000, 0x00000000a2a00000|  0%| F|  |TAMS 0x00000000a2900000, 0x00000000a2900000| Untracked 
|  42|0x00000000a2a00000, 0x00000000a2a00000, 0x00000000a2b00000|  0%| F|  |TAMS 0x00000000a2a00000, 0x00000000a2a00000| Untracked 
|  43|0x00000000a2b00000, 0x00000000a2b00000, 0x00000000a2c00000|  0%| F|  |TAMS 0x00000000a2b00000, 0x00000000a2b00000| Untracked 
|  44|0x00000000a2c00000, 0x00000000a2c00000, 0x00000000a2d00000|  0%| F|  |TAMS 0x00000000a2c00000, 0x00000000a2c00000| Untracked 
|  45|0x00000000a2d00000, 0x00000000a2d00000, 0x00000000a2e00000|  0%| F|  |TAMS 0x00000000a2d00000, 0x00000000a2d00000| Untracked 
|  46|0x00000000a2e00000, 0x00000000a2ea0fe0, 0x00000000a2f00000| 62%| S|CS|TAMS 0x00000000a2e00000, 0x00000000a2e00000| Complete 
|  47|0x00000000a2f00000, 0x00000000a2f00000, 0x00000000a3000000|  0%| F|  |TAMS 0x00000000a2f00000, 0x00000000a2f00000| Untracked 
|  48|0x00000000a3000000, 0x00000000a3000000, 0x00000000a3100000|  0%| F|  |TAMS 0x00000000a3000000, 0x00000000a3000000| Untracked 
|  49|0x00000000a3100000, 0x00000000a3100000, 0x00000000a3200000|  0%| F|  |TAMS 0x00000000a3100000, 0x00000000a3100000| Untracked 
|  50|0x00000000a3200000, 0x00000000a3200000, 0x00000000a3300000|  0%| F|  |TAMS 0x00000000a3200000, 0x00000000a3200000| Untracked 
|  51|0x00000000a3300000, 0x00000000a3400000, 0x00000000a3400000|100%| S|CS|TAMS 0x00000000a3300000, 0x00000000a3300000| Complete 
|  52|0x00000000a3400000, 0x00000000a3500000, 0x00000000a3500000|100%| S|CS|TAMS 0x00000000a3400000, 0x00000000a3400000| Complete 
|  53|0x00000000a3500000, 0x00000000a3600000, 0x00000000a3600000|100%| S|CS|TAMS 0x00000000a3500000, 0x00000000a3500000| Complete 
|  54|0x00000000a3600000, 0x00000000a3700000, 0x00000000a3700000|100%| S|CS|TAMS 0x00000000a3600000, 0x00000000a3600000| Complete 
|  55|0x00000000a3700000, 0x00000000a3800000, 0x00000000a3800000|100%| S|CS|TAMS 0x00000000a3700000, 0x00000000a3700000| Complete 
|  56|0x00000000a3800000, 0x00000000a3800000, 0x00000000a3900000|  0%| F|  |TAMS 0x00000000a3800000, 0x00000000a3800000| Untracked 
|  57|0x00000000a3900000, 0x00000000a3900000, 0x00000000a3a00000|  0%| F|  |TAMS 0x00000000a3900000, 0x00000000a3900000| Untracked 
|  58|0x00000000a3a00000, 0x00000000a3a00000, 0x00000000a3b00000|  0%| F|  |TAMS 0x00000000a3a00000, 0x00000000a3a00000| Untracked 
|  59|0x00000000a3b00000, 0x00000000a3b00000, 0x00000000a3c00000|  0%| F|  |TAMS 0x00000000a3b00000, 0x00000000a3b00000| Untracked 
|  60|0x00000000a3c00000, 0x00000000a3c00000, 0x00000000a3d00000|  0%| F|  |TAMS 0x00000000a3c00000, 0x00000000a3c00000| Untracked 
|  61|0x00000000a3d00000, 0x00000000a3d00000, 0x00000000a3e00000|  0%| F|  |TAMS 0x00000000a3d00000, 0x00000000a3d00000| Untracked 
|  62|0x00000000a3e00000, 0x00000000a3e00000, 0x00000000a3f00000|  0%| F|  |TAMS 0x00000000a3e00000, 0x00000000a3e00000| Untracked 
|  63|0x00000000a3f00000, 0x00000000a3f00000, 0x00000000a4000000|  0%| F|  |TAMS 0x00000000a3f00000, 0x00000000a3f00000| Untracked 
|  64|0x00000000a4000000, 0x00000000a4000000, 0x00000000a4100000|  0%| F|  |TAMS 0x00000000a4000000, 0x00000000a4000000| Untracked 
|  65|0x00000000a4100000, 0x00000000a4100000, 0x00000000a4200000|  0%| F|  |TAMS 0x00000000a4100000, 0x00000000a4100000| Untracked 
|  66|0x00000000a4200000, 0x00000000a4200000, 0x00000000a4300000|  0%| F|  |TAMS 0x00000000a4200000, 0x00000000a4200000| Untracked 
|  67|0x00000000a4300000, 0x00000000a4300000, 0x00000000a4400000|  0%| F|  |TAMS 0x00000000a4300000, 0x00000000a4300000| Untracked 
|  68|0x00000000a4400000, 0x00000000a4400000, 0x00000000a4500000|  0%| F|  |TAMS 0x00000000a4400000, 0x00000000a4400000| Untracked 
|  69|0x00000000a4500000, 0x00000000a4500000, 0x00000000a4600000|  0%| F|  |TAMS 0x00000000a4500000, 0x00000000a4500000| Untracked 
|  70|0x00000000a4600000, 0x00000000a4600000, 0x00000000a4700000|  0%| F|  |TAMS 0x00000000a4600000, 0x00000000a4600000| Untracked 
|  71|0x00000000a4700000, 0x00000000a4700000, 0x00000000a4800000|  0%| F|  |TAMS 0x00000000a4700000, 0x00000000a4700000| Untracked 
|  72|0x00000000a4800000, 0x00000000a4800000, 0x00000000a4900000|  0%| F|  |TAMS 0x00000000a4800000, 0x00000000a4800000| Untracked 
|  73|0x00000000a4900000, 0x00000000a4900000, 0x00000000a4a00000|  0%| F|  |TAMS 0x00000000a4900000, 0x00000000a4900000| Untracked 
|  74|0x00000000a4a00000, 0x00000000a4a00000, 0x00000000a4b00000|  0%| F|  |TAMS 0x00000000a4a00000, 0x00000000a4a00000| Untracked 
|  75|0x00000000a4b00000, 0x00000000a4b00000, 0x00000000a4c00000|  0%| F|  |TAMS 0x00000000a4b00000, 0x00000000a4b00000| Untracked 
|  76|0x00000000a4c00000, 0x00000000a4c00000, 0x00000000a4d00000|  0%| F|  |TAMS 0x00000000a4c00000, 0x00000000a4c00000| Untracked 
|  77|0x00000000a4d00000, 0x00000000a4d00000, 0x00000000a4e00000|  0%| F|  |TAMS 0x00000000a4d00000, 0x00000000a4d00000| Untracked 
|  78|0x00000000a4e00000, 0x00000000a4e00000, 0x00000000a4f00000|  0%| F|  |TAMS 0x00000000a4e00000, 0x00000000a4e00000| Untracked 
|  79|0x00000000a4f00000, 0x00000000a4f00000, 0x00000000a5000000|  0%| F|  |TAMS 0x00000000a4f00000, 0x00000000a4f00000| Untracked 
|  80|0x00000000a5000000, 0x00000000a5000000, 0x00000000a5100000|  0%| F|  |TAMS 0x00000000a5000000, 0x00000000a5000000| Untracked 
|  81|0x00000000a5100000, 0x00000000a5100000, 0x00000000a5200000|  0%| F|  |TAMS 0x00000000a5100000, 0x00000000a5100000| Untracked 
|  82|0x00000000a5200000, 0x00000000a5200000, 0x00000000a5300000|  0%| F|  |TAMS 0x00000000a5200000, 0x00000000a5200000| Untracked 
|  83|0x00000000a5300000, 0x00000000a5300000, 0x00000000a5400000|  0%| F|  |TAMS 0x00000000a5300000, 0x00000000a5300000| Untracked 
|  84|0x00000000a5400000, 0x00000000a5400000, 0x00000000a5500000|  0%| F|  |TAMS 0x00000000a5400000, 0x00000000a5400000| Untracked 
|  85|0x00000000a5500000, 0x00000000a5500000, 0x00000000a5600000|  0%| F|  |TAMS 0x00000000a5500000, 0x00000000a5500000| Untracked 
|  86|0x00000000a5600000, 0x00000000a5600000, 0x00000000a5700000|  0%| F|  |TAMS 0x00000000a5600000, 0x00000000a5600000| Untracked 
|  87|0x00000000a5700000, 0x00000000a5700000, 0x00000000a5800000|  0%| F|  |TAMS 0x00000000a5700000, 0x00000000a5700000| Untracked 
|  88|0x00000000a5800000, 0x00000000a5800000, 0x00000000a5900000|  0%| F|  |TAMS 0x00000000a5800000, 0x00000000a5800000| Untracked 
|  89|0x00000000a5900000, 0x00000000a5900000, 0x00000000a5a00000|  0%| F|  |TAMS 0x00000000a5900000, 0x00000000a5900000| Untracked 
|  90|0x00000000a5a00000, 0x00000000a5b00000, 0x00000000a5b00000|100%| E|  |TAMS 0x00000000a5a00000, 0x00000000a5a00000| Complete 
|  91|0x00000000a5b00000, 0x00000000a5c00000, 0x00000000a5c00000|100%| E|CS|TAMS 0x00000000a5b00000, 0x00000000a5b00000| Complete 
|  92|0x00000000a5c00000, 0x00000000a5d00000, 0x00000000a5d00000|100%| E|CS|TAMS 0x00000000a5c00000, 0x00000000a5c00000| Complete 
|  93|0x00000000a5d00000, 0x00000000a5e00000, 0x00000000a5e00000|100%| E|CS|TAMS 0x00000000a5d00000, 0x00000000a5d00000| Complete 

Card table byte_map: [0x0000020133e10000,0x0000020134110000] _byte_map_base: 0x0000020133910000

Marking Bits (Prev, Next): (CMBitMap*) 0x0000020120ae9578, (CMBitMap*) 0x0000020120ae95b0
 Prev Bits: [0x0000020134410000, 0x0000020135c10000)
 Next Bits: [0x0000020135c10000, 0x0000020137410000)

Polling page: 0x000002011ea80000

Metaspace:

Usage:
  Non-class:     31.04 MB capacity,    30.57 MB ( 98%) used,   408.80 KB (  1%) free+waste,    76.25 KB ( <1%) overhead. 
      Class:      4.76 MB capacity,     4.45 MB ( 93%) used,   281.73 KB (  6%) free+waste,    37.13 KB ( <1%) overhead. 
       Both:     35.80 MB capacity,    35.02 MB ( 98%) used,   690.54 KB (  2%) free+waste,   113.38 KB ( <1%) overhead. 

Virtual space:
  Non-class space:       32.00 MB reserved,      31.08 MB ( 97%) committed 
      Class space:        1.00 GB reserved,       4.88 MB ( <1%) committed 
             Both:        1.03 GB reserved,      35.95 MB (  3%) committed 

Chunk freelists:
   Non-Class:  5.00 KB
       Class:  20.00 KB
        Both:  25.00 KB

MaxMetaspaceSize: 17179869184.00 GB
CompressedClassSpaceSize: 1.00 GB
Initial GC threshold: 20.80 MB
Current GC threshold: 58.88 MB
CDS: off

CodeHeap 'non-profiled nmethods': size=120000Kb used=1305Kb max_used=1305Kb free=118695Kb
 bounds [0x000002012c090000, 0x000002012c300000, 0x00000201335c0000]
CodeHeap 'profiled nmethods': size=120000Kb used=6061Kb max_used=6061Kb free=113938Kb
 bounds [0x0000020124b60000, 0x0000020125150000, 0x000002012c090000]
CodeHeap 'non-nmethods': size=5760Kb used=1569Kb max_used=1569Kb free=4190Kb
 bounds [0x00000201245c0000, 0x0000020124830000, 0x0000020124b60000]
 total_blobs=3452 nmethods=2845 adapters=519
 compilation: enabled
              stopped_count=0, restarted_count=0
 full_count=0

Compilation events (20 events):
Event: 4.336 Thread 0x000002013a0a7800 2848       3       java.lang.reflect.Field::<init> (44 bytes)
Event: 4.336 Thread 0x000002013a0a7800 nmethod 2848 0x0000020125147290 code [0x0000020125147460, 0x0000020125147818]
Event: 4.336 Thread 0x000002013a0a7800 2849       3       java.lang.reflect.Field::copy (76 bytes)
Event: 4.337 Thread 0x000002013a0a7800 nmethod 2849 0x0000020125147910 code [0x0000020125147b00, 0x0000020125147ef8]
Event: 4.337 Thread 0x000002013a0a7800 2850       1       java.lang.reflect.Field::getDeclaringClass (5 bytes)
Event: 4.337 Thread 0x000002013a0a7800 nmethod 2850 0x000002012c1d5b10 code [0x000002012c1d5cc0, 0x000002012c1d5d78]
Event: 4.340 Thread 0x000002013a0a7800 2851       3       org.codehaus.groovy.reflection.CachedMethod::getReturnType (8 bytes)
Event: 4.341 Thread 0x000002013a0a7800 nmethod 2851 0x0000020125148010 code [0x00000201251481c0, 0x00000201251482d8]
Event: 4.341 Thread 0x000002013a0a7800 2853       3       java.beans.MethodRef::get (91 bytes)
Event: 4.341 Thread 0x000002013a0a7800 nmethod 2853 0x0000020125148390 code [0x0000020125148600, 0x00000201251491b8]
Event: 4.341 Thread 0x000002013a0a7800 2852       1       groovy.lang.MetaProperty::getName (5 bytes)
Event: 4.341 Thread 0x000002013a0a7800 nmethod 2852 0x000002012c1d5e10 code [0x000002012c1d5fc0, 0x000002012c1d6078]
Event: 4.341 Thread 0x000002013a0a7800 2854       3       org.codehaus.groovy.util.ComplexKeyHashMap::hash (31 bytes)
Event: 4.341 Thread 0x000002013a0a7800 nmethod 2854 0x0000020125149490 code [0x0000020125149640, 0x0000020125149738]
Event: 4.342 Thread 0x000002013a0a7800 2855       3       org.codehaus.groovy.util.SingleKeyHashMap::getOrPut (137 bytes)
Event: 4.342 Thread 0x000002013a0a7800 nmethod 2855 0x0000020125149810 code [0x0000020125149a60, 0x000002012514a5a8]
Event: 4.345 Thread 0x000002013a0a7800 2856       1       java.util.logging.Logger::getName (5 bytes)
Event: 4.345 Thread 0x000002013a0a7800 nmethod 2856 0x000002012c1d6110 code [0x000002012c1d62c0, 0x000002012c1d6378]
Event: 4.345 Thread 0x000002013a0a7800 2857       3       java.lang.StringConcatHelper::mixCoder (8 bytes)
Event: 4.346 Thread 0x000002013a0a7800 nmethod 2857 0x000002012514a910 code [0x000002012514aac0, 0x000002012514ac38]

GC Heap History (14 events):
Event: 0.656 GC heap before
{Heap before GC invocations=0 (full 0):
 garbage-first heap   total 96256K, used 29696K [0x00000000a0000000, 0x0000000100000000)
  region size 1024K, 24 young (24576K), 0 survivors (0K)
 Metaspace       used 9817K, capacity 10058K, committed 10112K, reserved 1058816K
  class space    used 1009K, capacity 1102K, committed 1152K, reserved 1048576K
}
Event: 0.667 GC heap after
{Heap after GC invocations=1 (full 0):
 garbage-first heap   total 96256K, used 9107K [0x00000000a0000000, 0x0000000100000000)
  region size 1024K, 3 young (3072K), 3 survivors (3072K)
 Metaspace       used 9817K, capacity 10058K, committed 10112K, reserved 1058816K
  class space    used 1009K, capacity 1102K, committed 1152K, reserved 1048576K
}
Event: 1.596 GC heap before
{Heap before GC invocations=1 (full 0):
 garbage-first heap   total 96256K, used 63379K [0x00000000a0000000, 0x0000000100000000)
  region size 1024K, 56 young (57344K), 3 survivors (3072K)
 Metaspace       used 12962K, capacity 13289K, committed 13568K, reserved 1060864K
  class space    used 1394K, capacity 1499K, committed 1536K, reserved 1048576K
}
Event: 1.608 GC heap after
{Heap after GC invocations=2 (full 0):
 garbage-first heap   total 96256K, used 14893K [0x00000000a0000000, 0x0000000100000000)
  region size 1024K, 7 young (7168K), 7 survivors (7168K)
 Metaspace       used 12962K, capacity 13289K, committed 13568K, reserved 1060864K
  class space    used 1394K, capacity 1499K, committed 1536K, reserved 1048576K
}
Event: 2.484 GC heap before
{Heap before GC invocations=2 (full 0):
 garbage-first heap   total 96256K, used 39469K [0x00000000a0000000, 0x0000000100000000)
  region size 1024K, 31 young (31744K), 7 survivors (7168K)
 Metaspace       used 18158K, capacity 18495K, committed 18688K, reserved 1064960K
  class space    used 2138K, capacity 2276K, committed 2304K, reserved 1048576K
}
Event: 2.490 GC heap after
{Heap after GC invocations=3 (full 0):
 garbage-first heap   total 96256K, used 17079K [0x00000000a0000000, 0x0000000100000000)
  region size 1024K, 2 young (2048K), 2 survivors (2048K)
 Metaspace       used 18158K, capacity 18495K, committed 18688K, reserved 1064960K
  class space    used 2138K, capacity 2276K, committed 2304K, reserved 1048576K
}
Event: 2.790 GC heap before
{Heap before GC invocations=3 (full 0):
 garbage-first heap   total 96256K, used 35511K [0x00000000a0000000, 0x0000000100000000)
  region size 1024K, 21 young (21504K), 2 survivors (2048K)
 Metaspace       used 20657K, capacity 21130K, committed 21296K, reserved 1069056K
  class space    used 2479K, capacity 2626K, committed 2688K, reserved 1048576K
}
Event: 2.794 GC heap after
{Heap after GC invocations=4 (full 0):
 garbage-first heap   total 96256K, used 17616K [0x00000000a0000000, 0x0000000100000000)
  region size 1024K, 3 young (3072K), 3 survivors (3072K)
 Metaspace       used 20657K, capacity 21130K, committed 21296K, reserved 1069056K
  class space    used 2479K, capacity 2626K, committed 2688K, reserved 1048576K
}
Event: 3.196 GC heap before
{Heap before GC invocations=5 (full 0):
 garbage-first heap   total 96256K, used 54480K [0x00000000a0000000, 0x0000000100000000)
  region size 1024K, 39 young (39936K), 3 survivors (3072K)
 Metaspace       used 24159K, capacity 24732K, committed 25008K, reserved 1071104K
  class space    used 3044K, capacity 3253K, committed 3328K, reserved 1048576K
}
Event: 3.199 GC heap after
{Heap after GC invocations=6 (full 0):
 garbage-first heap   total 96256K, used 18716K [0x00000000a0000000, 0x0000000100000000)
  region size 1024K, 4 young (4096K), 4 survivors (4096K)
 Metaspace       used 24159K, capacity 24732K, committed 25008K, reserved 1071104K
  class space    used 3044K, capacity 3253K, committed 3328K, reserved 1048576K
}
Event: 3.631 GC heap before
{Heap before GC invocations=6 (full 0):
 garbage-first heap   total 96256K, used 58652K [0x00000000a0000000, 0x0000000100000000)
  region size 1024K, 43 young (44032K), 4 survivors (4096K)
 Metaspace       used 28230K, capacity 28892K, committed 28976K, reserved 1075200K
  class space    used 3663K, capacity 3924K, committed 3968K, reserved 1048576K
}
Event: 3.635 GC heap after
{Heap after GC invocations=7 (full 0):
 garbage-first heap   total 96256K, used 20321K [0x00000000a0000000, 0x0000000100000000)
  region size 1024K, 4 young (4096K), 4 survivors (4096K)
 Metaspace       used 28230K, capacity 28892K, committed 28976K, reserved 1075200K
  class space    used 3663K, capacity 3924K, committed 3968K, reserved 1048576K
}
Event: 4.309 GC heap before
{Heap before GC invocations=7 (full 0):
 garbage-first heap   total 96256K, used 58209K [0x00000000a0000000, 0x0000000100000000)
  region size 1024K, 42 young (43008K), 4 survivors (4096K)
 Metaspace       used 35017K, capacity 35780K, committed 35920K, reserved 1081344K
  class space    used 4462K, capacity 4774K, committed 4864K, reserved 1048576K
}
Event: 4.318 GC heap after
{Heap after GC invocations=8 (full 0):
 garbage-first heap   total 96256K, used 23171K [0x00000000a0000000, 0x0000000100000000)
  region size 1024K, 6 young (6144K), 6 survivors (6144K)
 Metaspace       used 35017K, capacity 35780K, committed 35920K, reserved 1081344K
  class space    used 4462K, capacity 4774K, committed 4864K, reserved 1048576K
}

Deoptimization events (20 events):
Event: 3.919 Thread 0x000002013c903800 Uncommon trap: trap_request=0xffffff4d fr.pc=0x000002012c17df50 relative=0x00000000000001f0
Event: 3.919 Thread 0x000002013c903800 Uncommon trap: reason=unstable_if action=reinterpret pc=0x000002012c17df50 method=java.util.HashMap.putVal(ILjava/lang/Object;Ljava/lang/Object;ZZ)Ljava/lang/Object; @ 162 c2
Event: 3.919 Thread 0x000002013c903800 DEOPT PACKING pc=0x000002012c17df50 sp=0x000000b55d5fa330
Event: 3.919 Thread 0x000002013c903800 DEOPT UNPACKING pc=0x000002012460a1af sp=0x000000b55d5fa2b0 mode 2
Event: 4.060 Thread 0x000002013c903800 DEOPT PACKING pc=0x0000020124f29f76 sp=0x000000b55d5f51e0
Event: 4.060 Thread 0x000002013c903800 DEOPT UNPACKING pc=0x000002012460a95e sp=0x000000b55d5f4700 mode 0
Event: 4.174 Thread 0x000002013c903800 Uncommon trap: trap_request=0xffffff4d fr.pc=0x000002012c0fdff8 relative=0x00000000000006b8
Event: 4.174 Thread 0x000002013c903800 Uncommon trap: reason=unstable_if action=reinterpret pc=0x000002012c0fdff8 method=java.util.Properties$LineReader.readLine()I @ 95 c2
Event: 4.174 Thread 0x000002013c903800 DEOPT PACKING pc=0x000002012c0fdff8 sp=0x000000b55d5f90a0
Event: 4.174 Thread 0x000002013c903800 DEOPT UNPACKING pc=0x000002012460a1af sp=0x000000b55d5f9058 mode 2
Event: 4.196 Thread 0x000002013c903800 Uncommon trap: trap_request=0xffffff4d fr.pc=0x000002012c178284 relative=0x0000000000004744
Event: 4.197 Thread 0x000002013c903800 Uncommon trap: reason=unstable_if action=reinterpret pc=0x000002012c178284 method=jdk.internal.loader.BuiltinClassLoader.loadClassOrNull(Ljava/lang/String;Z)Ljava/lang/Class; @ 42 c2
Event: 4.197 Thread 0x000002013c903800 DEOPT PACKING pc=0x000002012c178284 sp=0x000000b55d5f4ef0
Event: 4.197 Thread 0x000002013c903800 DEOPT UNPACKING pc=0x000002012460a1af sp=0x000000b55d5f4d50 mode 2
Event: 4.299 Thread 0x000002013c903800 DEOPT PACKING pc=0x0000020124f82979 sp=0x000000b55d5f5bc0
Event: 4.299 Thread 0x000002013c903800 DEOPT UNPACKING pc=0x000002012460a95e sp=0x000000b55d5f5108 mode 0
Event: 4.303 Thread 0x000002013c903800 Uncommon trap: trap_request=0xffffff5c fr.pc=0x000002012c1355d8 relative=0x0000000000000d38
Event: 4.303 Thread 0x000002013c903800 Uncommon trap: reason=speculate_null_assert action=make_not_entrant pc=0x000002012c1355d8 method=jdk.internal.loader.URLClassPath$JarLoader.getResource(Ljava/lang/String;ZLjava/util/Set;)Ljdk/internal/loader/Resource; @ 17 c2
Event: 4.303 Thread 0x000002013c903800 DEOPT PACKING pc=0x000002012c1355d8 sp=0x000000b55d5f4d30
Event: 4.303 Thread 0x000002013c903800 DEOPT UNPACKING pc=0x000002012460a1af sp=0x000000b55d5f4cd8 mode 2

Classes redefined (0 events):
No events

Internal exceptions (20 events):
Event: 3.620 Thread 0x000002013c903800 Exception <a 'java/lang/NoSuchMethodError'{0x00000000a3740c70}: 'java.lang.Object java.lang.invoke.DirectMethodHandle$Holder.invokeSpecial(java.lang.Object, java.lang.Object, java.lang.Object, java.lang.Object, java.lang.Object, java.lang.Object, java.lang.Object, java.lang.Object, java.lang.Object, java.lang.Object, java.lang.Object, java.lang.Object, java.lang.Object, java.lang.Object)'> (0x00000000a3740c70) thrown at [./src/hotspot/share/interpreter/linkResolver.cpp, line 773]
Event: 3.622 Thread 0x000002013c903800 Exception <a 'java/lang/NoSuchMethodError'{0x00000000a3752590}: 'java.lang.Object java.lang.invoke.Invokers$Holder.linkToTargetMethod(java.lang.Object, java.lang.Object, java.lang.Object, java.lang.Object, java.lang.Object, java.lang.Object, java.lang.Object, java.lang.Object, java.lang.Object, java.lang.Object, java.lang.Object, java.lang.Object)'> (0x00000000a3752590) thrown at [./src/hotspot/share/interpreter/linkResolver.cpp, line 773]
Event: 3.644 Thread 0x000002013c903800 Exception <a 'java/lang/NoSuchMethodError'{0x00000000a5d660d8}: 'java.lang.Object java.lang.invoke.DirectMethodHandle$Holder.invokeStaticInit(java.lang.Object, java.lang.Object, java.lang.Object, java.lang.Object)'> (0x00000000a5d660d8) thrown at [./src/hotspot/share/interpreter/linkResolver.cpp, line 773]
Event: 3.751 Thread 0x000002013c903800 Exception <a 'java/lang/NoSuchMethodError'{0x00000000a54777f0}: 'java.lang.Object java.lang.invoke.Invokers$Holder.linkToTargetMethod(java.lang.Object, java.lang.Object, java.lang.Object, java.lang.Object, java.lang.Object, java.lang.Object, java.lang.Object, java.lang.Object)'> (0x00000000a54777f0) thrown at [./src/hotspot/share/interpreter/linkResolver.cpp, line 773]
Event: 3.756 Thread 0x000002013c903800 Exception <a 'java/lang/NoSuchMethodError'{0x00000000a54d09e0}: 'java.lang.Object java.lang.invoke.Invokers$Holder.linkToTargetMethod(java.lang.Object, java.lang.Object, java.lang.Object, java.lang.Object, java.lang.Object, java.lang.Object, java.lang.Object)'> (0x00000000a54d09e0) thrown at [./src/hotspot/share/interpreter/linkResolver.cpp, line 773]
Event: 3.762 Thread 0x000002013c903800 Exception <a 'java/lang/IncompatibleClassChangeError'{0x00000000a5327290}: Found class java.lang.Object, but interface was expected> (0x00000000a5327290) thrown at [./src/hotspot/share/interpreter/linkResolver.cpp, line 839]
Event: 4.028 Thread 0x000002013c903800 Exception <a 'java/lang/NoSuchMethodError'{0x00000000a41fd990}: 'void java.lang.invoke.DirectMethodHandle$Holder.invokeStaticInit(java.lang.Object, java.lang.Object, java.lang.Object)'> (0x00000000a41fd990) thrown at [./src/hotspot/share/interpreter/linkResolver.cpp, line 773]
Event: 4.029 Thread 0x000002013c903800 Exception <a 'java/lang/NoSuchMethodError'{0x00000000a40051a0}: 'void java.lang.invoke.DirectMethodHandle$Holder.invokeStaticInit(java.lang.Object, java.lang.Object, java.lang.Object, java.lang.Object)'> (0x00000000a40051a0) thrown at [./src/hotspot/share/interpreter/linkResolver.cpp, line 773]
Event: 4.031 Thread 0x000002013c903800 Exception <a 'java/lang/NoSuchMethodError'{0x00000000a40278d8}: 'void java.lang.invoke.DirectMethodHandle$Holder.invokeStaticInit(java.lang.Object, java.lang.Object, java.lang.Object, java.lang.Object, java.lang.Object)'> (0x00000000a40278d8) thrown at [./src/hotspot/share/interpreter/linkResolver.cpp, line 773]
Event: 4.057 Thread 0x000002013c903800 Exception <a 'java/lang/NoSuchMethodError'{0x00000000a4086670}: 'int java.lang.invoke.DirectMethodHandle$Holder.invokeStaticInit(java.lang.Object, java.lang.Object, java.lang.Object, java.lang.Object)'> (0x00000000a4086670) thrown at [./src/hotspot/share/interpreter/linkResolver.cpp, line 773]
Event: 4.299 Thread 0x000002013c903800 Exception <a 'java/lang/NoSuchMethodError'{0x00000000a3813eb8}: 'java.lang.Object java.lang.invoke.DirectMethodHandle$Holder.invokeStatic(java.lang.Object, java.lang.Object, java.lang.Object, java.lang.Object, java.lang.Object, java.lang.Object, java.lang.Object, java.lang.Object, java.lang.Object, java.lang.Object, java.lang.Object, int)'> (0x00000000a3813eb8) thrown at [./src/hotspot/share/interpreter/linkResolver.cpp, line 773]
Event: 4.300 Thread 0x000002013c903800 Exception <a 'java/lang/NoSuchMethodError'{0x00000000a3832858}: 'java.lang.Object java.lang.invoke.DirectMethodHandle$Holder.invokeStatic(java.lang.Object, java.lang.Object, java.lang.Object, java.lang.Object, java.lang.Object, java.lang.Object, java.lang.Object, java.lang.Object, java.lang.Object, java.lang.Object, java.lang.Object, int, int)'> (0x00000000a3832858) thrown at [./src/hotspot/share/interpreter/linkResolver.cpp, line 773]
Event: 4.301 Thread 0x000002013c903800 Exception <a 'java/lang/NoSuchMethodError'{0x00000000a3852088}: 'java.lang.Object java.lang.invoke.DirectMethodHandle$Holder.invokeStatic(java.lang.Object, java.lang.Object, java.lang.Object, java.lang.Object, java.lang.Object, java.lang.Object, java.lang.Object, java.lang.Object, java.lang.Object, java.lang.Object, java.lang.Object, int, int, java.lang.Object)'> (0x00000000a3852088) thrown at [./src/hotspot/share/interpreter/linkResolver.cpp, line 773]
Event: 4.302 Thread 0x000002013c903800 Exception <a 'java/lang/NoSuchMethodError'{0x00000000a3873180}: 'java.lang.Object java.lang.invoke.DirectMethodHandle$Holder.invokeStatic(java.lang.Object, java.lang.Object, java.lang.Object, java.lang.Object, java.lang.Object, java.lang.Object, java.lang.Object, java.lang.Object, java.lang.Object, java.lang.Object, java.lang.Object, int, int, java.lang.Object, java.lang.Object)'> (0x00000000a3873180) thrown at [./src/hotspot/share/interpreter/linkResolver.cpp, line 773]
Event: 4.305 Thread 0x000002013c903800 Exception <a 'java/lang/ClassNotFoundException'{0x00000000a38a4718}: groovy/lang/ExpandoMetaClassBeanInfo> (0x00000000a38a4718) thrown at [./src/hotspot/share/classfile/systemDictionary.cpp, line 231]
Event: 4.305 Thread 0x000002013c903800 Exception <a 'java/lang/ClassNotFoundException'{0x00000000a38c5ed0}: groovy/lang/MetaClassImplBeanInfo> (0x00000000a38c5ed0) thrown at [./src/hotspot/share/classfile/systemDictionary.cpp, line 231]
Event: 4.305 Thread 0x000002013c903800 Exception <a 'java/lang/ClassNotFoundException'{0x00000000a38cfc38}: java/lang/ObjectBeanInfo> (0x00000000a38cfc38) thrown at [./src/hotspot/share/classfile/systemDictionary.cpp, line 231]
Event: 4.306 Thread 0x000002013c903800 Exception <a 'java/lang/ClassNotFoundException'{0x00000000a38dbdf8}: java/lang/ObjectCustomizer> (0x00000000a38dbdf8) thrown at [./src/hotspot/share/classfile/systemDictionary.cpp, line 231]
Event: 4.325 Thread 0x000002013c903800 Exception <a 'java/lang/ClassNotFoundException'{0x00000000a5d26620}: groovy/lang/MetaClassImplCustomizer> (0x00000000a5d26620) thrown at [./src/hotspot/share/classfile/systemDictionary.cpp, line 231]
Event: 4.328 Thread 0x000002013c903800 Exception <a 'java/lang/ClassNotFoundException'{0x00000000a5d67858}: groovy/lang/ExpandoMetaClassCustomizer> (0x00000000a5d67858) thrown at [./src/hotspot/share/classfile/systemDictionary.cpp, line 231]

Events (20 events):
Event: 4.345 loading class java/util/concurrent/locks/ReentrantReadWriteLock$WriteLock
Event: 4.345 loading class java/util/concurrent/locks/ReentrantReadWriteLock$WriteLock done
Event: 4.345 loading class org/codehaus/groovy/control/ResolveVisitor
Event: 4.345 loading class org/codehaus/groovy/control/ResolveVisitor done
Event: 4.350 loading class org/codehaus/groovy/ast/ClassCodeExpressionTransformer
Event: 4.350 loading class org/codehaus/groovy/ast/ClassCodeExpressionTransformer done
Event: 4.351 loading class org/codehaus/groovy/ast/expr/ExpressionTransformer
Event: 4.351 loading class org/codehaus/groovy/ast/expr/ExpressionTransformer done
Event: 4.351 loading class org/codehaus/groovy/ast/ClassCodeVisitorSupport
Event: 4.351 loading class org/codehaus/groovy/ast/ClassCodeVisitorSupport done
Event: 4.352 loading class org/codehaus/groovy/transform/ErrorCollecting
Event: 4.352 loading class org/codehaus/groovy/transform/ErrorCollecting done
Event: 4.353 loading class org/codehaus/groovy/ast/GroovyClassVisitor
Event: 4.353 loading class org/codehaus/groovy/ast/GroovyClassVisitor done
Event: 4.353 loading class org/codehaus/groovy/ast/CodeVisitorSupport
Event: 4.353 loading class org/codehaus/groovy/ast/CodeVisitorSupport done
Event: 4.354 loading class org/codehaus/groovy/ast/GroovyCodeVisitor
Event: 4.354 loading class org/codehaus/groovy/ast/GroovyCodeVisitor done
Event: 4.355 loading class org/codehaus/groovy/ast/expr/BinaryExpression
Event: 4.355 loading class org/codehaus/groovy/ast/expr/BinaryExpression done


Dynamic libraries:
0x00007ff736f60000 - 0x00007ff736f6a000 	C:\Program Files\Android\Android Studio\jre\bin\java.exe
0x00007fff33f30000 - 0x00007fff34147000 	C:\WINDOWS\SYSTEM32\ntdll.dll
0x00007fff32c50000 - 0x00007fff32d14000 	C:\WINDOWS\System32\KERNEL32.DLL
0x00007fff314f0000 - 0x00007fff31896000 	C:\WINDOWS\System32\KERNELBASE.dll
0x00007fff31350000 - 0x00007fff31461000 	C:\WINDOWS\System32\ucrtbase.dll
0x00007ffef60a0000 - 0x00007ffef60b7000 	C:\Program Files\Android\Android Studio\jre\bin\VCRUNTIME140.dll
0x00007ffef60c0000 - 0x00007ffef60d9000 	C:\Program Files\Android\Android Studio\jre\bin\jli.dll
0x00007fff33180000 - 0x00007fff3332e000 	C:\WINDOWS\System32\USER32.dll
0x00007fff318a0000 - 0x00007fff318c6000 	C:\WINDOWS\System32\win32u.dll
0x00007fff17e70000 - 0x00007fff18103000 	C:\WINDOWS\WinSxS\amd64_microsoft.windows.common-controls_6595b64144ccf1df_6.0.22621.2361_none_2712ced57382f843\COMCTL32.dll
0x00007fff31db0000 - 0x00007fff31dd9000 	C:\WINDOWS\System32\GDI32.dll
0x00007fff32d20000 - 0x00007fff32dc7000 	C:\WINDOWS\System32\msvcrt.dll
0x00007fff31b00000 - 0x00007fff31c18000 	C:\WINDOWS\System32\gdi32full.dll
0x00007fff312b0000 - 0x00007fff3134a000 	C:\WINDOWS\System32\msvcp_win.dll
0x00007fff33e90000 - 0x00007fff33ec1000 	C:\WINDOWS\System32\IMM32.DLL
0x00007ffef6000000 - 0x00007ffef609d000 	C:\Program Files\Android\Android Studio\jre\bin\msvcp140.dll
0x00007ffee79a0000 - 0x00007ffee84a2000 	C:\Program Files\Android\Android Studio\jre\bin\server\jvm.dll
0x00007fff31de0000 - 0x00007fff31e90000 	C:\WINDOWS\System32\ADVAPI32.dll
0x00007fff31e90000 - 0x00007fff31f36000 	C:\WINDOWS\System32\sechost.dll
0x00007fff32a30000 - 0x00007fff32b47000 	C:\WINDOWS\System32\RPCRT4.dll
0x00007fff33af0000 - 0x00007fff33af8000 	C:\WINDOWS\System32\PSAPI.DLL
0x00007fff2b340000 - 0x00007fff2b349000 	C:\WINDOWS\SYSTEM32\WSOCK32.dll
0x00007fff2ac20000 - 0x00007fff2ac54000 	C:\WINDOWS\SYSTEM32\WINMM.dll
0x00007fff29590000 - 0x00007fff2959a000 	C:\WINDOWS\SYSTEM32\VERSION.dll
0x00007fff32b50000 - 0x00007fff32bc1000 	C:\WINDOWS\System32\WS2_32.dll
0x00007fff30290000 - 0x00007fff302a8000 	C:\WINDOWS\SYSTEM32\kernel.appcore.dll
0x00007fff1ed10000 - 0x00007fff1ed21000 	C:\Program Files\Android\Android Studio\jre\bin\verify.dll
0x00007fff2ed20000 - 0x00007fff2ef4e000 	C:\WINDOWS\SYSTEM32\DBGHELP.DLL
0x00007fff33b00000 - 0x00007fff33e8a000 	C:\WINDOWS\System32\combase.dll
0x00007fff32dd0000 - 0x00007fff32ea7000 	C:\WINDOWS\System32\OLEAUT32.dll
0x00007fff13ad0000 - 0x00007fff13b02000 	C:\WINDOWS\SYSTEM32\dbgcore.DLL
0x00007fff31470000 - 0x00007fff314ea000 	C:\WINDOWS\System32\bcryptPrimitives.dll
0x00007fff01170000 - 0x00007fff01199000 	C:\Program Files\Android\Android Studio\jre\bin\java.dll
0x00007fff248a0000 - 0x00007fff248ab000 	C:\Program Files\Android\Android Studio\jre\bin\jimage.dll
0x00007fff15620000 - 0x00007fff15638000 	C:\Program Files\Android\Android Studio\jre\bin\zip.dll
0x00007fff31fb0000 - 0x00007fff32808000 	C:\WINDOWS\System32\SHELL32.dll
0x00007fff2f210000 - 0x00007fff2fb02000 	C:\WINDOWS\SYSTEM32\windows.storage.dll
0x00007fff2f0d0000 - 0x00007fff2f20e000 	C:\WINDOWS\SYSTEM32\wintypes.dll
0x00007fff339e0000 - 0x00007fff33ad3000 	C:\WINDOWS\System32\SHCORE.dll
0x00007fff32820000 - 0x00007fff3287e000 	C:\WINDOWS\System32\shlwapi.dll
0x00007fff311e0000 - 0x00007fff31206000 	C:\WINDOWS\SYSTEM32\profapi.dll
0x00007fff0dc00000 - 0x00007fff0dc1a000 	C:\Program Files\Android\Android Studio\jre\bin\net.dll
0x00007fff2a5d0000 - 0x00007fff2a707000 	C:\WINDOWS\SYSTEM32\WINHTTP.dll
0x00007fff30770000 - 0x00007fff307d9000 	C:\WINDOWS\system32\mswsock.dll
0x00007fff01150000 - 0x00007fff01164000 	C:\Program Files\Android\Android Studio\jre\bin\nio.dll
0x00007fff020e0000 - 0x00007fff02107000 	C:\Users\PC\.gradle\native\e1d6ef7f7dcc3fd88c89a11ec53ec762bb8ba0a96d01ffa2cd45eb1d1d8dd5c5\windows-amd64\native-platform.dll
0x00007ffee6b80000 - 0x00007ffee6cc4000 	C:\Users\PC\.gradle\native\0d407fdbe67a94daf76414ababcb853783967236a71b16ec16e742cd7a986fd3\windows-amd64\native-platform-file-events.dll
0x00007fff24840000 - 0x00007fff2484a000 	C:\Program Files\Android\Android Studio\jre\bin\management.dll
0x00007fff1ed00000 - 0x00007fff1ed0d000 	C:\Program Files\Android\Android Studio\jre\bin\management_ext.dll
0x00007fff309c0000 - 0x00007fff309db000 	C:\WINDOWS\SYSTEM32\CRYPTSP.dll
0x00007fff30250000 - 0x00007fff30285000 	C:\WINDOWS\system32\rsaenh.dll
0x00007fff30860000 - 0x00007fff3088c000 	C:\WINDOWS\SYSTEM32\USERENV.dll
0x00007fff30b80000 - 0x00007fff30ba8000 	C:\WINDOWS\SYSTEM32\bcrypt.dll
0x00007fff309e0000 - 0x00007fff309ec000 	C:\WINDOWS\SYSTEM32\CRYPTBASE.dll
0x00007fff2fd70000 - 0x00007fff2fd9d000 	C:\WINDOWS\SYSTEM32\IPHLPAPI.DLL
0x00007fff328d0000 - 0x00007fff328d9000 	C:\WINDOWS\System32\NSI.dll
0x00007fff2ac00000 - 0x00007fff2ac19000 	C:\WINDOWS\SYSTEM32\dhcpcsvc6.DLL
0x00007fff2abe0000 - 0x00007fff2abff000 	C:\WINDOWS\SYSTEM32\dhcpcsvc.DLL
0x00007fff2fde0000 - 0x00007fff2fed9000 	C:\WINDOWS\SYSTEM32\DNSAPI.dll

dbghelp: loaded successfully - version: 4.0.5 - missing functions: none
symbol engine: initialized successfully - sym options: 0x614 - pdb path: .;C:\Program Files\Android\Android Studio\jre\bin;C:\WINDOWS\SYSTEM32;C:\WINDOWS\WinSxS\amd64_microsoft.windows.common-controls_6595b64144ccf1df_6.0.22621.2361_none_2712ced57382f843;C:\Program Files\Android\Android Studio\jre\bin\server;C:\Users\PC\.gradle\native\e1d6ef7f7dcc3fd88c89a11ec53ec762bb8ba0a96d01ffa2cd45eb1d1d8dd5c5\windows-amd64;C:\Users\PC\.gradle\native\0d407fdbe67a94daf76414ababcb853783967236a71b16ec16e742cd7a986fd3\windows-amd64

VM Arguments:
jvm_args: --add-opens=java.base/java.util=ALL-UNNAMED --add-opens=java.base/java.lang=ALL-UNNAMED --add-opens=java.base/java.lang.invoke=ALL-UNNAMED --add-opens=java.base/java.util=ALL-UNNAMED --add-opens=java.prefs/java.util.prefs=ALL-UNNAMED --add-opens=java.prefs/java.util.prefs=ALL-UNNAMED --add-opens=java.base/java.nio.charset=ALL-UNNAMED --add-opens=java.base/java.net=ALL-UNNAMED --add-opens=java.base/java.util.concurrent.atomic=ALL-UNNAMED -Xmx1536M -Dfile.encoding=windows-1252 -Duser.country=US -Duser.language=en -Duser.variant 
java_command: org.gradle.launcher.daemon.bootstrap.GradleDaemon 7.4
java_class_path (initial): C:\Users\PC\.gradle\wrapper\dists\gradle-7.4-all\aadb4xli5jkdsnukm30eibyiu\gradle-7.4\lib\gradle-launcher-7.4.jar
Launcher Type: SUN_STANDARD

[Global flags]
     intx CICompilerCount                          = 4                                         {product} {ergonomic}
     uint ConcGCThreads                            = 3                                         {product} {ergonomic}
     uint G1ConcRefinementThreads                  = 10                                        {product} {ergonomic}
   size_t G1HeapRegionSize                         = 1048576                                   {product} {ergonomic}
    uintx GCDrainStackTargetSize                   = 64                                        {product} {ergonomic}
   size_t InitialHeapSize                          = 98566144                                  {product} {ergonomic}
   size_t MarkStackSize                            = 4194304                                   {product} {ergonomic}
   size_t MaxHeapSize                              = 1610612736                                {product} {command line}
   size_t MaxNewSize                               = 965738496                                 {product} {ergonomic}
   size_t MinHeapDeltaBytes                        = 1048576                                   {product} {ergonomic}
    uintx NonNMethodCodeHeapSize                   = 5836300                                {pd product} {ergonomic}
    uintx NonProfiledCodeHeapSize                  = 122910970                              {pd product} {ergonomic}
    uintx ProfiledCodeHeapSize                     = 122910970                              {pd product} {ergonomic}
    uintx ReservedCodeCacheSize                    = 251658240                              {pd product} {ergonomic}
     bool SegmentedCodeCache                       = true                                      {product} {ergonomic}
     bool UseCompressedClassPointers               = true                                 {lp64_product} {ergonomic}
     bool UseCompressedOops                        = true                                 {lp64_product} {ergonomic}
     bool UseG1GC                                  = true                                      {product} {ergonomic}
     bool UseLargePagesIndividualAllocation        = false                                  {pd product} {ergonomic}

Logging:
Log output configuration:
 #0: stdout all=warning uptime,level,tags
 #1: stderr all=off uptime,level,tags

Environment Variables:
JAVA_HOME=C:\Program Files\Android\Android Studio\jre
CLASSPATH=C:\UdayFlutterProject\flutter_tawk-main\Demo_VLE\android\\gradle\wrapper\gradle-wrapper.jar
PATH=C:\Windows\system32;C:\Windows;C:\Windows\System32\Wbem;C:\Windows\System32\WindowsPowerShell\v1.0\;C:\Windows\System32\OpenSSH\;C:\Program Files (x86)\NVIDIA Corporation\PhysX\Common;C:\Program Files\PuTTY\;C:\ProgramData\chocolatey\bin;C:\Users\PC\AppData\Roaming\nvm;C:\Program Files\nodejs;C:\Program Files\NVIDIA Corporation\NVIDIA NvDLISR;C:\Program Files\Git\cmd;C:\Users\PC\Documents\Harshna\flutter_windows_3.7.0-stable\flutter\bin;C:\WINDOWS\system32;C:\WINDOWS;C:\WINDOWS\System32\Wbem;C:\WINDOWS\System32\WindowsPowerShell\v1.0\;C:\WINDOWS\System32\OpenSSH\;C:\Users\PC\AppData\Local\Android\Sdk\platform-tools;C:\Users\PC\AppData\Local\Programs\Python\Python310\Scripts\;C:\Users\PC\AppData\Local\Programs\Python\Python310\;C:\Python27;C:\Users\PC\AppData\Roaming\nvm;C:\Program Files\nodejs;C:\Users\PC\AppData\Local\Programs\Microsoft VS Code\bin;C:\Users\PC\Documents\Harshna\flutter_windows_3.7.0-stable\flutter\bin;C:\Users\PC\AppData\Local\Microsoft\WindowsApps;C:\Users\PC\AppData\Local\GitHubDesktop\bin;C:\Program Files\Java\jdk-19\bin;C:\Users\PC\AppData\Local\Android\Sdk\platform-tools;;C:\Users\PC\Documents\Harshna\flutter_windows_3.7.0-stable\flutter\bin\mingit\cmd
USERNAME=PC
OS=Windows_NT
PROCESSOR_IDENTIFIER=AMD64 Family 25 Model 80 Stepping 0, AuthenticAMD



---------------  S Y S T E M  ---------------

OS: Windows 11 , 64 bit Build 22621 (10.0.22621.2361)
OS uptime: 11 days 4:57 hours

CPU:total 12 (initial active 12) (12 cores per cpu, 2 threads per core) family 25 model 80 stepping 0 microcode 0x0, cmov, cx8, fxsr, mmx, sse, sse2, sse3, ssse3, sse4.1, sse4.2, popcnt, avx, avx2, aes, clmul, erms, mmxext, 3dnowpref, lzcnt, sse4a, ht, tsc, tscinvbit, tscinv, bmi1, bmi2, adx, sha, fma

Memory: 4k page, system-wide physical 5996M (16M free)
TotalPageFile size 24428M (AvailPageFile size 6M)
current process WorkingSet (physical memory assigned to process): 205M, peak: 205M
current process commit charge ("private bytes"): 261M, peak: 261M

vm_info: OpenJDK 64-Bit Server VM (11.0.13+0-b1751.21-8125866) for windows-amd64 JRE (11.0.13+0-b1751.21-8125866), built on Feb  2 2022 03:00:22 by "builder" with MS VC++ 14.0 (VS2015)

END.
