#
# There is insufficient memory for the Java Runtime Environment to continue.
# Native memory allocation (mmap) failed to map 31457280 bytes for Failed to commit area from 0x00000000a8800000 to 0x00000000aa600000 of length 31457280.
# Possible reasons:
#   The system is out of physical RAM or swap space
#   The process is running with CompressedOops enabled, and the Java Heap may be blocking the growth of the native heap
# Possible solutions:
#   Reduce memory load on the system
#   Increase physical memory or swap space
#   Check if swap backing store is full
#   Decrease Java heap size (-Xmx/-Xms)
#   Decrease number of Java threads
#   Decrease Java thread stack sizes (-Xss)
#   Set larger code cache with -XX:ReservedCodeCacheSize=
#   JVM is running with Unscaled Compressed Oops mode in which the Java heap is
#     placed in the first 4GB address space. The Java Heap base address is the
#     maximum limit for the native heap growth. Please use -XX:HeapBaseMinAddress
#     to set the Java Heap base and to place the Java Heap above 4GB virtual address.
# This output file may be truncated or incomplete.
#
#  Out of Memory Error (./src/hotspot/os/windows/os_windows.cpp:3619), pid=27408, tid=11100
#
# JRE version: OpenJDK Runtime Environment (11.0.13) (build 11.0.13+0-b1751.21-8125866)
# Java VM: OpenJDK 64-Bit Server VM (11.0.13+0-b1751.21-8125866, mixed mode, tiered, compressed oops, g1 gc, windows-amd64)
# No core dump will be written. Minidumps are not enabled by default on client versions of Windows
#

---------------  S U M M A R Y ------------

Command Line: --add-opens=java.base/java.util=ALL-UNNAMED --add-opens=java.base/java.lang=ALL-UNNAMED --add-opens=java.base/java.lang.invoke=ALL-UNNAMED --add-opens=java.base/java.util=ALL-UNNAMED --add-opens=java.prefs/java.util.prefs=ALL-UNNAMED --add-opens=java.prefs/java.util.prefs=ALL-UNNAMED --add-opens=java.base/java.nio.charset=ALL-UNNAMED --add-opens=java.base/java.net=ALL-UNNAMED --add-opens=java.base/java.util.concurrent.atomic=ALL-UNNAMED -Xmx1536M -Dfile.encoding=windows-1252 -Duser.country=US -Duser.language=en -Duser.variant org.gradle.launcher.daemon.bootstrap.GradleDaemon 7.4

Host: AMD Ryzen 5 5600H with Radeon Graphics         , 12 cores, 5G,  Windows 11 , 64 bit Build 22621 (10.0.22621.2361)
Time: Tue Oct 10 15:55:38 2023 India Standard Time elapsed time: 14.428442 seconds (0d 0h 0m 14s)

---------------  T H R E A D  ---------------

Current thread (0x00000196f41f5000):  VMThread "VM Thread" [stack: 0x0000008696400000,0x0000008696500000] [id=11100]

Stack: [0x0000008696400000,0x0000008696500000]
[error occurred during error reporting (printing stack bounds), id 0xc0000005, EXCEPTION_ACCESS_VIOLATION (0xc0000005) at pc=0x00000196ddfc112d]

Native frames: (J=compiled Java code, j=interpreted, Vv=VM code, C=native code)
V  [jvm.dll+0x6100fa]
V  [jvm.dll+0x747090]
V  [jvm.dll+0x7486ad]
V  [jvm.dll+0x748ce5]
V  [jvm.dll+0x748c9b]
V  [jvm.dll+0x60f224]
V  [jvm.dll+0x60f9b8]
C  [ntdll.dll+0xa430f]
C  [ntdll.dll+0x1e456]
C  [ntdll.dll+0xa32fe]
C  0x00000196ddfc112d

VM_Operation (0x00000086977efef0): G1CollectForAllocation, mode: safepoint, requested by thread 0x00000196f6a1e000


---------------  P R O C E S S  ---------------

Threads class SMR info:
_java_thread_list=0x00000196fdda9740, length=169, elements={
0x00000196d8ce4800, 0x00000196f4218800, 0x00000196f4225000, 0x00000196f4bb3800,
0x00000196f4bb4800, 0x00000196f4bb8000, 0x00000196f4bb9800, 0x00000196f4bc1000,
0x00000196f4bc2800, 0x00000196f4cfa800, 0x00000196f6b11800, 0x00000196f5e14000,
0x00000196f5f9c000, 0x00000196f5e73800, 0x00000196f6a21000, 0x00000196f6225800,
0x00000196f6a1e000, 0x00000196f6172800, 0x00000196f6731800, 0x00000196f6b38000,
0x00000196f6b3a800, 0x00000196f6b3c800, 0x00000196f6b3b800, 0x00000196f6b3f000,
0x00000196f6b39000, 0x00000196f6b3a000, 0x00000196f6b3d000, 0x00000196f6b3e000,
0x00000196f70b7000, 0x00000196f70b6000, 0x00000196f70b5000, 0x00000196f70b4800,
0x00000196f70b7800, 0x00000196f70b3000, 0x00000196f70b2000, 0x00000196f70bc800,
0x00000196f70b9800, 0x00000196f70bd800, 0x00000196f70ba000, 0x00000196f70be000,
0x00000196f70bb000, 0x00000196f70bb800, 0x00000196f70b8800, 0x00000196f70bf000,
0x00000196f70c0000, 0x00000196f70c0800, 0x00000196fb4d3000, 0x00000196fb4d5800,
0x00000196fb4d6000, 0x00000196fb4d2000, 0x00000196fb4d4800, 0x00000196fb4d4000,
0x00000196fb4d1800, 0x00000196fb4da800, 0x00000196fb4dd000, 0x00000196fb4d7000,
0x00000196fb4d8000, 0x00000196fb4dd800, 0x00000196fb4de800, 0x00000196fb4d8800,
0x00000196fb4df000, 0x00000196fb4d9800, 0x00000196fb4dc000, 0x00000196fb4db000,
0x00000196fb4e0000, 0x00000196f5c11800, 0x00000196f5c13800, 0x00000196f5c12800,
0x00000196f5c10000, 0x00000196f5c0f800, 0x00000196f5c14000, 0x00000196f5c15000,
0x00000196f5c11000, 0x00000196f5c17800, 0x00000196f5c16000, 0x00000196f5c16800,
0x00000196f5c19000, 0x00000196f5c1a000, 0x00000196f5c1b800, 0x00000196f5c1e000,
0x00000196f5c1d000, 0x00000196f5c18000, 0x00000196f5c1a800, 0x00000196f5c1c800,
0x00000196fb553000, 0x00000196fb54d800, 0x00000196fb554000, 0x00000196fb54e000,
0x00000196fb554800, 0x00000196fb551800, 0x00000196fb54f000, 0x00000196fb54f800,
0x00000196fb555800, 0x00000196fb550800, 0x00000196fb556800, 0x00000196fb557000,
0x00000196fb558000, 0x00000196fb552000, 0x00000196fb558800, 0x00000196fb559800,
0x00000196fb55c000, 0x00000196fb55a800, 0x00000196fb55b000, 0x00000196f4e77800,
0x00000196f4e76800, 0x00000196f4e78800, 0x00000196f4e7a000, 0x00000196f4e79000,
0x00000196f4e7a800, 0x00000196f4e75000, 0x00000196f4e7b800, 0x00000196f4e76000,
0x00000196f4e7f800, 0x00000196f4e81800, 0x00000196f4e7c800, 0x00000196f4e83000,
0x00000196f4e80800, 0x00000196f4e82000, 0x00000196f4e7d000, 0x00000196f4e83800,
0x00000196f4e7e000, 0x00000196f4e7f000, 0x00000196f8fe6800, 0x00000196f8fe7800,
0x00000196f8fe5000, 0x00000196f8fe9000, 0x00000196f8fea000, 0x00000196f8fe4000,
0x00000196f8fea800, 0x00000196f8fe8000, 0x00000196f8feb800, 0x00000196f8fe5800,
0x00000196f8fec000, 0x00000196f8fed000, 0x00000196f8ff2000, 0x00000196f8ff0800,
0x00000196f8fee000, 0x00000196f8ff2800, 0x00000196f8ff1000, 0x00000196f8fee800,
0x00000196f8fef800, 0x00000196f7502000, 0x00000196f7503000, 0x00000196f74fd000,
0x00000196f7503800, 0x00000196f74fe000, 0x00000196f7500800, 0x00000196f74ff800,
0x00000196f7501000, 0x00000196f74fe800, 0x00000196f7509800, 0x00000196f7506000,
0x00000196f7507800, 0x00000196f750a000, 0x00000196f7507000, 0x00000196f7504800,
0x00000196f7505000, 0x00000196f7508800, 0x00000196f750b000, 0x00000196f750c000,
0x00000196fb9a9800, 0x00000196fb9aa800, 0x00000196fb9a5800, 0x00000196fb9a7000,
0x00000196fb9ab000, 0x00000196fb9ac000, 0x00000196fc3c8000, 0x00000196fc0f8800,
0x00000196fb9a8800
}

Java Threads: ( => current thread )
  0x00000196d8ce4800 JavaThread "main" [_thread_blocked, id=22956, stack(0x0000008695e00000,0x0000008695f00000)]
  0x00000196f4218800 JavaThread "Reference Handler" daemon [_thread_blocked, id=23448, stack(0x0000008696500000,0x0000008696600000)]
  0x00000196f4225000 JavaThread "Finalizer" daemon [_thread_blocked, id=17596, stack(0x0000008696600000,0x0000008696700000)]
  0x00000196f4bb3800 JavaThread "Signal Dispatcher" daemon [_thread_blocked, id=1264, stack(0x0000008696700000,0x0000008696800000)]
  0x00000196f4bb4800 JavaThread "Attach Listener" daemon [_thread_blocked, id=29760, stack(0x0000008696800000,0x0000008696900000)]
  0x00000196f4bb8000 JavaThread "Service Thread" daemon [_thread_blocked, id=8604, stack(0x0000008696900000,0x0000008696a00000)]
  0x00000196f4bb9800 JavaThread "C2 CompilerThread0" daemon [_thread_blocked, id=20440, stack(0x0000008696a00000,0x0000008696b00000)]
  0x00000196f4bc1000 JavaThread "C1 CompilerThread0" daemon [_thread_blocked, id=18800, stack(0x0000008696b00000,0x0000008696c00000)]
  0x00000196f4bc2800 JavaThread "Sweeper thread" daemon [_thread_blocked, id=20336, stack(0x0000008696c00000,0x0000008696d00000)]
  0x00000196f4cfa800 JavaThread "Common-Cleaner" daemon [_thread_blocked, id=4088, stack(0x0000008696d00000,0x0000008696e00000)]
  0x00000196f6b11800 JavaThread "Daemon health stats" [_thread_blocked, id=16800, stack(0x0000008697100000,0x0000008697200000)]
  0x00000196f5e14000 JavaThread "Incoming local TCP Connector on port 51213" [_thread_in_native, id=26584, stack(0x0000008697200000,0x0000008697300000)]
  0x00000196f5f9c000 JavaThread "Daemon periodic checks" [_thread_blocked, id=1860, stack(0x0000008697300000,0x0000008697400000)]
  0x00000196f5e73800 JavaThread "Daemon" [_thread_blocked, id=28000, stack(0x0000008697400000,0x0000008697500000)]
  0x00000196f6a21000 JavaThread "Handler for socket connection from /127.0.0.1:51213 to /127.0.0.1:51214" [_thread_in_native, id=18724, stack(0x0000008697500000,0x0000008697600000)]
  0x00000196f6225800 JavaThread "Cancel handler" [_thread_blocked, id=11748, stack(0x0000008697600000,0x0000008697700000)]
  0x00000196f6a1e000 JavaThread "Daemon worker" [_thread_blocked, id=17656, stack(0x0000008697700000,0x0000008697800000)]
  0x00000196f6172800 JavaThread "Asynchronous log dispatcher for DefaultDaemonConnection: socket connection from /127.0.0.1:51213 to /127.0.0.1:51214" [_thread_blocked, id=29312, stack(0x0000008697800000,0x0000008697900000)]
  0x00000196f6731800 JavaThread "Stdin handler" [_thread_blocked, id=6516, stack(0x0000008697900000,0x0000008697a00000)]
  0x00000196f6b38000 JavaThread "Daemon client event forwarder" [_thread_blocked, id=21000, stack(0x0000008697a00000,0x0000008697b00000)]
  0x00000196f6b3a800 JavaThread "Cache worker for journal cache (C:\Users\PC\.gradle\caches\journal-1)" [_thread_blocked, id=26808, stack(0x0000008698300000,0x0000008698400000)]
  0x00000196f6b3c800 JavaThread "File lock request listener" [_thread_in_native, id=30576, stack(0x0000008698400000,0x0000008698500000)]
  0x00000196f6b3b800 JavaThread "Cache worker for file hash cache (C:\Users\PC\.gradle\caches\7.4\fileHashes)" [_thread_blocked, id=13080, stack(0x0000008698500000,0x0000008698600000)]
  0x00000196f6b3f000 JavaThread "File watcher server" daemon [_thread_in_native, id=15988, stack(0x0000008698800000,0x0000008698900000)]
  0x00000196f6b39000 JavaThread "File watcher consumer" daemon [_thread_blocked, id=27040, stack(0x0000008698900000,0x0000008698a00000)]
  0x00000196f6b3a000 JavaThread "Cache worker for checksums cache (C:\UdayFlutterProject\flutter_tawk-main\Demo_VLE\android\.gradle\7.4\checksums)" [_thread_blocked, id=21988, stack(0x0000008698a00000,0x0000008698b00000)]
  0x00000196f6b3d000 JavaThread "Cache worker for cache directory md-rule (C:\Users\PC\.gradle\caches\7.4\md-rule)" [_thread_blocked, id=27880, stack(0x0000008698b00000,0x0000008698c00000)]
  0x00000196f6b3e000 JavaThread "Cache worker for file hash cache (C:\UdayFlutterProject\flutter_tawk-main\Demo_VLE\android\.gradle\7.4\fileHashes)" [_thread_blocked, id=30284, stack(0x0000008698c00000,0x0000008698d00000)]
  0x00000196f70b7000 JavaThread "Cache worker for cache directory md-supplier (C:\Users\PC\.gradle\caches\7.4\md-supplier)" [_thread_blocked, id=27508, stack(0x0000008698d00000,0x0000008698e00000)]
  0x00000196f70b6000 JavaThread "Cache worker for execution history cache (C:\Users\PC\.gradle\caches\7.4\executionHistory)" [_thread_blocked, id=26208, stack(0x0000008698e00000,0x0000008698f00000)]
  0x00000196f70b5000 JavaThread "jar transforms" [_thread_blocked, id=20616, stack(0x0000008699100000,0x0000008699200000)]
  0x00000196f70b4800 JavaThread "jar transforms Thread 2" [_thread_blocked, id=10180, stack(0x0000008699200000,0x0000008699300000)]
  0x00000196f70b7800 JavaThread "Cache worker for file content cache (C:\Users\PC\.gradle\caches\7.4\fileContent)" [_thread_blocked, id=28216, stack(0x0000008699300000,0x0000008699400000)]
  0x00000196f70b3000 JavaThread "jar transforms Thread 3" [_thread_blocked, id=16892, stack(0x0000008699400000,0x0000008699500000)]
  0x00000196f70b2000 JavaThread "jar transforms Thread 4" [_thread_blocked, id=19264, stack(0x0000008699500000,0x0000008699600000)]
  0x00000196f70bc800 JavaThread "Cache worker for dependencies-accessors (C:\UdayFlutterProject\flutter_tawk-main\Demo_VLE\android\.gradle\7.4\dependencies-accessors)" [_thread_blocked, id=30348, stack(0x0000008699600000,0x0000008699700000)]
  0x00000196f70b9800 JavaThread "jar transforms Thread 5" [_thread_blocked, id=19484, stack(0x0000008699700000,0x0000008699800000)]
  0x00000196f70bd800 JavaThread "Cache worker for Build Output Cleanup Cache (C:\UdayFlutterProject\flutter_tawk-main\Demo_VLE\android\.gradle\buildOutputCleanup)" [_thread_blocked, id=26424, stack(0x0000008699000000,0x0000008699100000)]
  0x00000196f70ba000 JavaThread "Unconstrained build operations" [_thread_blocked, id=19236, stack(0x0000008699800000,0x0000008699900000)]
  0x00000196f70be000 JavaThread "Unconstrained build operations Thread 2" [_thread_blocked, id=12704, stack(0x0000008699900000,0x0000008699a00000)]
  0x00000196f70bb000 JavaThread "Unconstrained build operations Thread 3" [_thread_blocked, id=17064, stack(0x0000008699a00000,0x0000008699b00000)]
  0x00000196f70bb800 JavaThread "Unconstrained build operations Thread 4" [_thread_blocked, id=9648, stack(0x0000008699b00000,0x0000008699c00000)]
  0x00000196f70b8800 JavaThread "Unconstrained build operations Thread 5" [_thread_blocked, id=29920, stack(0x0000008699c00000,0x0000008699d00000)]
  0x00000196f70bf000 JavaThread "Unconstrained build operations Thread 6" [_thread_blocked, id=16900, stack(0x0000008699d00000,0x0000008699e00000)]
  0x00000196f70c0000 JavaThread "Unconstrained build operations Thread 7" [_thread_blocked, id=29516, stack(0x0000008699e00000,0x0000008699f00000)]
  0x00000196f70c0800 JavaThread "Unconstrained build operations Thread 8" [_thread_blocked, id=21916, stack(0x0000008699f00000,0x000000869a000000)]
  0x00000196fb4d3000 JavaThread "Unconstrained build operations Thread 9" [_thread_blocked, id=23500, stack(0x000000869a000000,0x000000869a100000)]
  0x00000196fb4d5800 JavaThread "Unconstrained build operations Thread 10" [_thread_blocked, id=19304, stack(0x000000869a100000,0x000000869a200000)]
  0x00000196fb4d6000 JavaThread "Unconstrained build operations Thread 11" [_thread_blocked, id=25164, stack(0x000000869a200000,0x000000869a300000)]
  0x00000196fb4d2000 JavaThread "Unconstrained build operations Thread 12" [_thread_blocked, id=20400, stack(0x000000869a300000,0x000000869a400000)]
  0x00000196fb4d4800 JavaThread "Unconstrained build operations Thread 13" [_thread_blocked, id=2244, stack(0x000000869a400000,0x000000869a500000)]
  0x00000196fb4d4000 JavaThread "Unconstrained build operations Thread 14" [_thread_blocked, id=5236, stack(0x000000869a500000,0x000000869a600000)]
  0x00000196fb4d1800 JavaThread "Unconstrained build operations Thread 15" [_thread_blocked, id=7384, stack(0x000000869a600000,0x000000869a700000)]
  0x00000196fb4da800 JavaThread "Unconstrained build operations Thread 16" [_thread_blocked, id=3400, stack(0x000000869a700000,0x000000869a800000)]
  0x00000196fb4dd000 JavaThread "Unconstrained build operations Thread 17" [_thread_blocked, id=15932, stack(0x000000869a800000,0x000000869a900000)]
  0x00000196fb4d7000 JavaThread "Unconstrained build operations Thread 18" [_thread_blocked, id=24544, stack(0x000000869a900000,0x000000869aa00000)]
  0x00000196fb4d8000 JavaThread "Unconstrained build operations Thread 19" [_thread_blocked, id=12756, stack(0x000000869aa00000,0x000000869ab00000)]
  0x00000196fb4dd800 JavaThread "Unconstrained build operations Thread 20" [_thread_blocked, id=8260, stack(0x000000869ab00000,0x000000869ac00000)]
  0x00000196fb4de800 JavaThread "Unconstrained build operations Thread 21" [_thread_blocked, id=14576, stack(0x000000869ac00000,0x000000869ad00000)]
  0x00000196fb4d8800 JavaThread "Unconstrained build operations Thread 22" [_thread_blocked, id=872, stack(0x000000869ad00000,0x000000869ae00000)]
  0x00000196fb4df000 JavaThread "Unconstrained build operations Thread 23" [_thread_blocked, id=3672, stack(0x000000869ae00000,0x000000869af00000)]
  0x00000196fb4d9800 JavaThread "Unconstrained build operations Thread 24" [_thread_blocked, id=28304, stack(0x000000869af00000,0x000000869b000000)]
  0x00000196fb4dc000 JavaThread "Unconstrained build operations Thread 25" [_thread_blocked, id=23888, stack(0x000000869b000000,0x000000869b100000)]
  0x00000196fb4db000 JavaThread "Unconstrained build operations Thread 26" [_thread_blocked, id=28284, stack(0x000000869b100000,0x000000869b200000)]
  0x00000196fb4e0000 JavaThread "Unconstrained build operations Thread 27" [_thread_blocked, id=24048, stack(0x000000869b200000,0x000000869b300000)]
  0x00000196f5c11800 JavaThread "Unconstrained build operations Thread 28" [_thread_blocked, id=15520, stack(0x000000869b300000,0x000000869b400000)]
  0x00000196f5c13800 JavaThread "Unconstrained build operations Thread 29" [_thread_blocked, id=23156, stack(0x000000869b400000,0x000000869b500000)]
  0x00000196f5c12800 JavaThread "Unconstrained build operations Thread 30" [_thread_blocked, id=28852, stack(0x000000869b500000,0x000000869b600000)]
  0x00000196f5c10000 JavaThread "Unconstrained build operations Thread 31" [_thread_blocked, id=30340, stack(0x000000869b600000,0x000000869b700000)]
  0x00000196f5c0f800 JavaThread "Unconstrained build operations Thread 32" [_thread_blocked, id=17780, stack(0x000000869b700000,0x000000869b800000)]
  0x00000196f5c14000 JavaThread "Unconstrained build operations Thread 33" [_thread_blocked, id=27680, stack(0x000000869b800000,0x000000869b900000)]
  0x00000196f5c15000 JavaThread "Unconstrained build operations Thread 34" [_thread_blocked, id=24228, stack(0x000000869b900000,0x000000869ba00000)]
  0x00000196f5c11000 JavaThread "Unconstrained build operations Thread 35" [_thread_blocked, id=1456, stack(0x000000869ba00000,0x000000869bb00000)]
  0x00000196f5c17800 JavaThread "Unconstrained build operations Thread 36" [_thread_blocked, id=20808, stack(0x000000869bb00000,0x000000869bc00000)]
  0x00000196f5c16000 JavaThread "Unconstrained build operations Thread 37" [_thread_blocked, id=30388, stack(0x000000869bc00000,0x000000869bd00000)]
  0x00000196f5c16800 JavaThread "Unconstrained build operations Thread 38" [_thread_blocked, id=22852, stack(0x000000869bd00000,0x000000869be00000)]
  0x00000196f5c19000 JavaThread "Unconstrained build operations Thread 39" [_thread_blocked, id=15076, stack(0x000000869be00000,0x000000869bf00000)]
  0x00000196f5c1a000 JavaThread "Unconstrained build operations Thread 40" [_thread_blocked, id=25072, stack(0x000000869bf00000,0x000000869c000000)]
  0x00000196f5c1b800 JavaThread "Unconstrained build operations Thread 41" [_thread_blocked, id=13200, stack(0x000000869c000000,0x000000869c100000)]
  0x00000196f5c1e000 JavaThread "Unconstrained build operations Thread 42" [_thread_blocked, id=21008, stack(0x000000869c100000,0x000000869c200000)]
  0x00000196f5c1d000 JavaThread "Unconstrained build operations Thread 43" [_thread_blocked, id=1344, stack(0x000000869c200000,0x000000869c300000)]
  0x00000196f5c18000 JavaThread "Unconstrained build operations Thread 44" [_thread_blocked, id=21040, stack(0x000000869c300000,0x000000869c400000)]
  0x00000196f5c1a800 JavaThread "Unconstrained build operations Thread 45" [_thread_blocked, id=22076, stack(0x000000869c400000,0x000000869c500000)]
  0x00000196f5c1c800 JavaThread "Unconstrained build operations Thread 46" [_thread_blocked, id=24008, stack(0x000000869c500000,0x000000869c600000)]
  0x00000196fb553000 JavaThread "Unconstrained build operations Thread 47" [_thread_blocked, id=14188, stack(0x000000869c600000,0x000000869c700000)]
  0x00000196fb54d800 JavaThread "Unconstrained build operations Thread 48" [_thread_blocked, id=27212, stack(0x000000869c700000,0x000000869c800000)]
  0x00000196fb554000 JavaThread "Unconstrained build operations Thread 49" [_thread_blocked, id=2612, stack(0x000000869c800000,0x000000869c900000)]
  0x00000196fb54e000 JavaThread "Unconstrained build operations Thread 50" [_thread_blocked, id=18148, stack(0x000000869c900000,0x000000869ca00000)]
  0x00000196fb554800 JavaThread "Unconstrained build operations Thread 51" [_thread_blocked, id=24116, stack(0x000000869ca00000,0x000000869cb00000)]
  0x00000196fb551800 JavaThread "Unconstrained build operations Thread 52" [_thread_blocked, id=13392, stack(0x000000869cb00000,0x000000869cc00000)]
  0x00000196fb54f000 JavaThread "Unconstrained build operations Thread 53" [_thread_blocked, id=17296, stack(0x000000869cc00000,0x000000869cd00000)]
  0x00000196fb54f800 JavaThread "Unconstrained build operations Thread 54" [_thread_blocked, id=20456, stack(0x000000869cd00000,0x000000869ce00000)]
  0x00000196fb555800 JavaThread "Unconstrained build operations Thread 55" [_thread_blocked, id=25820, stack(0x000000869ce00000,0x000000869cf00000)]
  0x00000196fb550800 JavaThread "Unconstrained build operations Thread 56" [_thread_blocked, id=15564, stack(0x000000869cf00000,0x000000869d000000)]
  0x00000196fb556800 JavaThread "Unconstrained build operations Thread 57" [_thread_blocked, id=6500, stack(0x000000869d000000,0x000000869d100000)]
  0x00000196fb557000 JavaThread "Unconstrained build operations Thread 58" [_thread_blocked, id=5144, stack(0x000000869d100000,0x000000869d200000)]
  0x00000196fb558000 JavaThread "Unconstrained build operations Thread 59" [_thread_blocked, id=23868, stack(0x000000869d200000,0x000000869d300000)]
  0x00000196fb552000 JavaThread "Unconstrained build operations Thread 60" [_thread_blocked, id=29732, stack(0x000000869d300000,0x000000869d400000)]
  0x00000196fb558800 JavaThread "Unconstrained build operations Thread 61" [_thread_blocked, id=9036, stack(0x000000869d400000,0x000000869d500000)]
  0x00000196fb559800 JavaThread "Unconstrained build operations Thread 62" [_thread_blocked, id=8588, stack(0x000000869d500000,0x000000869d600000)]
  0x00000196fb55c000 JavaThread "Unconstrained build operations Thread 63" [_thread_blocked, id=19552, stack(0x000000869d600000,0x000000869d700000)]
  0x00000196fb55a800 JavaThread "Unconstrained build operations Thread 64" [_thread_blocked, id=18012, stack(0x000000869d700000,0x000000869d800000)]
  0x00000196fb55b000 JavaThread "Unconstrained build operations Thread 65" [_thread_blocked, id=348, stack(0x000000869d800000,0x000000869d900000)]
  0x00000196f4e77800 JavaThread "Unconstrained build operations Thread 66" [_thread_blocked, id=13352, stack(0x000000869d900000,0x000000869da00000)]
  0x00000196f4e76800 JavaThread "Unconstrained build operations Thread 67" [_thread_blocked, id=20468, stack(0x000000869da00000,0x000000869db00000)]
  0x00000196f4e78800 JavaThread "Unconstrained build operations Thread 68" [_thread_blocked, id=16852, stack(0x000000869db00000,0x000000869dc00000)]
  0x00000196f4e7a000 JavaThread "Unconstrained build operations Thread 69" [_thread_blocked, id=18564, stack(0x000000869dc00000,0x000000869dd00000)]
  0x00000196f4e79000 JavaThread "Unconstrained build operations Thread 70" [_thread_blocked, id=608, stack(0x000000869dd00000,0x000000869de00000)]
  0x00000196f4e7a800 JavaThread "Unconstrained build operations Thread 71" [_thread_blocked, id=23324, stack(0x000000869de00000,0x000000869df00000)]
  0x00000196f4e75000 JavaThread "Unconstrained build operations Thread 72" [_thread_blocked, id=12692, stack(0x000000869df00000,0x000000869e000000)]
  0x00000196f4e7b800 JavaThread "Unconstrained build operations Thread 73" [_thread_blocked, id=10248, stack(0x000000869e000000,0x000000869e100000)]
  0x00000196f4e76000 JavaThread "Unconstrained build operations Thread 74" [_thread_blocked, id=29340, stack(0x000000869e100000,0x000000869e200000)]
  0x00000196f4e7f800 JavaThread "Unconstrained build operations Thread 75" [_thread_blocked, id=28288, stack(0x000000869e200000,0x000000869e300000)]
  0x00000196f4e81800 JavaThread "Unconstrained build operations Thread 76" [_thread_blocked, id=13052, stack(0x000000869e300000,0x000000869e400000)]
  0x00000196f4e7c800 JavaThread "Unconstrained build operations Thread 77" [_thread_blocked, id=22496, stack(0x000000869e400000,0x000000869e500000)]
  0x00000196f4e83000 JavaThread "Unconstrained build operations Thread 78" [_thread_blocked, id=27104, stack(0x000000869e500000,0x000000869e600000)]
  0x00000196f4e80800 JavaThread "Unconstrained build operations Thread 79" [_thread_blocked, id=18128, stack(0x000000869e600000,0x000000869e700000)]
  0x00000196f4e82000 JavaThread "Unconstrained build operations Thread 80" [_thread_blocked, id=16668, stack(0x000000869e700000,0x000000869e800000)]
  0x00000196f4e7d000 JavaThread "Unconstrained build operations Thread 81" [_thread_blocked, id=2576, stack(0x000000869e800000,0x000000869e900000)]
  0x00000196f4e83800 JavaThread "Unconstrained build operations Thread 82" [_thread_blocked, id=27828, stack(0x000000869e900000,0x000000869ea00000)]
  0x00000196f4e7e000 JavaThread "Unconstrained build operations Thread 83" [_thread_blocked, id=11400, stack(0x000000869ea00000,0x000000869eb00000)]
  0x00000196f4e7f000 JavaThread "Unconstrained build operations Thread 84" [_thread_blocked, id=29736, stack(0x000000869eb00000,0x000000869ec00000)]
  0x00000196f8fe6800 JavaThread "Unconstrained build operations Thread 85" [_thread_blocked, id=428, stack(0x000000869ec00000,0x000000869ed00000)]
  0x00000196f8fe7800 JavaThread "Unconstrained build operations Thread 86" [_thread_blocked, id=20936, stack(0x000000869ed00000,0x000000869ee00000)]
  0x00000196f8fe5000 JavaThread "Unconstrained build operations Thread 87" [_thread_blocked, id=9932, stack(0x000000869ee00000,0x000000869ef00000)]
  0x00000196f8fe9000 JavaThread "Unconstrained build operations Thread 88" [_thread_blocked, id=4592, stack(0x000000869ef00000,0x000000869f000000)]
  0x00000196f8fea000 JavaThread "Unconstrained build operations Thread 89" [_thread_blocked, id=28348, stack(0x000000869f000000,0x000000869f100000)]
  0x00000196f8fe4000 JavaThread "Unconstrained build operations Thread 90" [_thread_blocked, id=22904, stack(0x000000869f100000,0x000000869f200000)]
  0x00000196f8fea800 JavaThread "Unconstrained build operations Thread 91" [_thread_blocked, id=4244, stack(0x000000869f200000,0x000000869f300000)]
  0x00000196f8fe8000 JavaThread "Unconstrained build operations Thread 92" [_thread_blocked, id=29708, stack(0x000000869f300000,0x000000869f400000)]
  0x00000196f8feb800 JavaThread "Unconstrained build operations Thread 93" [_thread_blocked, id=23340, stack(0x000000869f400000,0x000000869f500000)]
  0x00000196f8fe5800 JavaThread "Unconstrained build operations Thread 94" [_thread_blocked, id=13032, stack(0x000000869f500000,0x000000869f600000)]
  0x00000196f8fec000 JavaThread "Unconstrained build operations Thread 95" [_thread_blocked, id=20360, stack(0x000000869f600000,0x000000869f700000)]
  0x00000196f8fed000 JavaThread "Unconstrained build operations Thread 96" [_thread_blocked, id=6032, stack(0x000000869f700000,0x000000869f800000)]
  0x00000196f8ff2000 JavaThread "Unconstrained build operations Thread 97" [_thread_blocked, id=14780, stack(0x000000869f800000,0x000000869f900000)]
  0x00000196f8ff0800 JavaThread "Unconstrained build operations Thread 98" [_thread_blocked, id=2904, stack(0x000000869f900000,0x000000869fa00000)]
  0x00000196f8fee000 JavaThread "Unconstrained build operations Thread 99" [_thread_blocked, id=7080, stack(0x000000869fa00000,0x000000869fb00000)]
  0x00000196f8ff2800 JavaThread "Unconstrained build operations Thread 100" [_thread_blocked, id=26828, stack(0x000000869fb00000,0x000000869fc00000)]
  0x00000196f8ff1000 JavaThread "Unconstrained build operations Thread 101" [_thread_blocked, id=28716, stack(0x000000869fc00000,0x000000869fd00000)]
  0x00000196f8fee800 JavaThread "Unconstrained build operations Thread 102" [_thread_blocked, id=25360, stack(0x000000869fd00000,0x000000869fe00000)]
  0x00000196f8fef800 JavaThread "Unconstrained build operations Thread 103" [_thread_blocked, id=14540, stack(0x000000869fe00000,0x000000869ff00000)]
  0x00000196f7502000 JavaThread "Unconstrained build operations Thread 104" [_thread_blocked, id=5160, stack(0x000000869ff00000,0x00000086a0000000)]
  0x00000196f7503000 JavaThread "Unconstrained build operations Thread 105" [_thread_blocked, id=26216, stack(0x00000086a0000000,0x00000086a0100000)]
  0x00000196f74fd000 JavaThread "Unconstrained build operations Thread 106" [_thread_blocked, id=22452, stack(0x00000086a0100000,0x00000086a0200000)]
  0x00000196f7503800 JavaThread "Unconstrained build operations Thread 107" [_thread_blocked, id=24220, stack(0x00000086a0200000,0x00000086a0300000)]
  0x00000196f74fe000 JavaThread "Unconstrained build operations Thread 108" [_thread_blocked, id=7388, stack(0x00000086a0300000,0x00000086a0400000)]
  0x00000196f7500800 JavaThread "Unconstrained build operations Thread 109" [_thread_blocked, id=6616, stack(0x00000086a0400000,0x00000086a0500000)]
  0x00000196f74ff800 JavaThread "Unconstrained build operations Thread 110" [_thread_blocked, id=1824, stack(0x00000086a0500000,0x00000086a0600000)]
  0x00000196f7501000 JavaThread "Unconstrained build operations Thread 111" [_thread_blocked, id=17328, stack(0x00000086a0600000,0x00000086a0700000)]
  0x00000196f74fe800 JavaThread "Unconstrained build operations Thread 112" [_thread_blocked, id=26024, stack(0x00000086a0700000,0x00000086a0800000)]
  0x00000196f7509800 JavaThread "Unconstrained build operations Thread 113" [_thread_blocked, id=7720, stack(0x00000086a0800000,0x00000086a0900000)]
  0x00000196f7506000 JavaThread "Unconstrained build operations Thread 114" [_thread_blocked, id=9404, stack(0x00000086a0900000,0x00000086a0a00000)]
  0x00000196f7507800 JavaThread "Unconstrained build operations Thread 115" [_thread_blocked, id=26760, stack(0x00000086a0a00000,0x00000086a0b00000)]
  0x00000196f750a000 JavaThread "Unconstrained build operations Thread 116" [_thread_blocked, id=27580, stack(0x00000086a0b00000,0x00000086a0c00000)]
  0x00000196f7507000 JavaThread "Unconstrained build operations Thread 117" [_thread_blocked, id=13544, stack(0x00000086a0c00000,0x00000086a0d00000)]
  0x00000196f7504800 JavaThread "Unconstrained build operations Thread 118" [_thread_blocked, id=22916, stack(0x00000086a0d00000,0x00000086a0e00000)]
  0x00000196f7505000 JavaThread "Unconstrained build operations Thread 119" [_thread_blocked, id=29184, stack(0x00000086a0e00000,0x00000086a0f00000)]
  0x00000196f7508800 JavaThread "Unconstrained build operations Thread 120" [_thread_blocked, id=28076, stack(0x00000086a0f00000,0x00000086a1000000)]
  0x00000196f750b000 JavaThread "jar transforms Thread 6" [_thread_blocked, id=13124, stack(0x00000086a1000000,0x00000086a1100000)]
  0x00000196f750c000 JavaThread "jar transforms Thread 7" [_thread_blocked, id=9336, stack(0x00000086a1100000,0x00000086a1200000)]
  0x00000196fb9a9800 JavaThread "jar transforms Thread 8" [_thread_blocked, id=28756, stack(0x00000086a1200000,0x00000086a1300000)]
  0x00000196fb9aa800 JavaThread "jar transforms Thread 9" [_thread_blocked, id=14796, stack(0x00000086a1300000,0x00000086a1400000)]
  0x00000196fb9a5800 JavaThread "jar transforms Thread 10" [_thread_blocked, id=24616, stack(0x00000086a1400000,0x00000086a1500000)]
  0x00000196fb9a7000 JavaThread "jar transforms Thread 11" [_thread_blocked, id=7572, stack(0x00000086a1500000,0x00000086a1600000)]
  0x00000196fb9ab000 JavaThread "jar transforms Thread 12" [_thread_blocked, id=12980, stack(0x00000086a1600000,0x00000086a1700000)]
  0x00000196fb9ac000 JavaThread "Memory manager" [_thread_blocked, id=4704, stack(0x00000086a1800000,0x00000086a1900000)]
  0x00000196fc3c8000 JavaThread "C2 CompilerThread1" daemon [_thread_blocked, id=6900, stack(0x0000008698f00000,0x0000008699000000)]
  0x00000196fc0f8800 JavaThread "C2 CompilerThread2" daemon [_thread_in_native, id=22840, stack(0x00000086a1700000,0x00000086a1800000)]
  0x00000196fb9a8800 JavaThread "Cache worker for kotlin-dsl (C:\Users\PC\.gradle\caches\7.4\kotlin-dsl)" [_thread_blocked, id=17420, stack(0x00000086a1900000,0x00000086a1a00000)]

Other Threads:
=>0x00000196f41f5000 VMThread "VM Thread" [stack: 0x0000008696400000,0x0000008696500000] [id=11100]
  0x00000196f4d12800 WatcherThread [stack: 0x0000008696e00000,0x0000008696f00000] [id=27728]
  0x00000196d8cfa800 GCTaskThread "GC Thread#0" [stack: 0x0000008695f00000,0x0000008696000000] [id=18660]
  0x00000196f5866800 GCTaskThread "GC Thread#1" [stack: 0x0000008696f00000,0x0000008697000000] [id=19416]
  0x00000196f6bc6800 GCTaskThread "GC Thread#2" [stack: 0x0000008697b00000,0x0000008697c00000] [id=5348]
  0x00000196f6b28800 GCTaskThread "GC Thread#3" [stack: 0x0000008697c00000,0x0000008697d00000] [id=28592]
  0x00000196f5e8b000 GCTaskThread "GC Thread#4" [stack: 0x0000008697d00000,0x0000008697e00000] [id=9604]
  0x00000196f5e8b800 GCTaskThread "GC Thread#5" [stack: 0x0000008697e00000,0x0000008697f00000] [id=16104]
  0x00000196f58ef800 GCTaskThread "GC Thread#6" [stack: 0x0000008697f00000,0x0000008698000000] [id=21152]
  0x00000196f6b15000 GCTaskThread "GC Thread#7" [stack: 0x0000008698000000,0x0000008698100000] [id=16732]
  0x00000196f6b19000 GCTaskThread "GC Thread#8" [stack: 0x0000008698100000,0x0000008698200000] [id=26036]
  0x00000196f6b16800 GCTaskThread "GC Thread#9" [stack: 0x0000008698200000,0x0000008698300000] [id=28376]
  0x00000196d8d21800 ConcurrentGCThread "G1 Main Marker" [stack: 0x0000008696000000,0x0000008696100000] [id=24792]
  0x00000196d8d22800 ConcurrentGCThread "G1 Conc#0" [stack: 0x0000008696100000,0x0000008696200000] [id=12964]
  0x00000196f6b18000 ConcurrentGCThread "G1 Conc#1" [stack: 0x0000008698600000,0x0000008698700000] [id=19292]
  0x00000196f6b14800 ConcurrentGCThread "G1 Conc#2" [stack: 0x0000008698700000,0x0000008698800000] [id=19992]
  0x00000196d8d9f800 ConcurrentGCThread "G1 Refine#0" [stack: 0x0000008696200000,0x0000008696300000] [id=11928]
  0x00000196f5f85000 ConcurrentGCThread "G1 Refine#1" [stack: 0x0000008697000000,0x0000008697100000] [id=17808]
  0x00000196f4070800 ConcurrentGCThread "G1 Young RemSet Sampling" [stack: 0x0000008696300000,0x0000008696400000] [id=18560]

Threads with active compile tasks:
C2 CompilerThread0  14456 8721       4       org.gradle.cache.internal.btree.CachingBlockStore::read (56 bytes)
C2 CompilerThread1  14456 8823       4       groovy.lang.MetaClassImpl$1MOPIter::methodNameAction (325 bytes)
C2 CompilerThread2  14456 8723       4       org.gradle.cache.internal.btree.FreeListBlockStore::read (12 bytes)

VM state:at safepoint (normal execution)

VM Mutex/Monitor currently owned by a thread:  ([mutex/lock_event])
[0x00000196d8ce15a0] Threads_lock - owner thread: 0x00000196f41f5000
[0x00000196d8ce1000] Heap_lock - owner thread: 0x00000196f6a1e000

Heap address: 0x00000000a0000000, size: 1536 MB, Compressed Oops mode: 32-bit
Narrow klass base: 0x0000000000000000, Narrow klass shift: 3
Compressed class space size: 1073741824 Address: 0x0000000100000000

Heap:
 garbage-first heap   total 169984K, used 88191K [0x00000000a0000000, 0x0000000100000000)
  region size 1024K, 3 young (3072K), 3 survivors (3072K)
 Metaspace       used 79126K, capacity 81582K, committed 81872K, reserved 1120256K
  class space    used 10225K, capacity 11075K, committed 11136K, reserved 1048576K
Heap Regions: E=young(eden), S=young(survivor), O=old, HS=humongous(starts), HC=humongous(continues), CS=collection set, F=free, A=archive, TAMS=top-at-mark-start (previous, next)
|   0|0x00000000a0000000, 0x00000000a0100000, 0x00000000a0100000|100%| O|  |TAMS 0x00000000a0100000, 0x00000000a0100000| Untracked 
|   1|0x00000000a0100000, 0x00000000a0200000, 0x00000000a0200000|100%| O|  |TAMS 0x00000000a0200000, 0x00000000a0200000| Untracked 
|   2|0x00000000a0200000, 0x00000000a0300000, 0x00000000a0300000|100%| O|  |TAMS 0x00000000a0300000, 0x00000000a0300000| Untracked 
|   3|0x00000000a0300000, 0x00000000a0400000, 0x00000000a0400000|100%|HS|  |TAMS 0x00000000a0400000, 0x00000000a0400000| Complete 
|   4|0x00000000a0400000, 0x00000000a0500000, 0x00000000a0500000|100%|HC|  |TAMS 0x00000000a0500000, 0x00000000a0500000| Complete 
|   5|0x00000000a0500000, 0x00000000a0600000, 0x00000000a0600000|100%|HC|  |TAMS 0x00000000a0600000, 0x00000000a0600000| Complete 
|   6|0x00000000a0600000, 0x00000000a0700000, 0x00000000a0700000|100%| O|  |TAMS 0x00000000a0700000, 0x00000000a0700000| Untracked 
|   7|0x00000000a0700000, 0x00000000a0800000, 0x00000000a0800000|100%| O|  |TAMS 0x00000000a0800000, 0x00000000a0800000| Untracked 
|   8|0x00000000a0800000, 0x00000000a0900000, 0x00000000a0900000|100%| O|  |TAMS 0x00000000a0900000, 0x00000000a0900000| Untracked 
|   9|0x00000000a0900000, 0x00000000a0a00000, 0x00000000a0a00000|100%| O|  |TAMS 0x00000000a0a00000, 0x00000000a0a00000| Untracked 
|  10|0x00000000a0a00000, 0x00000000a0b00000, 0x00000000a0b00000|100%| O|  |TAMS 0x00000000a0b00000, 0x00000000a0b00000| Untracked 
|  11|0x00000000a0b00000, 0x00000000a0c00000, 0x00000000a0c00000|100%| O|  |TAMS 0x00000000a0c00000, 0x00000000a0c00000| Untracked 
|  12|0x00000000a0c00000, 0x00000000a0d00000, 0x00000000a0d00000|100%| O|  |TAMS 0x00000000a0d00000, 0x00000000a0d00000| Untracked 
|  13|0x00000000a0d00000, 0x00000000a0e00000, 0x00000000a0e00000|100%| O|  |TAMS 0x00000000a0e00000, 0x00000000a0e00000| Untracked 
|  14|0x00000000a0e00000, 0x00000000a0f00000, 0x00000000a0f00000|100%| O|  |TAMS 0x00000000a0f00000, 0x00000000a0f00000| Untracked 
|  15|0x00000000a0f00000, 0x00000000a1000000, 0x00000000a1000000|100%| O|  |TAMS 0x00000000a1000000, 0x00000000a1000000| Untracked 
|  16|0x00000000a1000000, 0x00000000a1100000, 0x00000000a1100000|100%| O|  |TAMS 0x00000000a1100000, 0x00000000a1100000| Untracked 
|  17|0x00000000a1100000, 0x00000000a1200000, 0x00000000a1200000|100%| O|  |TAMS 0x00000000a1200000, 0x00000000a1200000| Untracked 
|  18|0x00000000a1200000, 0x00000000a1300000, 0x00000000a1300000|100%| O|  |TAMS 0x00000000a1300000, 0x00000000a1300000| Untracked 
|  19|0x00000000a1300000, 0x00000000a1400000, 0x00000000a1400000|100%| O|  |TAMS 0x00000000a1400000, 0x00000000a1400000| Untracked 
|  20|0x00000000a1400000, 0x00000000a1500000, 0x00000000a1500000|100%| O|  |TAMS 0x00000000a1500000, 0x00000000a1500000| Untracked 
|  21|0x00000000a1500000, 0x00000000a1600000, 0x00000000a1600000|100%| O|  |TAMS 0x00000000a1600000, 0x00000000a1600000| Untracked 
|  22|0x00000000a1600000, 0x00000000a1700000, 0x00000000a1700000|100%| O|  |TAMS 0x00000000a1700000, 0x00000000a1700000| Untracked 
|  23|0x00000000a1700000, 0x00000000a1800000, 0x00000000a1800000|100%| O|  |TAMS 0x00000000a1800000, 0x00000000a1800000| Untracked 
|  24|0x00000000a1800000, 0x00000000a1900000, 0x00000000a1900000|100%| O|  |TAMS 0x00000000a1900000, 0x00000000a1900000| Untracked 
|  25|0x00000000a1900000, 0x00000000a1a00000, 0x00000000a1a00000|100%| O|  |TAMS 0x00000000a1a00000, 0x00000000a1a00000| Untracked 
|  26|0x00000000a1a00000, 0x00000000a1b00000, 0x00000000a1b00000|100%| O|  |TAMS 0x00000000a1b00000, 0x00000000a1b00000| Untracked 
|  27|0x00000000a1b00000, 0x00000000a1c00000, 0x00000000a1c00000|100%| O|  |TAMS 0x00000000a1c00000, 0x00000000a1c00000| Untracked 
|  28|0x00000000a1c00000, 0x00000000a1d00000, 0x00000000a1d00000|100%| O|  |TAMS 0x00000000a1d00000, 0x00000000a1d00000| Untracked 
|  29|0x00000000a1d00000, 0x00000000a1e00000, 0x00000000a1e00000|100%| O|  |TAMS 0x00000000a1e00000, 0x00000000a1e00000| Untracked 
|  30|0x00000000a1e00000, 0x00000000a1f00000, 0x00000000a1f00000|100%|HS|  |TAMS 0x00000000a1f00000, 0x00000000a1f00000| Complete 
|  31|0x00000000a1f00000, 0x00000000a2000000, 0x00000000a2000000|100%|HS|  |TAMS 0x00000000a2000000, 0x00000000a2000000| Complete 
|  32|0x00000000a2000000, 0x00000000a2100000, 0x00000000a2100000|100%|HS|  |TAMS 0x00000000a2100000, 0x00000000a2100000| Complete 
|  33|0x00000000a2100000, 0x00000000a2200000, 0x00000000a2200000|100%|HS|  |TAMS 0x00000000a2200000, 0x00000000a2200000| Complete 
|  34|0x00000000a2200000, 0x00000000a2300000, 0x00000000a2300000|100%|HC|  |TAMS 0x00000000a2300000, 0x00000000a2300000| Complete 
|  35|0x00000000a2300000, 0x00000000a2400000, 0x00000000a2400000|100%|HC|  |TAMS 0x00000000a2400000, 0x00000000a2400000| Complete 
|  36|0x00000000a2400000, 0x00000000a2500000, 0x00000000a2500000|100%|HS|  |TAMS 0x00000000a2500000, 0x00000000a2500000| Complete 
|  37|0x00000000a2500000, 0x00000000a2600000, 0x00000000a2600000|100%|HC|  |TAMS 0x00000000a2600000, 0x00000000a2600000| Complete 
|  38|0x00000000a2600000, 0x00000000a2700000, 0x00000000a2700000|100%| O|  |TAMS 0x00000000a2700000, 0x00000000a2700000| Untracked 
|  39|0x00000000a2700000, 0x00000000a2800000, 0x00000000a2800000|100%| O|  |TAMS 0x00000000a2800000, 0x00000000a2800000| Untracked 
|  40|0x00000000a2800000, 0x00000000a2900000, 0x00000000a2900000|100%| O|  |TAMS 0x00000000a2900000, 0x00000000a2900000| Untracked 
|  41|0x00000000a2900000, 0x00000000a2a00000, 0x00000000a2a00000|100%| O|  |TAMS 0x00000000a2a00000, 0x00000000a2a00000| Untracked 
|  42|0x00000000a2a00000, 0x00000000a2b00000, 0x00000000a2b00000|100%| O|  |TAMS 0x00000000a2b00000, 0x00000000a2b00000| Untracked 
|  43|0x00000000a2b00000, 0x00000000a2c00000, 0x00000000a2c00000|100%| O|  |TAMS 0x00000000a2c00000, 0x00000000a2c00000| Untracked 
|  44|0x00000000a2c00000, 0x00000000a2d00000, 0x00000000a2d00000|100%| O|  |TAMS 0x00000000a2d00000, 0x00000000a2d00000| Untracked 
|  45|0x00000000a2d00000, 0x00000000a2e00000, 0x00000000a2e00000|100%| O|  |TAMS 0x00000000a2e00000, 0x00000000a2e00000| Untracked 
|  46|0x00000000a2e00000, 0x00000000a2f00000, 0x00000000a2f00000|100%| O|  |TAMS 0x00000000a2f00000, 0x00000000a2f00000| Untracked 
|  47|0x00000000a2f00000, 0x00000000a3000000, 0x00000000a3000000|100%| O|  |TAMS 0x00000000a3000000, 0x00000000a3000000| Untracked 
|  48|0x00000000a3000000, 0x00000000a3100000, 0x00000000a3100000|100%| O|  |TAMS 0x00000000a3100000, 0x00000000a3100000| Untracked 
|  49|0x00000000a3100000, 0x00000000a3200000, 0x00000000a3200000|100%| O|  |TAMS 0x00000000a3200000, 0x00000000a3200000| Untracked 
|  50|0x00000000a3200000, 0x00000000a3300000, 0x00000000a3300000|100%| O|  |TAMS 0x00000000a3300000, 0x00000000a3300000| Untracked 
|  51|0x00000000a3300000, 0x00000000a3400000, 0x00000000a3400000|100%| O|  |TAMS 0x00000000a3400000, 0x00000000a3400000| Untracked 
|  52|0x00000000a3400000, 0x00000000a3500000, 0x00000000a3500000|100%| O|  |TAMS 0x00000000a3500000, 0x00000000a3500000| Untracked 
|  53|0x00000000a3500000, 0x00000000a3600000, 0x00000000a3600000|100%| O|  |TAMS 0x00000000a3600000, 0x00000000a3600000| Untracked 
|  54|0x00000000a3600000, 0x00000000a3700000, 0x00000000a3700000|100%| O|  |TAMS 0x00000000a3700000, 0x00000000a3700000| Untracked 
|  55|0x00000000a3700000, 0x00000000a3800000, 0x00000000a3800000|100%| O|  |TAMS 0x00000000a3800000, 0x00000000a3800000| Untracked 
|  56|0x00000000a3800000, 0x00000000a3900000, 0x00000000a3900000|100%| O|  |TAMS 0x00000000a3900000, 0x00000000a3900000| Untracked 
|  57|0x00000000a3900000, 0x00000000a3a00000, 0x00000000a3a00000|100%| O|  |TAMS 0x00000000a3a00000, 0x00000000a3a00000| Untracked 
|  58|0x00000000a3a00000, 0x00000000a3b00000, 0x00000000a3b00000|100%| O|  |TAMS 0x00000000a3b00000, 0x00000000a3b00000| Untracked 
|  59|0x00000000a3b00000, 0x00000000a3c00000, 0x00000000a3c00000|100%| O|  |TAMS 0x00000000a3c00000, 0x00000000a3c00000| Untracked 
|  60|0x00000000a3c00000, 0x00000000a3d00000, 0x00000000a3d00000|100%| O|  |TAMS 0x00000000a3d00000, 0x00000000a3d00000| Untracked 
|  61|0x00000000a3d00000, 0x00000000a3e00000, 0x00000000a3e00000|100%|HS|  |TAMS 0x00000000a3e00000, 0x00000000a3e00000| Complete 
|  62|0x00000000a3e00000, 0x00000000a3f00000, 0x00000000a3f00000|100%|HS|  |TAMS 0x00000000a3f00000, 0x00000000a3f00000| Complete 
|  63|0x00000000a3f00000, 0x00000000a4000000, 0x00000000a4000000|100%| O|  |TAMS 0x00000000a4000000, 0x00000000a4000000| Untracked 
|  64|0x00000000a4000000, 0x00000000a4100000, 0x00000000a4100000|100%| O|  |TAMS 0x00000000a4100000, 0x00000000a4100000| Untracked 
|  65|0x00000000a4100000, 0x00000000a4200000, 0x00000000a4200000|100%| O|  |TAMS 0x00000000a4200000, 0x00000000a4200000| Untracked 
|  66|0x00000000a4200000, 0x00000000a4300000, 0x00000000a4300000|100%| O|  |TAMS 0x00000000a4300000, 0x00000000a4300000| Untracked 
|  67|0x00000000a4300000, 0x00000000a4400000, 0x00000000a4400000|100%| O|  |TAMS 0x00000000a4400000, 0x00000000a4400000| Untracked 
|  68|0x00000000a4400000, 0x00000000a4500000, 0x00000000a4500000|100%| O|  |TAMS 0x00000000a4500000, 0x00000000a4500000| Untracked 
|  69|0x00000000a4500000, 0x00000000a4600000, 0x00000000a4600000|100%| O|  |TAMS 0x00000000a4600000, 0x00000000a4600000| Untracked 
|  70|0x00000000a4600000, 0x00000000a4700000, 0x00000000a4700000|100%| O|  |TAMS 0x00000000a4700000, 0x00000000a4700000| Untracked 
|  71|0x00000000a4700000, 0x00000000a4800000, 0x00000000a4800000|100%| O|  |TAMS 0x00000000a4800000, 0x00000000a4800000| Untracked 
|  72|0x00000000a4800000, 0x00000000a4900000, 0x00000000a4900000|100%| O|  |TAMS 0x00000000a4900000, 0x00000000a4900000| Untracked 
|  73|0x00000000a4900000, 0x00000000a4a00000, 0x00000000a4a00000|100%| O|  |TAMS 0x00000000a4a00000, 0x00000000a4a00000| Untracked 
|  74|0x00000000a4a00000, 0x00000000a4b00000, 0x00000000a4b00000|100%| O|  |TAMS 0x00000000a4b00000, 0x00000000a4b00000| Untracked 
|  75|0x00000000a4b00000, 0x00000000a4c00000, 0x00000000a4c00000|100%| O|  |TAMS 0x00000000a4bd3a00, 0x00000000a4c00000| Untracked 
|  76|0x00000000a4c00000, 0x00000000a4d00000, 0x00000000a4d00000|100%| O|  |TAMS 0x00000000a4c00000, 0x00000000a4d00000| Untracked 
|  77|0x00000000a4d00000, 0x00000000a4e00000, 0x00000000a4e00000|100%| O|  |TAMS 0x00000000a4d00000, 0x00000000a4e00000| Untracked 
|  78|0x00000000a4e00000, 0x00000000a4f00000, 0x00000000a4f00000|100%| O|  |TAMS 0x00000000a4e00000, 0x00000000a4f00000| Untracked 
|  79|0x00000000a4f00000, 0x00000000a5000000, 0x00000000a5000000|100%| O|  |TAMS 0x00000000a4f00000, 0x00000000a5000000| Untracked 
|  80|0x00000000a5000000, 0x00000000a5100000, 0x00000000a5100000|100%| O|  |TAMS 0x00000000a5000000, 0x00000000a5100000| Untracked 
|  81|0x00000000a5100000, 0x00000000a5200000, 0x00000000a5200000|100%| O|  |TAMS 0x00000000a5100000, 0x00000000a5200000| Untracked 
|  82|0x00000000a5200000, 0x00000000a5300000, 0x00000000a5300000|100%| O|  |TAMS 0x00000000a5200000, 0x00000000a5300000| Untracked 
|  83|0x00000000a5300000, 0x00000000a5396800, 0x00000000a5400000| 58%| O|  |TAMS 0x00000000a5300000, 0x00000000a5396800| Untracked 
|  84|0x00000000a5400000, 0x00000000a5400000, 0x00000000a5500000|  0%| F|  |TAMS 0x00000000a5400000, 0x00000000a5400000| Untracked 
|  85|0x00000000a5500000, 0x00000000a5500000, 0x00000000a5600000|  0%| F|  |TAMS 0x00000000a5500000, 0x00000000a5500000| Untracked 
|  86|0x00000000a5600000, 0x00000000a5600000, 0x00000000a5700000|  0%| F|  |TAMS 0x00000000a5600000, 0x00000000a5600000| Untracked 
|  87|0x00000000a5700000, 0x00000000a5700000, 0x00000000a5800000|  0%| F|  |TAMS 0x00000000a5700000, 0x00000000a5700000| Untracked 
|  88|0x00000000a5800000, 0x00000000a5800000, 0x00000000a5900000|  0%| F|  |TAMS 0x00000000a5800000, 0x00000000a5800000| Untracked 
|  89|0x00000000a5900000, 0x00000000a5900000, 0x00000000a5a00000|  0%| F|  |TAMS 0x00000000a5900000, 0x00000000a5900000| Untracked 
|  90|0x00000000a5a00000, 0x00000000a5a00000, 0x00000000a5b00000|  0%| F|  |TAMS 0x00000000a5a00000, 0x00000000a5a00000| Untracked 
|  91|0x00000000a5b00000, 0x00000000a5b00000, 0x00000000a5c00000|  0%| F|  |TAMS 0x00000000a5b00000, 0x00000000a5b00000| Untracked 
|  92|0x00000000a5c00000, 0x00000000a5c00000, 0x00000000a5d00000|  0%| F|  |TAMS 0x00000000a5c00000, 0x00000000a5c00000| Untracked 
|  93|0x00000000a5d00000, 0x00000000a5d00000, 0x00000000a5e00000|  0%| F|  |TAMS 0x00000000a5d00000, 0x00000000a5d00000| Untracked 
|  94|0x00000000a5e00000, 0x00000000a5e00000, 0x00000000a5f00000|  0%| F|  |TAMS 0x00000000a5e00000, 0x00000000a5e00000| Untracked 
|  95|0x00000000a5f00000, 0x00000000a5f00000, 0x00000000a6000000|  0%| F|  |TAMS 0x00000000a5f00000, 0x00000000a5f00000| Untracked 
|  96|0x00000000a6000000, 0x00000000a6000000, 0x00000000a6100000|  0%| F|  |TAMS 0x00000000a6000000, 0x00000000a6000000| Untracked 
|  97|0x00000000a6100000, 0x00000000a6100000, 0x00000000a6200000|  0%| F|  |TAMS 0x00000000a6100000, 0x00000000a6100000| Untracked 
|  98|0x00000000a6200000, 0x00000000a6200000, 0x00000000a6300000|  0%| F|  |TAMS 0x00000000a6200000, 0x00000000a6200000| Untracked 
|  99|0x00000000a6300000, 0x00000000a6300000, 0x00000000a6400000|  0%| F|  |TAMS 0x00000000a6300000, 0x00000000a6300000| Untracked 
| 100|0x00000000a6400000, 0x00000000a6400000, 0x00000000a6500000|  0%| F|  |TAMS 0x00000000a6400000, 0x00000000a6400000| Untracked 
| 101|0x00000000a6500000, 0x00000000a6500000, 0x00000000a6600000|  0%| F|  |TAMS 0x00000000a6500000, 0x00000000a6500000| Untracked 
| 102|0x00000000a6600000, 0x00000000a66897f0, 0x00000000a6700000| 53%| S|CS|TAMS 0x00000000a6600000, 0x00000000a6600000| Complete 
| 103|0x00000000a6700000, 0x00000000a6700000, 0x00000000a6800000|  0%| F|  |TAMS 0x00000000a6700000, 0x00000000a6700000| Untracked 
| 104|0x00000000a6800000, 0x00000000a6800000, 0x00000000a6900000|  0%| F|  |TAMS 0x00000000a6800000, 0x00000000a6800000| Untracked 
| 105|0x00000000a6900000, 0x00000000a6900000, 0x00000000a6a00000|  0%| F|  |TAMS 0x00000000a6900000, 0x00000000a6900000| Untracked 
| 106|0x00000000a6a00000, 0x00000000a6b00000, 0x00000000a6b00000|100%| S|CS|TAMS 0x00000000a6a00000, 0x00000000a6a00000| Complete 
| 107|0x00000000a6b00000, 0x00000000a6c00000, 0x00000000a6c00000|100%| S|CS|TAMS 0x00000000a6b00000, 0x00000000a6b00000| Complete 
| 108|0x00000000a6c00000, 0x00000000a6c00000, 0x00000000a6d00000|  0%| F|  |TAMS 0x00000000a6c00000, 0x00000000a6c00000| Untracked 
| 109|0x00000000a6d00000, 0x00000000a6d00000, 0x00000000a6e00000|  0%| F|  |TAMS 0x00000000a6d00000, 0x00000000a6d00000| Untracked 
| 110|0x00000000a6e00000, 0x00000000a6e00000, 0x00000000a6f00000|  0%| F|  |TAMS 0x00000000a6e00000, 0x00000000a6e00000| Untracked 
| 111|0x00000000a6f00000, 0x00000000a6f00000, 0x00000000a7000000|  0%| F|  |TAMS 0x00000000a6f00000, 0x00000000a6f00000| Untracked 
| 112|0x00000000a7000000, 0x00000000a7000000, 0x00000000a7100000|  0%| F|  |TAMS 0x00000000a7000000, 0x00000000a7000000| Untracked 
| 113|0x00000000a7100000, 0x00000000a7100000, 0x00000000a7200000|  0%| F|  |TAMS 0x00000000a7100000, 0x00000000a7100000| Untracked 
| 114|0x00000000a7200000, 0x00000000a7200000, 0x00000000a7300000|  0%| F|  |TAMS 0x00000000a7200000, 0x00000000a7200000| Untracked 
| 115|0x00000000a7300000, 0x00000000a7300000, 0x00000000a7400000|  0%| F|  |TAMS 0x00000000a7300000, 0x00000000a7300000| Untracked 
| 116|0x00000000a7400000, 0x00000000a7400000, 0x00000000a7500000|  0%| F|  |TAMS 0x00000000a7400000, 0x00000000a7400000| Untracked 
| 117|0x00000000a7500000, 0x00000000a7500000, 0x00000000a7600000|  0%| F|  |TAMS 0x00000000a7500000, 0x00000000a7500000| Untracked 
| 118|0x00000000a7600000, 0x00000000a7600000, 0x00000000a7700000|  0%| F|  |TAMS 0x00000000a7600000, 0x00000000a7600000| Untracked 
| 119|0x00000000a7700000, 0x00000000a7700000, 0x00000000a7800000|  0%| F|  |TAMS 0x00000000a7700000, 0x00000000a7700000| Untracked 
| 120|0x00000000a7800000, 0x00000000a7800000, 0x00000000a7900000|  0%| F|  |TAMS 0x00000000a7800000, 0x00000000a7800000| Untracked 
| 121|0x00000000a7900000, 0x00000000a7900000, 0x00000000a7a00000|  0%| F|  |TAMS 0x00000000a7900000, 0x00000000a7900000| Untracked 
| 122|0x00000000a7a00000, 0x00000000a7a00000, 0x00000000a7b00000|  0%| F|  |TAMS 0x00000000a7a00000, 0x00000000a7a00000| Untracked 
| 123|0x00000000a7b00000, 0x00000000a7b00000, 0x00000000a7c00000|  0%| F|  |TAMS 0x00000000a7b00000, 0x00000000a7b00000| Untracked 
| 124|0x00000000a7c00000, 0x00000000a7c00000, 0x00000000a7d00000|  0%| F|  |TAMS 0x00000000a7c00000, 0x00000000a7c00000| Untracked 
| 125|0x00000000a7d00000, 0x00000000a7d00000, 0x00000000a7e00000|  0%| F|  |TAMS 0x00000000a7d00000, 0x00000000a7d00000| Untracked 
| 126|0x00000000a7e00000, 0x00000000a7e00000, 0x00000000a7f00000|  0%| F|  |TAMS 0x00000000a7e00000, 0x00000000a7e00000| Untracked 
| 127|0x00000000a7f00000, 0x00000000a7f00000, 0x00000000a8000000|  0%| F|  |TAMS 0x00000000a7f00000, 0x00000000a7f00000| Untracked 
| 128|0x00000000a8000000, 0x00000000a8000000, 0x00000000a8100000|  0%| F|  |TAMS 0x00000000a8000000, 0x00000000a8000000| Untracked 
| 129|0x00000000a8100000, 0x00000000a8100000, 0x00000000a8200000|  0%| F|  |TAMS 0x00000000a8100000, 0x00000000a8100000| Untracked 
| 130|0x00000000a8200000, 0x00000000a8200000, 0x00000000a8300000|  0%| F|  |TAMS 0x00000000a8200000, 0x00000000a8200000| Untracked 
| 131|0x00000000a8300000, 0x00000000a8300000, 0x00000000a8400000|  0%| F|  |TAMS 0x00000000a8300000, 0x00000000a8300000| Untracked 
| 132|0x00000000a8400000, 0x00000000a8400000, 0x00000000a8500000|  0%| F|  |TAMS 0x00000000a8400000, 0x00000000a8400000| Untracked 
| 133|0x00000000a8500000, 0x00000000a8500000, 0x00000000a8600000|  0%| F|  |TAMS 0x00000000a8500000, 0x00000000a8500000| Untracked 
| 134|0x00000000a8600000, 0x00000000a8600000, 0x00000000a8700000|  0%| F|  |TAMS 0x00000000a8600000, 0x00000000a8600000| Untracked 
| 135|0x00000000a8700000, 0x00000000a8700000, 0x00000000a8800000|  0%| F|  |TAMS 0x00000000a8700000, 0x00000000a8700000| Untracked 

Card table byte_map: [0x00000196edf50000,0x00000196ee250000] _byte_map_base: 0x00000196eda50000

Marking Bits (Prev, Next): (CMBitMap*) 0x00000196d8d1a9c0, (CMBitMap*) 0x00000196d8d1a988
 Prev Bits: [0x00000196efd50000, 0x00000196f1550000)
 Next Bits: [0x00000196ee550000, 0x00000196efd50000)

Polling page: 0x00000196ddfa0000

Metaspace:

Usage:
  Non-class:     68.85 MB capacity,    67.29 MB ( 98%) used,     1.35 MB (  2%) free+waste,   220.56 KB ( <1%) overhead. 
      Class:     10.82 MB capacity,     9.99 MB ( 92%) used,   745.79 KB (  7%) free+waste,   103.38 KB ( <1%) overhead. 
       Both:     79.67 MB capacity,    77.27 MB ( 97%) used,     2.08 MB (  3%) free+waste,   323.94 KB ( <1%) overhead. 

Virtual space:
  Non-class space:       70.00 MB reserved,      69.08 MB ( 99%) committed 
      Class space:        1.00 GB reserved,      10.88 MB (  1%) committed 
             Both:        1.07 GB reserved,      79.95 MB (  7%) committed 

Chunk freelists:
   Non-Class:  37.00 KB
       Class:  1.00 KB
        Both:  38.00 KB

MaxMetaspaceSize: 17179869184.00 GB
CompressedClassSpaceSize: 1.00 GB
Initial GC threshold: 20.80 MB
Current GC threshold: 129.51 MB
CDS: off

CodeHeap 'non-profiled nmethods': size=120000Kb used=5540Kb max_used=5540Kb free=114459Kb
 bounds [0x00000196e5a90000, 0x00000196e6000000, 0x00000196ecfc0000]
CodeHeap 'profiled nmethods': size=120000Kb used=19816Kb max_used=19816Kb free=100184Kb
 bounds [0x00000196de560000, 0x00000196df8c0000, 0x00000196e5a90000]
CodeHeap 'non-nmethods': size=5760Kb used=2356Kb max_used=2405Kb free=3403Kb
 bounds [0x00000196ddfc0000, 0x00000196de230000, 0x00000196de560000]
 total_blobs=9762 nmethods=8889 adapters=785
 compilation: enabled
              stopped_count=0, restarted_count=0
 full_count=0

Compilation events (20 events):
Event: 14.408 Thread 0x00000196f4bc1000 8913       3       org.gradle.api.internal.DefaultDomainObjectCollection::filteredStore (10 bytes)
Event: 14.408 Thread 0x00000196f4bc1000 nmethod 8913 0x00000196df8b5910 code [0x00000196df8b5ac0, 0x00000196df8b5c88]
Event: 14.408 Thread 0x00000196f4bc1000 8914       3       org.gradle.api.internal.collections.FilteredCollection$FilteringIterator::<init> (38 bytes)
Event: 14.408 Thread 0x00000196f4bc1000 nmethod 8914 0x00000196df8b5d10 code [0x00000196df8b5f00, 0x00000196df8b6348]
Event: 14.408 Thread 0x00000196f4bc1000 8915       3       org.gradle.api.internal.collections.AbstractIterationOrderRetainingElementSource::size (43 bytes)
Event: 14.408 Thread 0x00000196f4bc1000 nmethod 8915 0x00000196df8b6490 code [0x00000196df8b66a0, 0x00000196df8b6d18]
Event: 14.408 Thread 0x00000196f4bc1000 8917       3       org.gradle.api.internal.collections.AbstractIterationOrderRetainingElementSource::realizePending (72 bytes)
Event: 14.409 Thread 0x00000196f4bc1000 nmethod 8917 0x00000196df8b6f10 code [0x00000196df8b7140, 0x00000196df8b78c8]
Event: 14.409 Thread 0x00000196f4bc1000 8916       3       org.gradle.api.internal.DefaultDomainObjectCollection::iterator (18 bytes)
Event: 14.409 Thread 0x00000196f4bc1000 nmethod 8916 0x00000196df8b7a90 code [0x00000196df8b7c60, 0x00000196df8b8008]
Event: 14.409 Thread 0x00000196f4bc1000 8919       3       org.gradle.api.internal.collections.FilteredCollection::realizePending (11 bytes)
Event: 14.409 Thread 0x00000196f4bc1000 nmethod 8919 0x00000196df8b8190 code [0x00000196df8b8340, 0x00000196df8b8508]
Event: 14.409 Thread 0x00000196f4bc1000 8918       3       org.gradle.api.internal.collections.DefaultCollectionEventRegister$FilteredEventRegister::registerEagerAddAction (19 bytes)
Event: 14.409 Thread 0x00000196f4bc1000 nmethod 8918 0x00000196df8b8610 code [0x00000196df8b8800, 0x00000196df8b8c08]
Event: 14.409 Thread 0x00000196f4bc1000 8920       3       org.jetbrains.kotlin.gradle.internal.KotlinDependenciesManagementKt$configureDefaultVersionsResolutionStrategy$1::execute (9 bytes)
Event: 14.409 Thread 0x00000196f4bc1000 nmethod 8920 0x00000196df8b8d90 code [0x00000196df8b8f80, 0x00000196df8b9428]
Event: 14.409 Thread 0x00000196f4bc1000 8921       3       org.jetbrains.kotlin.gradle.internal.KotlinDependenciesManagementKt$configureDefaultVersionsResolutionStrategy$1::execute (22 bytes)
Event: 14.410 Thread 0x00000196f4bc1000 nmethod 8921 0x00000196df8b9590 code [0x00000196df8b9760, 0x00000196df8b9aa8]
Event: 14.410 Thread 0x00000196f4bc1000 8922       3       org.jetbrains.kotlin.gradle.internal.KotlinDependenciesManagementKt$configureDefaultVersionsResolutionStrategy$1$1::<init> (10 bytes)
Event: 14.410 Thread 0x00000196f4bc1000 nmethod 8922 0x00000196df8b9c10 code [0x00000196df8b9dc0, 0x00000196df8b9f78]

GC Heap History (20 events):
Event: 11.637 GC heap after
{Heap after GC invocations=26 (full 0):
 garbage-first heap   total 115712K, used 69908K [0x00000000a0000000, 0x0000000100000000)
  region size 1024K, 5 young (5120K), 5 survivors (5120K)
 Metaspace       used 67549K, capacity 69341K, committed 69584K, reserved 1110016K
  class space    used 8439K, capacity 9058K, committed 9088K, reserved 1048576K
}
Event: 11.840 GC heap before
{Heap before GC invocations=27 (full 0):
 garbage-first heap   total 115712K, used 94484K [0x00000000a0000000, 0x0000000100000000)
  region size 1024K, 29 young (29696K), 5 survivors (5120K)
 Metaspace       used 67951K, capacity 69861K, committed 69968K, reserved 1110016K
  class space    used 8496K, capacity 9205K, committed 9216K, reserved 1048576K
}
Event: 11.847 GC heap after
{Heap after GC invocations=28 (full 0):
 garbage-first heap   total 115712K, used 71743K [0x00000000a0000000, 0x0000000100000000)
  region size 1024K, 3 young (3072K), 3 survivors (3072K)
 Metaspace       used 67951K, capacity 69861K, committed 69968K, reserved 1110016K
  class space    used 8496K, capacity 9205K, committed 9216K, reserved 1048576K
}
Event: 12.009 GC heap before
{Heap before GC invocations=28 (full 0):
 garbage-first heap   total 115712K, used 94271K [0x00000000a0000000, 0x0000000100000000)
  region size 1024K, 25 young (25600K), 3 survivors (3072K)
 Metaspace       used 68498K, capacity 70468K, committed 70608K, reserved 1110016K
  class space    used 8580K, capacity 9280K, committed 9344K, reserved 1048576K
}
Event: 12.013 GC heap after
{Heap after GC invocations=29 (full 0):
 garbage-first heap   total 115712K, used 72468K [0x00000000a0000000, 0x0000000100000000)
  region size 1024K, 1 young (1024K), 1 survivors (1024K)
 Metaspace       used 68498K, capacity 70468K, committed 70608K, reserved 1110016K
  class space    used 8580K, capacity 9280K, committed 9344K, reserved 1048576K
}
Event: 12.207 GC heap before
{Heap before GC invocations=30 (full 0):
 garbage-first heap   total 115712K, used 96020K [0x00000000a0000000, 0x0000000100000000)
  region size 1024K, 24 young (24576K), 1 survivors (1024K)
 Metaspace       used 69192K, capacity 71178K, committed 71248K, reserved 1112064K
  class space    used 8714K, capacity 9432K, committed 9472K, reserved 1048576K
}
Event: 12.209 GC heap after
{Heap after GC invocations=31 (full 0):
 garbage-first heap   total 115712K, used 73056K [0x00000000a0000000, 0x0000000100000000)
  region size 1024K, 2 young (2048K), 2 survivors (2048K)
 Metaspace       used 69192K, capacity 71178K, committed 71248K, reserved 1112064K
  class space    used 8714K, capacity 9432K, committed 9472K, reserved 1048576K
}
Event: 12.332 GC heap before
{Heap before GC invocations=31 (full 0):
 garbage-first heap   total 115712K, used 96608K [0x00000000a0000000, 0x0000000100000000)
  region size 1024K, 25 young (25600K), 2 survivors (2048K)
 Metaspace       used 69455K, capacity 71411K, committed 71504K, reserved 1112064K
  class space    used 8745K, capacity 9447K, committed 9472K, reserved 1048576K
}
Event: 12.338 GC heap after
{Heap after GC invocations=32 (full 0):
 garbage-first heap   total 115712K, used 74820K [0x00000000a0000000, 0x0000000100000000)
  region size 1024K, 4 young (4096K), 4 survivors (4096K)
 Metaspace       used 69455K, capacity 71411K, committed 71504K, reserved 1112064K
  class space    used 8745K, capacity 9447K, committed 9472K, reserved 1048576K
}
Event: 12.592 GC heap before
{Heap before GC invocations=33 (full 0):
 garbage-first heap   total 115712K, used 97348K [0x00000000a0000000, 0x0000000100000000)
  region size 1024K, 26 young (26624K), 4 survivors (4096K)
 Metaspace       used 70707K, capacity 72772K, committed 73040K, reserved 1112064K
  class space    used 8896K, capacity 9623K, committed 9728K, reserved 1048576K
}
Event: 12.597 GC heap after
{Heap after GC invocations=34 (full 0):
 garbage-first heap   total 115712K, used 76752K [0x00000000a0000000, 0x0000000100000000)
  region size 1024K, 4 young (4096K), 4 survivors (4096K)
 Metaspace       used 70707K, capacity 72772K, committed 73040K, reserved 1112064K
  class space    used 8896K, capacity 9623K, committed 9728K, reserved 1048576K
}
Event: 12.888 GC heap before
{Heap before GC invocations=34 (full 0):
 garbage-first heap   total 115712K, used 97232K [0x00000000a0000000, 0x0000000100000000)
  region size 1024K, 24 young (24576K), 4 survivors (4096K)
 Metaspace       used 72819K, capacity 74885K, committed 75216K, reserved 1114112K
  class space    used 9269K, capacity 9985K, committed 10112K, reserved 1048576K
}
Event: 12.895 GC heap after
{Heap after GC invocations=35 (full 0):
 garbage-first heap   total 139264K, used 77899K [0x00000000a0000000, 0x0000000100000000)
  region size 1024K, 2 young (2048K), 2 survivors (2048K)
 Metaspace       used 72819K, capacity 74885K, committed 75216K, reserved 1114112K
  class space    used 9269K, capacity 9985K, committed 10112K, reserved 1048576K
}
Event: 13.368 GC heap before
{Heap before GC invocations=36 (full 0):
 garbage-first heap   total 139264K, used 109643K [0x00000000a0000000, 0x0000000100000000)
  region size 1024K, 33 young (33792K), 2 survivors (2048K)
 Metaspace       used 75824K, capacity 77886K, committed 77904K, reserved 1116160K
  class space    used 9748K, capacity 10484K, committed 10496K, reserved 1048576K
}
Event: 13.372 GC heap after
{Heap after GC invocations=37 (full 0):
 garbage-first heap   total 139264K, used 79564K [0x00000000a0000000, 0x0000000100000000)
  region size 1024K, 3 young (3072K), 3 survivors (3072K)
 Metaspace       used 75824K, capacity 77886K, committed 77904K, reserved 1116160K
  class space    used 9748K, capacity 10484K, committed 10496K, reserved 1048576K
}
Event: 13.718 GC heap before
{Heap before GC invocations=37 (full 0):
 garbage-first heap   total 139264K, used 112332K [0x00000000a0000000, 0x0000000100000000)
  region size 1024K, 35 young (35840K), 3 survivors (3072K)
 Metaspace       used 76999K, capacity 79158K, committed 79312K, reserved 1118208K
  class space    used 9951K, capacity 10757K, committed 10880K, reserved 1048576K
}
Event: 13.728 GC heap after
{Heap after GC invocations=38 (full 0):
 garbage-first heap   total 139264K, used 82729K [0x00000000a0000000, 0x0000000100000000)
  region size 1024K, 5 young (5120K), 5 survivors (5120K)
 Metaspace       used 76999K, capacity 79158K, committed 79312K, reserved 1118208K
  class space    used 9951K, capacity 10757K, committed 10880K, reserved 1048576K
}
Event: 13.985 GC heap before
{Heap before GC invocations=39 (full 0):
 garbage-first heap   total 139264K, used 113449K [0x00000000a0000000, 0x0000000100000000)
  region size 1024K, 35 young (35840K), 5 survivors (5120K)
 Metaspace       used 77918K, capacity 80120K, committed 80208K, reserved 1118208K
  class space    used 10089K, capacity 10942K, committed 11008K, reserved 1048576K
}
Event: 13.992 GC heap after
{Heap after GC invocations=40 (full 0):
 garbage-first heap   total 139264K, used 85431K [0x00000000a0000000, 0x0000000100000000)
  region size 1024K, 3 young (3072K), 3 survivors (3072K)
 Metaspace       used 77918K, capacity 80120K, committed 80208K, reserved 1118208K
  class space    used 10089K, capacity 10942K, committed 11008K, reserved 1048576K
}
Event: 14.415 GC heap before
{Heap before GC invocations=40 (full 0):
 garbage-first heap   total 139264K, used 112055K [0x00000000a0000000, 0x0000000100000000)
  region size 1024K, 31 young (31744K), 3 survivors (3072K)
 Metaspace       used 79126K, capacity 81582K, committed 81872K, reserved 1120256K
  class space    used 10225K, capacity 11075K, committed 11136K, reserved 1048576K
}

Deoptimization events (20 events):
Event: 14.047 Thread 0x00000196f6a1e000 DEOPT PACKING pc=0x00000196df731185 sp=0x00000086977f52c0
Event: 14.047 Thread 0x00000196f6a1e000 DEOPT UNPACKING pc=0x00000196de00a95e sp=0x00000086977f4808 mode 0
Event: 14.328 Thread 0x00000196f6a1e000 DEOPT PACKING pc=0x00000196dee03f71 sp=0x00000086977f9bc0
Event: 14.328 Thread 0x00000196f6a1e000 DEOPT UNPACKING pc=0x00000196de00a95e sp=0x00000086977f90b8 mode 0
Event: 14.341 Thread 0x00000196f6a1e000 DEOPT PACKING pc=0x00000196dee03f71 sp=0x00000086977f9ac0
Event: 14.341 Thread 0x00000196f6a1e000 DEOPT UNPACKING pc=0x00000196de00a95e sp=0x00000086977f8fb8 mode 0
Event: 14.366 Thread 0x00000196f6a1e000 DEOPT PACKING pc=0x00000196df3f2f24 sp=0x00000086977f8560
Event: 14.366 Thread 0x00000196f6a1e000 DEOPT UNPACKING pc=0x00000196de00a95e sp=0x00000086977f7a80 mode 0
Event: 14.394 Thread 0x00000196f6a1e000 DEOPT PACKING pc=0x00000196df3f2f24 sp=0x00000086977f7df0
Event: 14.394 Thread 0x00000196f6a1e000 DEOPT UNPACKING pc=0x00000196de00a95e sp=0x00000086977f7310 mode 0
Event: 14.400 Thread 0x00000196f6a1e000 DEOPT PACKING pc=0x00000196df3f2f24 sp=0x00000086977f7e20
Event: 14.400 Thread 0x00000196f6a1e000 DEOPT UNPACKING pc=0x00000196de00a95e sp=0x00000086977f7340 mode 0
Event: 14.401 Thread 0x00000196f6a1e000 DEOPT PACKING pc=0x00000196df73101e sp=0x00000086977f7f20
Event: 14.401 Thread 0x00000196f6a1e000 DEOPT UNPACKING pc=0x00000196de00a95e sp=0x00000086977f7468 mode 0
Event: 14.402 Thread 0x00000196f6a1e000 DEOPT PACKING pc=0x00000196df3f2f24 sp=0x00000086977f7e20
Event: 14.402 Thread 0x00000196f6a1e000 DEOPT UNPACKING pc=0x00000196de00a95e sp=0x00000086977f7340 mode 0
Event: 14.405 Thread 0x00000196f6a1e000 DEOPT PACKING pc=0x00000196df3f2f24 sp=0x00000086977f7e20
Event: 14.405 Thread 0x00000196f6a1e000 DEOPT UNPACKING pc=0x00000196de00a95e sp=0x00000086977f7340 mode 0
Event: 14.405 Thread 0x00000196f6a1e000 DEOPT PACKING pc=0x00000196df731085 sp=0x00000086977f7f20
Event: 14.405 Thread 0x00000196f6a1e000 DEOPT UNPACKING pc=0x00000196de00a95e sp=0x00000086977f7468 mode 0

Classes redefined (0 events):
No events

Internal exceptions (20 events):
Event: 13.935 Thread 0x00000196f6a1e000 Exception <a 'java/lang/ClassNotFoundException'{0x00000000a6fbbfa8}: com/google/android/gms/dependencies/DependencyInspectorBeanInfo> (0x00000000a6fbbfa8) thrown at [./src/hotspot/share/classfile/systemDictionary.cpp, line 231]
Event: 13.936 Thread 0x00000196f6a1e000 Exception <a 'java/lang/ClassNotFoundException'{0x00000000a6fdb950}: com/google/android/gms/dependencies/DependencyInspectorCustomizer> (0x00000000a6fdb950) thrown at [./src/hotspot/share/classfile/systemDictionary.cpp, line 231]
Event: 13.942 Thread 0x00000196f6a1e000 Exception <a 'java/lang/ClassNotFoundException'{0x00000000a6ea6598}: org/gradle/api/internal/artifacts/configurations/DefaultConfiguration$ConfigurationResolvableDependencies_DecoratedBeanInfo> (0x00000000a6ea6598) thrown at [./src/hotspot/share/classfile/systemDictionary.cpp, line 231]
Event: 13.943 Thread 0x00000196f6a1e000 Exception <a 'java/lang/ClassNotFoundException'{0x00000000a6d06008}: org/gradle/api/internal/artifacts/configurations/DefaultConfiguration$ConfigurationResolvableDependenciesBeanInfo> (0x00000000a6d06008) thrown at [./src/hotspot/share/classfile/systemDictionary.cpp, line 231]
Event: 13.944 Thread 0x00000196f6a1e000 Exception <a 'java/lang/ClassNotFoundException'{0x00000000a6d68380}: org/gradle/api/internal/artifacts/configurations/DefaultConfiguration$ConfigurationResolvableDependenciesCustomizer> (0x00000000a6d68380) thrown at [./src/hotspot/share/classfile/systemDictionary.cpp, line 231]
Event: 13.945 Thread 0x00000196f6a1e000 Exception <a 'java/lang/ClassNotFoundException'{0x00000000a6ddd838}: org/gradle/api/internal/artifacts/configurations/DefaultConfiguration$ConfigurationResolvableDependencies_DecoratedCustomizer> (0x00000000a6ddd838) thrown at [./src/hotspot/share/classfile/systemDictionary.cpp, line 231]
Event: 14.020 Thread 0x00000196f6a1e000 Exception <a 'java/lang/ClassNotFoundException'{0x00000000a86ea3f0}: java/lang/IntegerBeanInfo> (0x00000000a86ea3f0) thrown at [./src/hotspot/share/classfile/systemDictionary.cpp, line 231]
Event: 14.021 Thread 0x00000196f6a1e000 Exception <a 'java/lang/ClassNotFoundException'{0x00000000a86f92f8}: java/lang/NumberBeanInfo> (0x00000000a86f92f8) thrown at [./src/hotspot/share/classfile/systemDictionary.cpp, line 231]
Event: 14.021 Thread 0x00000196f6a1e000 Exception <a 'java/lang/ClassNotFoundException'{0x00000000a8508ed8}: java/lang/NumberCustomizer> (0x00000000a8508ed8) thrown at [./src/hotspot/share/classfile/systemDictionary.cpp, line 231]
Event: 14.022 Thread 0x00000196f6a1e000 Exception <a 'java/lang/ClassNotFoundException'{0x00000000a851b048}: java/lang/IntegerCustomizer> (0x00000000a851b048) thrown at [./src/hotspot/share/classfile/systemDictionary.cpp, line 231]
Event: 14.037 Thread 0x00000196f6a1e000 Exception <a 'java/lang/ClassNotFoundException'{0x00000000a85de068}: java/util/concurrent/ConcurrentHashMap$MapEntryBeanInfo> (0x00000000a85de068) thrown at [./src/hotspot/share/classfile/systemDictionary.cpp, line 231]
Event: 14.037 Thread 0x00000196f6a1e000 Exception <a 'java/lang/ClassNotFoundException'{0x00000000a85f01f8}: java/util/concurrent/ConcurrentHashMap$MapEntryCustomizer> (0x00000000a85f01f8) thrown at [./src/hotspot/share/classfile/systemDictionary.cpp, line 231]
Event: 14.058 Thread 0x00000196f6a1e000 Exception <a 'java/lang/ClassNotFoundException'{0x00000000a8392e40}: org/gradle/api/tasks/Delete_DecoratedBeanInfo> (0x00000000a8392e40) thrown at [./src/hotspot/share/classfile/systemDictionary.cpp, line 231]
Event: 14.059 Thread 0x00000196f6a1e000 Exception <a 'java/lang/ClassNotFoundException'{0x00000000a83bedd8}: org/gradle/api/tasks/DeleteBeanInfo> (0x00000000a83bedd8) thrown at [./src/hotspot/share/classfile/systemDictionary.cpp, line 231]
Event: 14.060 Thread 0x00000196f6a1e000 Exception <a 'java/lang/ClassNotFoundException'{0x00000000a83ea418}: org/gradle/api/tasks/DeleteCustomizer> (0x00000000a83ea418) thrown at [./src/hotspot/share/classfile/systemDictionary.cpp, line 231]
Event: 14.061 Thread 0x00000196f6a1e000 Exception <a 'java/lang/ClassNotFoundException'{0x00000000a822d548}: org/gradle/api/tasks/Delete_DecoratedCustomizer> (0x00000000a822d548) thrown at [./src/hotspot/share/classfile/systemDictionary.cpp, line 231]
Event: 14.075 Thread 0x00000196f6a1e000 Exception <a 'java/lang/ClassNotFoundException'{0x00000000a810e0e0}: build_8le6lrfw0jxb49ofxz8t113ucBeanInfo> (0x00000000a810e0e0) thrown at [./src/hotspot/share/classfile/systemDictionary.cpp, line 231]
Event: 14.075 Thread 0x00000196f6a1e000 Exception <a 'java/lang/ClassNotFoundException'{0x00000000a8119a40}: build_8le6lrfw0jxb49ofxz8t113ucCustomizer> (0x00000000a8119a40) thrown at [./src/hotspot/share/classfile/systemDictionary.cpp, line 231]
Event: 14.345 Thread 0x00000196f6a1e000 Exception <a 'java/lang/ClassNotFoundException'{0x00000000a7398130}: build_8le6lrfw0jxb49ofxz8t113ucBeanInfo> (0x00000000a7398130) thrown at [./src/hotspot/share/classfile/systemDictionary.cpp, line 231]
Event: 14.345 Thread 0x00000196f6a1e000 Exception <a 'java/lang/ClassNotFoundException'{0x00000000a73a41c0}: build_8le6lrfw0jxb49ofxz8t113ucCustomizer> (0x00000000a73a41c0) thrown at [./src/hotspot/share/classfile/systemDictionary.cpp, line 231]

Events (20 events):
Event: 14.390 loading class com/android/build/gradle/BaseExtension done
Event: 14.391 loading class com/android/build/gradle/BaseExtension
Event: 14.391 loading class com/android/build/gradle/BaseExtension done
Event: 14.391 loading class com/android/build/gradle/BaseExtension
Event: 14.391 loading class com/android/build/gradle/BaseExtension done
Event: 14.391 loading class org/gradle/api/provider/Provider
Event: 14.391 loading class org/gradle/api/provider/Provider done
Event: 14.391 loading class org/gradle/api/provider/Provider
Event: 14.391 loading class org/gradle/api/provider/Provider done
Event: 14.391 loading class com/android/build/gradle/internal/tasks/factory/BootClasspathConfig
Event: 14.391 loading class com/android/build/gradle/internal/tasks/factory/BootClasspathConfig done
Event: 14.406 loading class com/android/build/gradle/FeatureExtension
Event: 14.406 loading class com/android/build/gradle/FeatureExtension done
Event: 14.410 loading class groovy/runtime/metaclass/build_8le6lrfw0jxb49ofxz8t113uc$_run_closure2MetaClass
Event: 14.410 loading class groovy/runtime/metaclass/build_8le6lrfw0jxb49ofxz8t113uc$_run_closure2MetaClass done
Event: 14.411 loading class groovy/runtime/metaclass/com/android/build/gradle/LibraryExtension_DecoratedMetaClass
Event: 14.411 loading class groovy/runtime/metaclass/com/android/build/gradle/LibraryExtension_DecoratedMetaClass done
Event: 14.413 loading class com/android/build/gradle/LibraryExtension_DecoratedBeanInfo
Event: 14.413 loading class com/android/build/gradle/LibraryExtension_DecoratedBeanInfo done
Event: 14.414 Executing VM operation: G1CollectForAllocation


Dynamic libraries:
0x00007ff736f60000 - 0x00007ff736f6a000 	C:\Program Files\Android\Android Studio\jre\bin\java.exe
0x00007fff33f30000 - 0x00007fff34147000 	C:\WINDOWS\SYSTEM32\ntdll.dll
0x00007fff32c50000 - 0x00007fff32d14000 	C:\WINDOWS\System32\KERNEL32.DLL
0x00007fff314f0000 - 0x00007fff31896000 	C:\WINDOWS\System32\KERNELBASE.dll
0x00007fff31350000 - 0x00007fff31461000 	C:\WINDOWS\System32\ucrtbase.dll
0x00007ffef60c0000 - 0x00007ffef60d9000 	C:\Program Files\Android\Android Studio\jre\bin\jli.dll
0x00007ffef60a0000 - 0x00007ffef60b7000 	C:\Program Files\Android\Android Studio\jre\bin\VCRUNTIME140.dll
0x00007fff33180000 - 0x00007fff3332e000 	C:\WINDOWS\System32\USER32.dll
0x00007fff318a0000 - 0x00007fff318c6000 	C:\WINDOWS\System32\win32u.dll
0x00007fff31db0000 - 0x00007fff31dd9000 	C:\WINDOWS\System32\GDI32.dll
0x00007fff31b00000 - 0x00007fff31c18000 	C:\WINDOWS\System32\gdi32full.dll
0x00007fff312b0000 - 0x00007fff3134a000 	C:\WINDOWS\System32\msvcp_win.dll
0x00007fff17e70000 - 0x00007fff18103000 	C:\WINDOWS\WinSxS\amd64_microsoft.windows.common-controls_6595b64144ccf1df_6.0.22621.2361_none_2712ced57382f843\COMCTL32.dll
0x00007fff32d20000 - 0x00007fff32dc7000 	C:\WINDOWS\System32\msvcrt.dll
0x00007fff33e90000 - 0x00007fff33ec1000 	C:\WINDOWS\System32\IMM32.DLL
0x00007ffef6000000 - 0x00007ffef609d000 	C:\Program Files\Android\Android Studio\jre\bin\msvcp140.dll
0x00007ffee79a0000 - 0x00007ffee84a2000 	C:\Program Files\Android\Android Studio\jre\bin\server\jvm.dll
0x00007fff31de0000 - 0x00007fff31e90000 	C:\WINDOWS\System32\ADVAPI32.dll
0x00007fff31e90000 - 0x00007fff31f36000 	C:\WINDOWS\System32\sechost.dll
0x00007fff32a30000 - 0x00007fff32b47000 	C:\WINDOWS\System32\RPCRT4.dll
0x00007fff33af0000 - 0x00007fff33af8000 	C:\WINDOWS\System32\PSAPI.DLL
0x00007fff2b340000 - 0x00007fff2b349000 	C:\WINDOWS\SYSTEM32\WSOCK32.dll
0x00007fff32b50000 - 0x00007fff32bc1000 	C:\WINDOWS\System32\WS2_32.dll
0x00007fff29590000 - 0x00007fff2959a000 	C:\WINDOWS\SYSTEM32\VERSION.dll
0x00007fff2ac20000 - 0x00007fff2ac54000 	C:\WINDOWS\SYSTEM32\WINMM.dll
0x00007fff30290000 - 0x00007fff302a8000 	C:\WINDOWS\SYSTEM32\kernel.appcore.dll
0x00007fff1ed10000 - 0x00007fff1ed21000 	C:\Program Files\Android\Android Studio\jre\bin\verify.dll
0x00007fff2ed20000 - 0x00007fff2ef4e000 	C:\WINDOWS\SYSTEM32\DBGHELP.DLL
0x00007fff33b00000 - 0x00007fff33e8a000 	C:\WINDOWS\System32\combase.dll
0x00007fff32dd0000 - 0x00007fff32ea7000 	C:\WINDOWS\System32\OLEAUT32.dll
0x00007fff13ad0000 - 0x00007fff13b02000 	C:\WINDOWS\SYSTEM32\dbgcore.DLL
0x00007fff31470000 - 0x00007fff314ea000 	C:\WINDOWS\System32\bcryptPrimitives.dll
0x00007fff01170000 - 0x00007fff01199000 	C:\Program Files\Android\Android Studio\jre\bin\java.dll
0x00007fff248a0000 - 0x00007fff248ab000 	C:\Program Files\Android\Android Studio\jre\bin\jimage.dll
0x00007fff15620000 - 0x00007fff15638000 	C:\Program Files\Android\Android Studio\jre\bin\zip.dll
0x00007fff31fb0000 - 0x00007fff32808000 	C:\WINDOWS\System32\SHELL32.dll
0x00007fff2f210000 - 0x00007fff2fb02000 	C:\WINDOWS\SYSTEM32\windows.storage.dll
0x00007fff2f0d0000 - 0x00007fff2f20e000 	C:\WINDOWS\SYSTEM32\wintypes.dll
0x00007fff339e0000 - 0x00007fff33ad3000 	C:\WINDOWS\System32\SHCORE.dll
0x00007fff32820000 - 0x00007fff3287e000 	C:\WINDOWS\System32\shlwapi.dll
0x00007fff311e0000 - 0x00007fff31206000 	C:\WINDOWS\SYSTEM32\profapi.dll
0x00007fff0dc00000 - 0x00007fff0dc1a000 	C:\Program Files\Android\Android Studio\jre\bin\net.dll
0x00007fff2a5d0000 - 0x00007fff2a707000 	C:\WINDOWS\SYSTEM32\WINHTTP.dll
0x00007fff30770000 - 0x00007fff307d9000 	C:\WINDOWS\system32\mswsock.dll
0x00007fff01150000 - 0x00007fff01164000 	C:\Program Files\Android\Android Studio\jre\bin\nio.dll
0x00007fff020e0000 - 0x00007fff02107000 	C:\Users\PC\.gradle\native\e1d6ef7f7dcc3fd88c89a11ec53ec762bb8ba0a96d01ffa2cd45eb1d1d8dd5c5\windows-amd64\native-platform.dll
0x00007ffee6b80000 - 0x00007ffee6cc4000 	C:\Users\PC\.gradle\native\0d407fdbe67a94daf76414ababcb853783967236a71b16ec16e742cd7a986fd3\windows-amd64\native-platform-file-events.dll
0x00007fff24840000 - 0x00007fff2484a000 	C:\Program Files\Android\Android Studio\jre\bin\management.dll
0x00007fff1ed00000 - 0x00007fff1ed0d000 	C:\Program Files\Android\Android Studio\jre\bin\management_ext.dll
0x00007fff309c0000 - 0x00007fff309db000 	C:\WINDOWS\SYSTEM32\CRYPTSP.dll
0x00007fff30250000 - 0x00007fff30285000 	C:\WINDOWS\system32\rsaenh.dll
0x00007fff30860000 - 0x00007fff3088c000 	C:\WINDOWS\SYSTEM32\USERENV.dll
0x00007fff30b80000 - 0x00007fff30ba8000 	C:\WINDOWS\SYSTEM32\bcrypt.dll
0x00007fff309e0000 - 0x00007fff309ec000 	C:\WINDOWS\SYSTEM32\CRYPTBASE.dll
0x00007fff2fd70000 - 0x00007fff2fd9d000 	C:\WINDOWS\SYSTEM32\IPHLPAPI.DLL
0x00007fff328d0000 - 0x00007fff328d9000 	C:\WINDOWS\System32\NSI.dll
0x00007fff2ac00000 - 0x00007fff2ac19000 	C:\WINDOWS\SYSTEM32\dhcpcsvc6.DLL
0x00007fff2abe0000 - 0x00007fff2abff000 	C:\WINDOWS\SYSTEM32\dhcpcsvc.DLL
0x00007fff2fde0000 - 0x00007fff2fed9000 	C:\WINDOWS\SYSTEM32\DNSAPI.dll

dbghelp: loaded successfully - version: 4.0.5 - missing functions: none
symbol engine: initialized successfully - sym options: 0x614 - pdb path: .;C:\Program Files\Android\Android Studio\jre\bin;C:\WINDOWS\SYSTEM32;C:\WINDOWS\WinSxS\amd64_microsoft.windows.common-controls_6595b64144ccf1df_6.0.22621.2361_none_2712ced57382f843;C:\Program Files\Android\Android Studio\jre\bin\server;C:\Users\PC\.gradle\native\e1d6ef7f7dcc3fd88c89a11ec53ec762bb8ba0a96d01ffa2cd45eb1d1d8dd5c5\windows-amd64;C:\Users\PC\.gradle\native\0d407fdbe67a94daf76414ababcb853783967236a71b16ec16e742cd7a986fd3\windows-amd64

VM Arguments:
jvm_args: --add-opens=java.base/java.util=ALL-UNNAMED --add-opens=java.base/java.lang=ALL-UNNAMED --add-opens=java.base/java.lang.invoke=ALL-UNNAMED --add-opens=java.base/java.util=ALL-UNNAMED --add-opens=java.prefs/java.util.prefs=ALL-UNNAMED --add-opens=java.prefs/java.util.prefs=ALL-UNNAMED --add-opens=java.base/java.nio.charset=ALL-UNNAMED --add-opens=java.base/java.net=ALL-UNNAMED --add-opens=java.base/java.util.concurrent.atomic=ALL-UNNAMED -Xmx1536M -Dfile.encoding=windows-1252 -Duser.country=US -Duser.language=en -Duser.variant 
java_command: org.gradle.launcher.daemon.bootstrap.GradleDaemon 7.4
java_class_path (initial): C:\Users\PC\.gradle\wrapper\dists\gradle-7.4-all\aadb4xli5jkdsnukm30eibyiu\gradle-7.4\lib\gradle-launcher-7.4.jar
Launcher Type: SUN_STANDARD

[Global flags]
     intx CICompilerCount                          = 4                                         {product} {ergonomic}
     uint ConcGCThreads                            = 3                                         {product} {ergonomic}
     uint G1ConcRefinementThreads                  = 10                                        {product} {ergonomic}
   size_t G1HeapRegionSize                         = 1048576                                   {product} {ergonomic}
    uintx GCDrainStackTargetSize                   = 64                                        {product} {ergonomic}
   size_t InitialHeapSize                          = 98566144                                  {product} {ergonomic}
   size_t MarkStackSize                            = 4194304                                   {product} {ergonomic}
   size_t MaxHeapSize                              = 1610612736                                {product} {command line}
   size_t MaxNewSize                               = 965738496                                 {product} {ergonomic}
   size_t MinHeapDeltaBytes                        = 1048576                                   {product} {ergonomic}
    uintx NonNMethodCodeHeapSize                   = 5836300                                {pd product} {ergonomic}
    uintx NonProfiledCodeHeapSize                  = 122910970                              {pd product} {ergonomic}
    uintx ProfiledCodeHeapSize                     = 122910970                              {pd product} {ergonomic}
    uintx ReservedCodeCacheSize                    = 251658240                              {pd product} {ergonomic}
     bool SegmentedCodeCache                       = true                                      {product} {ergonomic}
     bool UseCompressedClassPointers               = true                                 {lp64_product} {ergonomic}
     bool UseCompressedOops                        = true                                 {lp64_product} {ergonomic}
     bool UseG1GC                                  = true                                      {product} {ergonomic}
     bool UseLargePagesIndividualAllocation        = false                                  {pd product} {ergonomic}

Logging:
Log output configuration:
 #0: stdout all=warning uptime,level,tags
 #1: stderr all=off uptime,level,tags

Environment Variables:
JAVA_HOME=C:\Program Files\Android\Android Studio\jre
CLASSPATH=C:\UdayFlutterProject\flutter_tawk-main\Demo_VLE\android\\gradle\wrapper\gradle-wrapper.jar
PATH=C:\Windows\system32;C:\Windows;C:\Windows\System32\Wbem;C:\Windows\System32\WindowsPowerShell\v1.0\;C:\Windows\System32\OpenSSH\;C:\Program Files (x86)\NVIDIA Corporation\PhysX\Common;C:\Program Files\PuTTY\;C:\ProgramData\chocolatey\bin;C:\Users\PC\AppData\Roaming\nvm;C:\Program Files\nodejs;C:\Program Files\NVIDIA Corporation\NVIDIA NvDLISR;C:\Program Files\Git\cmd;C:\Users\PC\Documents\Harshna\flutter_windows_3.7.0-stable\flutter\bin;C:\WINDOWS\system32;C:\WINDOWS;C:\WINDOWS\System32\Wbem;C:\WINDOWS\System32\WindowsPowerShell\v1.0\;C:\WINDOWS\System32\OpenSSH\;C:\Users\PC\AppData\Local\Android\Sdk\platform-tools;C:\Users\PC\AppData\Local\Programs\Python\Python310\Scripts\;C:\Users\PC\AppData\Local\Programs\Python\Python310\;C:\Python27;C:\Users\PC\AppData\Roaming\nvm;C:\Program Files\nodejs;C:\Users\PC\AppData\Local\Programs\Microsoft VS Code\bin;C:\Users\PC\Documents\Harshna\flutter_windows_3.7.0-stable\flutter\bin;C:\Users\PC\AppData\Local\Microsoft\WindowsApps;C:\Users\PC\AppData\Local\GitHubDesktop\bin;C:\Program Files\Java\jdk-19\bin;C:\Users\PC\AppData\Local\Android\Sdk\platform-tools;;C:\Users\PC\Documents\Harshna\flutter_windows_3.7.0-stable\flutter\bin\mingit\cmd
USERNAME=PC
OS=Windows_NT
PROCESSOR_IDENTIFIER=AMD64 Family 25 Model 80 Stepping 0, AuthenticAMD



---------------  S Y S T E M  ---------------

OS: Windows 11 , 64 bit Build 22621 (10.0.22621.2361)
OS uptime: 11 days 4:56 hours

CPU:total 12 (initial active 12) (12 cores per cpu, 2 threads per core) family 25 model 80 stepping 0 microcode 0x0, cmov, cx8, fxsr, mmx, sse, sse2, sse3, ssse3, sse4.1, sse4.2, popcnt, avx, avx2, aes, clmul, erms, mmxext, 3dnowpref, lzcnt, sse4a, ht, tsc, tscinvbit, tscinv, bmi1, bmi2, adx, sha, fma

Memory: 4k page, system-wide physical 5996M (812M free)
TotalPageFile size 24428M (AvailPageFile size 15M)
current process WorkingSet (physical memory assigned to process): 403M, peak: 405M
current process commit charge ("private bytes"): 446M, peak: 476M

vm_info: OpenJDK 64-Bit Server VM (11.0.13+0-b1751.21-8125866) for windows-amd64 JRE (11.0.13+0-b1751.21-8125866), built on Feb  2 2022 03:00:22 by "builder" with MS VC++ 14.0 (VS2015)

END.
